/home/kalyazin.nikolay/project_diff/Dist_VMamba/VMamba/classification/models/csms6s.py:74: FutureWarning: `torch.cuda.amp.custom_fwd(args...)` is deprecated. Please use `torch.amp.custom_fwd(args..., device_type='cuda')` instead.
  def forward(ctx, u, delta, A, B, C, D=None, delta_bias=None, delta_softplus=False, oflex=True, backend=None):
/home/kalyazin.nikolay/project_diff/Dist_VMamba/VMamba/classification/models/csms6s.py:91: FutureWarning: `torch.cuda.amp.custom_bwd(args...)` is deprecated. Please use `torch.amp.custom_bwd(args..., device_type='cuda')` instead.
  def backward(ctx, dout, *args):
/home/kalyazin.nikolay/project_diff/Dist_VMamba/VMamba/classification/models/mamba2/ssd_combined.py:764: FutureWarning: `torch.cuda.amp.custom_fwd(args...)` is deprecated. Please use `torch.amp.custom_fwd(args..., device_type='cuda')` instead.
  def forward(ctx, zxbcdt, conv1d_weight, conv1d_bias, dt_bias, A, D, chunk_size, initial_states=None, seq_idx=None, dt_limit=(0.0, float("inf")), return_final_states=False, activation="silu",
/home/kalyazin.nikolay/project_diff/Dist_VMamba/VMamba/classification/models/mamba2/ssd_combined.py:842: FutureWarning: `torch.cuda.amp.custom_bwd(args...)` is deprecated. Please use `torch.amp.custom_bwd(args..., device_type='cuda')` instead.
  def backward(ctx, dout, *args):
Parallel mode: pipeline
World size: 1 | Rank: 0 | Device: cuda:0
/home/kalyazin.nikolay/project_diff/Dist_VMamba/VMamba/classification/cifar100_dist_train.py:996: FutureWarning: `torch.cuda.amp.GradScaler(args...)` is deprecated. Please use `torch.amp.GradScaler('cuda', args...)` instead.
  scaler = torch.cuda.amp.GradScaler(enabled=amp_enabled)
TensorBoard logging enabled: /home/kalyazin.nikolay/project_diff/Dist_VMamba/VMamba/output/cifar100_vmamba_grid/pipeline_gpu4_20260405_130145/pipeline_g4_bs512_e50/tensorboard
/home/kalyazin.nikolay/project_diff/Dist_VMamba/VMamba/classification/cifar100_dist_train.py:698: FutureWarning: `torch.cuda.amp.autocast(args...)` is deprecated. Please use `torch.amp.autocast('cuda', args...)` instead.
  with torch.cuda.amp.autocast(enabled=amp_enabled):
/home/kalyazin.nikolay/project_diff/Dist_VMamba/VMamba/classification/cifar100_dist_train.py:698: FutureWarning: `torch.cuda.amp.autocast(args...)` is deprecated. Please use `torch.amp.autocast('cuda', args...)` instead.
  with torch.cuda.amp.autocast(enabled=amp_enabled):
  step 50/97  loss=4.4126  acc@1=4.07%
/home/kalyazin.nikolay/project_diff/Dist_VMamba/VMamba/classification/cifar100_dist_train.py:759: FutureWarning: `torch.cuda.amp.autocast(args...)` is deprecated. Please use `torch.amp.autocast('cuda', args...)` instead.
  with torch.cuda.amp.autocast(enabled=amp_enabled):
Epoch [1/50] train_loss=4.2584 train_acc=6.28% val_loss=4.0058 val_acc=9.80% best=9.80% time=41.3s | throughput=1203.51 samples/s | stat_eff=0.000012 loss/sample | goodput=1006.83 samples/s | cum_wall=0.01h
/home/kalyazin.nikolay/project_diff/Dist_VMamba/VMamba/classification/cifar100_dist_train.py:698: FutureWarning: `torch.cuda.amp.autocast(args...)` is deprecated. Please use `torch.amp.autocast('cuda', args...)` instead.
  with torch.cuda.amp.autocast(enabled=amp_enabled):
  step 50/97  loss=3.8936  acc@1=12.07%
/home/kalyazin.nikolay/project_diff/Dist_VMamba/VMamba/classification/cifar100_dist_train.py:759: FutureWarning: `torch.cuda.amp.autocast(args...)` is deprecated. Please use `torch.amp.autocast('cuda', args...)` instead.
  with torch.cuda.amp.autocast(enabled=amp_enabled):
Epoch [2/50] train_loss=3.8268 train_acc=13.51% val_loss=3.6761 val_acc=17.49% best=17.49% time=32.1s | throughput=1546.24 samples/s | stat_eff=0.000005 loss/sample | goodput=1401.27 samples/s | cum_wall=0.02h
/home/kalyazin.nikolay/project_diff/Dist_VMamba/VMamba/classification/cifar100_dist_train.py:698: FutureWarning: `torch.cuda.amp.autocast(args...)` is deprecated. Please use `torch.amp.autocast('cuda', args...)` instead.
  with torch.cuda.amp.autocast(enabled=amp_enabled):
  step 50/97  loss=3.5896  acc@1=18.88%
/home/kalyazin.nikolay/project_diff/Dist_VMamba/VMamba/classification/cifar100_dist_train.py:759: FutureWarning: `torch.cuda.amp.autocast(args...)` is deprecated. Please use `torch.amp.autocast('cuda', args...)` instead.
  with torch.cuda.amp.autocast(enabled=amp_enabled):
Epoch [3/50] train_loss=3.5284 train_acc=20.38% val_loss=3.4198 val_acc=23.74% best=23.74% time=32.1s | throughput=1545.90 samples/s | stat_eff=0.000006 loss/sample | goodput=1401.31 samples/s | cum_wall=0.03h
/home/kalyazin.nikolay/project_diff/Dist_VMamba/VMamba/classification/cifar100_dist_train.py:698: FutureWarning: `torch.cuda.amp.autocast(args...)` is deprecated. Please use `torch.amp.autocast('cuda', args...)` instead.
  with torch.cuda.amp.autocast(enabled=amp_enabled):
  step 50/97  loss=3.3251  acc@1=25.20%
/home/kalyazin.nikolay/project_diff/Dist_VMamba/VMamba/classification/cifar100_dist_train.py:759: FutureWarning: `torch.cuda.amp.autocast(args...)` is deprecated. Please use `torch.amp.autocast('cuda', args...)` instead.
  with torch.cuda.amp.autocast(enabled=amp_enabled):
Epoch [4/50] train_loss=3.2667 train_acc=26.68% val_loss=3.1052 val_acc=31.30% best=31.30% time=32.2s | throughput=1543.59 samples/s | stat_eff=0.000007 loss/sample | goodput=1398.60 samples/s | cum_wall=0.04h
/home/kalyazin.nikolay/project_diff/Dist_VMamba/VMamba/classification/cifar100_dist_train.py:698: FutureWarning: `torch.cuda.amp.autocast(args...)` is deprecated. Please use `torch.amp.autocast('cuda', args...)` instead.
  with torch.cuda.amp.autocast(enabled=amp_enabled):
  step 50/97  loss=3.0801  acc@1=31.36%
/home/kalyazin.nikolay/project_diff/Dist_VMamba/VMamba/classification/cifar100_dist_train.py:759: FutureWarning: `torch.cuda.amp.autocast(args...)` is deprecated. Please use `torch.amp.autocast('cuda', args...)` instead.
  with torch.cuda.amp.autocast(enabled=amp_enabled):
Epoch [5/50] train_loss=3.0424 train_acc=32.33% val_loss=2.9124 val_acc=36.65% best=36.65% time=32.2s | throughput=1542.44 samples/s | stat_eff=0.000005 loss/sample | goodput=1396.37 samples/s | cum_wall=0.05h
/home/kalyazin.nikolay/project_diff/Dist_VMamba/VMamba/classification/cifar100_dist_train.py:698: FutureWarning: `torch.cuda.amp.autocast(args...)` is deprecated. Please use `torch.amp.autocast('cuda', args...)` instead.
  with torch.cuda.amp.autocast(enabled=amp_enabled):
  step 50/97  loss=2.8479  acc@1=36.85%
/home/kalyazin.nikolay/project_diff/Dist_VMamba/VMamba/classification/cifar100_dist_train.py:759: FutureWarning: `torch.cuda.amp.autocast(args...)` is deprecated. Please use `torch.amp.autocast('cuda', args...)` instead.
  with torch.cuda.amp.autocast(enabled=amp_enabled):
Epoch [6/50] train_loss=2.8299 train_acc=37.52% val_loss=2.7232 val_acc=40.78% best=40.78% time=32.2s | throughput=1543.88 samples/s | stat_eff=0.000002 loss/sample | goodput=1399.55 samples/s | cum_wall=0.06h
/home/kalyazin.nikolay/project_diff/Dist_VMamba/VMamba/classification/cifar100_dist_train.py:698: FutureWarning: `torch.cuda.amp.autocast(args...)` is deprecated. Please use `torch.amp.autocast('cuda', args...)` instead.
  with torch.cuda.amp.autocast(enabled=amp_enabled):
  step 50/97  loss=2.6824  acc@1=41.66%
/home/kalyazin.nikolay/project_diff/Dist_VMamba/VMamba/classification/cifar100_dist_train.py:759: FutureWarning: `torch.cuda.amp.autocast(args...)` is deprecated. Please use `torch.amp.autocast('cuda', args...)` instead.
  with torch.cuda.amp.autocast(enabled=amp_enabled):
Epoch [7/50] train_loss=2.6576 train_acc=42.45% val_loss=2.5959 val_acc=43.99% best=43.99% time=32.2s | throughput=1543.62 samples/s | stat_eff=0.000003 loss/sample | goodput=1398.76 samples/s | cum_wall=0.07h
/home/kalyazin.nikolay/project_diff/Dist_VMamba/VMamba/classification/cifar100_dist_train.py:698: FutureWarning: `torch.cuda.amp.autocast(args...)` is deprecated. Please use `torch.amp.autocast('cuda', args...)` instead.
  with torch.cuda.amp.autocast(enabled=amp_enabled):
  step 50/97  loss=2.4945  acc@1=46.57%
/home/kalyazin.nikolay/project_diff/Dist_VMamba/VMamba/classification/cifar100_dist_train.py:759: FutureWarning: `torch.cuda.amp.autocast(args...)` is deprecated. Please use `torch.amp.autocast('cuda', args...)` instead.
  with torch.cuda.amp.autocast(enabled=amp_enabled):
Epoch [8/50] train_loss=2.4914 train_acc=46.79% val_loss=2.5169 val_acc=46.23% best=46.23% time=32.2s | throughput=1543.55 samples/s | stat_eff=0.000001 loss/sample | goodput=1398.46 samples/s | cum_wall=0.07h
/home/kalyazin.nikolay/project_diff/Dist_VMamba/VMamba/classification/cifar100_dist_train.py:698: FutureWarning: `torch.cuda.amp.autocast(args...)` is deprecated. Please use `torch.amp.autocast('cuda', args...)` instead.
  with torch.cuda.amp.autocast(enabled=amp_enabled):
  step 50/97  loss=2.3516  acc@1=50.70%
/home/kalyazin.nikolay/project_diff/Dist_VMamba/VMamba/classification/cifar100_dist_train.py:759: FutureWarning: `torch.cuda.amp.autocast(args...)` is deprecated. Please use `torch.amp.autocast('cuda', args...)` instead.
  with torch.cuda.amp.autocast(enabled=amp_enabled):
Epoch [9/50] train_loss=2.3461 train_acc=50.74% val_loss=2.3726 val_acc=50.36% best=50.36% time=32.2s | throughput=1544.26 samples/s | stat_eff=0.000003 loss/sample | goodput=1399.39 samples/s | cum_wall=0.08h
/home/kalyazin.nikolay/project_diff/Dist_VMamba/VMamba/classification/cifar100_dist_train.py:698: FutureWarning: `torch.cuda.amp.autocast(args...)` is deprecated. Please use `torch.amp.autocast('cuda', args...)` instead.
  with torch.cuda.amp.autocast(enabled=amp_enabled):
  step 50/97  loss=2.2264  acc@1=54.59%
/home/kalyazin.nikolay/project_diff/Dist_VMamba/VMamba/classification/cifar100_dist_train.py:759: FutureWarning: `torch.cuda.amp.autocast(args...)` is deprecated. Please use `torch.amp.autocast('cuda', args...)` instead.
  with torch.cuda.amp.autocast(enabled=amp_enabled):
Epoch [10/50] train_loss=2.2308 train_acc=54.27% val_loss=2.3104 val_acc=51.87% best=51.87% time=32.3s | throughput=1538.67 samples/s | stat_eff=-0.000001 loss/sample | goodput=1392.10 samples/s | cum_wall=0.09h
Saved checkpoint: /home/kalyazin.nikolay/project_diff/Dist_VMamba/VMamba/output/cifar100_vmamba_grid/pipeline_gpu4_20260405_130145/pipeline_g4_bs512_e50/ckpt_epoch_010.pth
/home/kalyazin.nikolay/project_diff/Dist_VMamba/VMamba/classification/cifar100_dist_train.py:698: FutureWarning: `torch.cuda.amp.autocast(args...)` is deprecated. Please use `torch.amp.autocast('cuda', args...)` instead.
  with torch.cuda.amp.autocast(enabled=amp_enabled):
  step 50/97  loss=2.1061  acc@1=58.08%
/home/kalyazin.nikolay/project_diff/Dist_VMamba/VMamba/classification/cifar100_dist_train.py:759: FutureWarning: `torch.cuda.amp.autocast(args...)` is deprecated. Please use `torch.amp.autocast('cuda', args...)` instead.
  with torch.cuda.amp.autocast(enabled=amp_enabled):
Epoch [11/50] train_loss=2.1177 train_acc=57.57% val_loss=2.2799 val_acc=53.45% best=53.45% time=32.2s | throughput=1543.61 samples/s | stat_eff=-0.000001 loss/sample | goodput=1399.32 samples/s | cum_wall=0.10h
/home/kalyazin.nikolay/project_diff/Dist_VMamba/VMamba/classification/cifar100_dist_train.py:698: FutureWarning: `torch.cuda.amp.autocast(args...)` is deprecated. Please use `torch.amp.autocast('cuda', args...)` instead.
  with torch.cuda.amp.autocast(enabled=amp_enabled):
  step 50/97  loss=2.0160  acc@1=60.82%
/home/kalyazin.nikolay/project_diff/Dist_VMamba/VMamba/classification/cifar100_dist_train.py:759: FutureWarning: `torch.cuda.amp.autocast(args...)` is deprecated. Please use `torch.amp.autocast('cuda', args...)` instead.
  with torch.cuda.amp.autocast(enabled=amp_enabled):
Epoch [12/50] train_loss=2.0158 train_acc=60.84% val_loss=2.2220 val_acc=55.53% best=55.53% time=32.2s | throughput=1540.08 samples/s | stat_eff=-0.000003 loss/sample | goodput=1393.37 samples/s | cum_wall=0.11h
/home/kalyazin.nikolay/project_diff/Dist_VMamba/VMamba/classification/cifar100_dist_train.py:698: FutureWarning: `torch.cuda.amp.autocast(args...)` is deprecated. Please use `torch.amp.autocast('cuda', args...)` instead.
  with torch.cuda.amp.autocast(enabled=amp_enabled):
  step 50/97  loss=1.9286  acc@1=63.46%
/home/kalyazin.nikolay/project_diff/Dist_VMamba/VMamba/classification/cifar100_dist_train.py:759: FutureWarning: `torch.cuda.amp.autocast(args...)` is deprecated. Please use `torch.amp.autocast('cuda', args...)` instead.
  with torch.cuda.amp.autocast(enabled=amp_enabled):
Epoch [13/50] train_loss=1.9342 train_acc=63.35% val_loss=2.1983 val_acc=56.02% best=56.02% time=32.3s | throughput=1536.79 samples/s | stat_eff=0.000001 loss/sample | goodput=1386.87 samples/s | cum_wall=0.12h
/home/kalyazin.nikolay/project_diff/Dist_VMamba/VMamba/classification/cifar100_dist_train.py:698: FutureWarning: `torch.cuda.amp.autocast(args...)` is deprecated. Please use `torch.amp.autocast('cuda', args...)` instead.
  with torch.cuda.amp.autocast(enabled=amp_enabled):
  step 50/97  loss=1.8265  acc@1=67.00%
/home/kalyazin.nikolay/project_diff/Dist_VMamba/VMamba/classification/cifar100_dist_train.py:759: FutureWarning: `torch.cuda.amp.autocast(args...)` is deprecated. Please use `torch.amp.autocast('cuda', args...)` instead.
  with torch.cuda.amp.autocast(enabled=amp_enabled):
Epoch [14/50] train_loss=1.8352 train_acc=66.73% val_loss=2.1599 val_acc=57.40% best=57.40% time=32.2s | throughput=1544.75 samples/s | stat_eff=-0.000001 loss/sample | goodput=1400.62 samples/s | cum_wall=0.13h
/home/kalyazin.nikolay/project_diff/Dist_VMamba/VMamba/classification/cifar100_dist_train.py:698: FutureWarning: `torch.cuda.amp.autocast(args...)` is deprecated. Please use `torch.amp.autocast('cuda', args...)` instead.
  with torch.cuda.amp.autocast(enabled=amp_enabled):
  step 50/97  loss=1.7417  acc@1=70.41%
/home/kalyazin.nikolay/project_diff/Dist_VMamba/VMamba/classification/cifar100_dist_train.py:759: FutureWarning: `torch.cuda.amp.autocast(args...)` is deprecated. Please use `torch.amp.autocast('cuda', args...)` instead.
  with torch.cuda.amp.autocast(enabled=amp_enabled):
Epoch [15/50] train_loss=1.7552 train_acc=69.66% val_loss=2.1281 val_acc=59.00% best=59.00% time=32.2s | throughput=1542.72 samples/s | stat_eff=-0.000003 loss/sample | goodput=1396.70 samples/s | cum_wall=0.14h
/home/kalyazin.nikolay/project_diff/Dist_VMamba/VMamba/classification/cifar100_dist_train.py:698: FutureWarning: `torch.cuda.amp.autocast(args...)` is deprecated. Please use `torch.amp.autocast('cuda', args...)` instead.
  with torch.cuda.amp.autocast(enabled=amp_enabled):
  step 50/97  loss=1.6427  acc@1=73.64%
/home/kalyazin.nikolay/project_diff/Dist_VMamba/VMamba/classification/cifar100_dist_train.py:759: FutureWarning: `torch.cuda.amp.autocast(args...)` is deprecated. Please use `torch.amp.autocast('cuda', args...)` instead.
  with torch.cuda.amp.autocast(enabled=amp_enabled):
Epoch [16/50] train_loss=1.6588 train_acc=72.93% val_loss=2.1108 val_acc=59.76% best=59.76% time=32.2s | throughput=1540.48 samples/s | stat_eff=0.000000 loss/sample | goodput=1392.91 samples/s | cum_wall=0.15h
/home/kalyazin.nikolay/project_diff/Dist_VMamba/VMamba/classification/cifar100_dist_train.py:698: FutureWarning: `torch.cuda.amp.autocast(args...)` is deprecated. Please use `torch.amp.autocast('cuda', args...)` instead.
  with torch.cuda.amp.autocast(enabled=amp_enabled):
  step 50/97  loss=1.5581  acc@1=76.47%
/home/kalyazin.nikolay/project_diff/Dist_VMamba/VMamba/classification/cifar100_dist_train.py:759: FutureWarning: `torch.cuda.amp.autocast(args...)` is deprecated. Please use `torch.amp.autocast('cuda', args...)` instead.
  with torch.cuda.amp.autocast(enabled=amp_enabled):
Epoch [17/50] train_loss=1.5875 train_acc=75.30% val_loss=2.1007 val_acc=60.19% best=60.19% time=32.2s | throughput=1544.46 samples/s | stat_eff=-0.000003 loss/sample | goodput=1400.15 samples/s | cum_wall=0.15h
/home/kalyazin.nikolay/project_diff/Dist_VMamba/VMamba/classification/cifar100_dist_train.py:698: FutureWarning: `torch.cuda.amp.autocast(args...)` is deprecated. Please use `torch.amp.autocast('cuda', args...)` instead.
  with torch.cuda.amp.autocast(enabled=amp_enabled):
  step 50/97  loss=1.4885  acc@1=79.14%
/home/kalyazin.nikolay/project_diff/Dist_VMamba/VMamba/classification/cifar100_dist_train.py:759: FutureWarning: `torch.cuda.amp.autocast(args...)` is deprecated. Please use `torch.amp.autocast('cuda', args...)` instead.
  with torch.cuda.amp.autocast(enabled=amp_enabled):
Epoch [18/50] train_loss=1.5116 train_acc=78.27% val_loss=2.0850 val_acc=61.30% best=61.30% time=32.2s | throughput=1544.03 samples/s | stat_eff=-0.000003 loss/sample | goodput=1399.78 samples/s | cum_wall=0.16h
/home/kalyazin.nikolay/project_diff/Dist_VMamba/VMamba/classification/cifar100_dist_train.py:698: FutureWarning: `torch.cuda.amp.autocast(args...)` is deprecated. Please use `torch.amp.autocast('cuda', args...)` instead.
  with torch.cuda.amp.autocast(enabled=amp_enabled):
  step 50/97  loss=1.4292  acc@1=81.52%
/home/kalyazin.nikolay/project_diff/Dist_VMamba/VMamba/classification/cifar100_dist_train.py:759: FutureWarning: `torch.cuda.amp.autocast(args...)` is deprecated. Please use `torch.amp.autocast('cuda', args...)` instead.
  with torch.cuda.amp.autocast(enabled=amp_enabled):
Epoch [19/50] train_loss=1.4398 train_acc=81.05% val_loss=2.0966 val_acc=60.84% best=61.30% time=32.2s | throughput=1544.48 samples/s | stat_eff=-0.000000 loss/sample | goodput=1400.45 samples/s | cum_wall=0.17h
/home/kalyazin.nikolay/project_diff/Dist_VMamba/VMamba/classification/cifar100_dist_train.py:698: FutureWarning: `torch.cuda.amp.autocast(args...)` is deprecated. Please use `torch.amp.autocast('cuda', args...)` instead.
  with torch.cuda.amp.autocast(enabled=amp_enabled):
  step 50/97  loss=1.3581  acc@1=84.54%
/home/kalyazin.nikolay/project_diff/Dist_VMamba/VMamba/classification/cifar100_dist_train.py:759: FutureWarning: `torch.cuda.amp.autocast(args...)` is deprecated. Please use `torch.amp.autocast('cuda', args...)` instead.
  with torch.cuda.amp.autocast(enabled=amp_enabled):
Epoch [20/50] train_loss=1.3809 train_acc=83.41% val_loss=2.1132 val_acc=61.29% best=61.30% time=32.2s | throughput=1544.08 samples/s | stat_eff=-0.000001 loss/sample | goodput=1399.20 samples/s | cum_wall=0.18h
Saved checkpoint: /home/kalyazin.nikolay/project_diff/Dist_VMamba/VMamba/output/cifar100_vmamba_grid/pipeline_gpu4_20260405_130145/pipeline_g4_bs512_e50/ckpt_epoch_020.pth
/home/kalyazin.nikolay/project_diff/Dist_VMamba/VMamba/classification/cifar100_dist_train.py:698: FutureWarning: `torch.cuda.amp.autocast(args...)` is deprecated. Please use `torch.amp.autocast('cuda', args...)` instead.
  with torch.cuda.amp.autocast(enabled=amp_enabled):
  step 50/97  loss=1.3077  acc@1=86.39%
/home/kalyazin.nikolay/project_diff/Dist_VMamba/VMamba/classification/cifar100_dist_train.py:759: FutureWarning: `torch.cuda.amp.autocast(args...)` is deprecated. Please use `torch.amp.autocast('cuda', args...)` instead.
  with torch.cuda.amp.autocast(enabled=amp_enabled):
Epoch [21/50] train_loss=1.3196 train_acc=85.91% val_loss=2.0907 val_acc=61.55% best=61.55% time=32.2s | throughput=1543.57 samples/s | stat_eff=-0.000001 loss/sample | goodput=1398.66 samples/s | cum_wall=0.19h
/home/kalyazin.nikolay/project_diff/Dist_VMamba/VMamba/classification/cifar100_dist_train.py:698: FutureWarning: `torch.cuda.amp.autocast(args...)` is deprecated. Please use `torch.amp.autocast('cuda', args...)` instead.
  with torch.cuda.amp.autocast(enabled=amp_enabled):
  step 50/97  loss=1.2554  acc@1=88.35%
/home/kalyazin.nikolay/project_diff/Dist_VMamba/VMamba/classification/cifar100_dist_train.py:759: FutureWarning: `torch.cuda.amp.autocast(args...)` is deprecated. Please use `torch.amp.autocast('cuda', args...)` instead.
  with torch.cuda.amp.autocast(enabled=amp_enabled):
Epoch [22/50] train_loss=1.2682 train_acc=87.70% val_loss=2.0917 val_acc=62.28% best=62.28% time=32.2s | throughput=1542.41 samples/s | stat_eff=-0.000002 loss/sample | goodput=1397.82 samples/s | cum_wall=0.20h
/home/kalyazin.nikolay/project_diff/Dist_VMamba/VMamba/classification/cifar100_dist_train.py:698: FutureWarning: `torch.cuda.amp.autocast(args...)` is deprecated. Please use `torch.amp.autocast('cuda', args...)` instead.
  with torch.cuda.amp.autocast(enabled=amp_enabled):
  step 50/97  loss=1.2182  acc@1=89.79%
/home/kalyazin.nikolay/project_diff/Dist_VMamba/VMamba/classification/cifar100_dist_train.py:759: FutureWarning: `torch.cuda.amp.autocast(args...)` is deprecated. Please use `torch.amp.autocast('cuda', args...)` instead.
  with torch.cuda.amp.autocast(enabled=amp_enabled):
Epoch [23/50] train_loss=1.2263 train_acc=89.28% val_loss=2.0835 val_acc=62.62% best=62.62% time=32.3s | throughput=1539.46 samples/s | stat_eff=-0.000001 loss/sample | goodput=1391.61 samples/s | cum_wall=0.21h
/home/kalyazin.nikolay/project_diff/Dist_VMamba/VMamba/classification/cifar100_dist_train.py:698: FutureWarning: `torch.cuda.amp.autocast(args...)` is deprecated. Please use `torch.amp.autocast('cuda', args...)` instead.
  with torch.cuda.amp.autocast(enabled=amp_enabled):
  step 50/97  loss=1.1742  acc@1=91.45%
/home/kalyazin.nikolay/project_diff/Dist_VMamba/VMamba/classification/cifar100_dist_train.py:759: FutureWarning: `torch.cuda.amp.autocast(args...)` is deprecated. Please use `torch.amp.autocast('cuda', args...)` instead.
  with torch.cuda.amp.autocast(enabled=amp_enabled):
Epoch [24/50] train_loss=1.1841 train_acc=90.96% val_loss=2.0891 val_acc=62.09% best=62.62% time=32.2s | throughput=1544.24 samples/s | stat_eff=-0.000000 loss/sample | goodput=1400.95 samples/s | cum_wall=0.22h
/home/kalyazin.nikolay/project_diff/Dist_VMamba/VMamba/classification/cifar100_dist_train.py:698: FutureWarning: `torch.cuda.amp.autocast(args...)` is deprecated. Please use `torch.amp.autocast('cuda', args...)` instead.
  with torch.cuda.amp.autocast(enabled=amp_enabled):
  step 50/97  loss=1.1450  acc@1=92.43%
/home/kalyazin.nikolay/project_diff/Dist_VMamba/VMamba/classification/cifar100_dist_train.py:759: FutureWarning: `torch.cuda.amp.autocast(args...)` is deprecated. Please use `torch.amp.autocast('cuda', args...)` instead.
  with torch.cuda.amp.autocast(enabled=amp_enabled):
Epoch [25/50] train_loss=1.1544 train_acc=92.02% val_loss=2.0865 val_acc=62.59% best=62.62% time=32.2s | throughput=1544.75 samples/s | stat_eff=-0.000001 loss/sample | goodput=1401.44 samples/s | cum_wall=0.23h
/home/kalyazin.nikolay/project_diff/Dist_VMamba/VMamba/classification/cifar100_dist_train.py:698: FutureWarning: `torch.cuda.amp.autocast(args...)` is deprecated. Please use `torch.amp.autocast('cuda', args...)` instead.
  with torch.cuda.amp.autocast(enabled=amp_enabled):
  step 50/97  loss=1.1206  acc@1=93.32%
/home/kalyazin.nikolay/project_diff/Dist_VMamba/VMamba/classification/cifar100_dist_train.py:759: FutureWarning: `torch.cuda.amp.autocast(args...)` is deprecated. Please use `torch.amp.autocast('cuda', args...)` instead.
  with torch.cuda.amp.autocast(enabled=amp_enabled):
Epoch [26/50] train_loss=1.1309 train_acc=92.89% val_loss=2.0869 val_acc=62.95% best=62.95% time=32.2s | throughput=1542.62 samples/s | stat_eff=0.000000 loss/sample | goodput=1397.87 samples/s | cum_wall=0.23h
/home/kalyazin.nikolay/project_diff/Dist_VMamba/VMamba/classification/cifar100_dist_train.py:698: FutureWarning: `torch.cuda.amp.autocast(args...)` is deprecated. Please use `torch.amp.autocast('cuda', args...)` instead.
  with torch.cuda.amp.autocast(enabled=amp_enabled):
  step 50/97  loss=1.1002  acc@1=93.84%
/home/kalyazin.nikolay/project_diff/Dist_VMamba/VMamba/classification/cifar100_dist_train.py:759: FutureWarning: `torch.cuda.amp.autocast(args...)` is deprecated. Please use `torch.amp.autocast('cuda', args...)` instead.
  with torch.cuda.amp.autocast(enabled=amp_enabled):
Epoch [27/50] train_loss=1.1068 train_acc=93.54% val_loss=2.0684 val_acc=63.32% best=63.32% time=32.2s | throughput=1544.24 samples/s | stat_eff=-0.000001 loss/sample | goodput=1400.18 samples/s | cum_wall=0.24h
/home/kalyazin.nikolay/project_diff/Dist_VMamba/VMamba/classification/cifar100_dist_train.py:698: FutureWarning: `torch.cuda.amp.autocast(args...)` is deprecated. Please use `torch.amp.autocast('cuda', args...)` instead.
  with torch.cuda.amp.autocast(enabled=amp_enabled):
  step 50/97  loss=1.0744  acc@1=94.59%
/home/kalyazin.nikolay/project_diff/Dist_VMamba/VMamba/classification/cifar100_dist_train.py:759: FutureWarning: `torch.cuda.amp.autocast(args...)` is deprecated. Please use `torch.amp.autocast('cuda', args...)` instead.
  with torch.cuda.amp.autocast(enabled=amp_enabled):
Epoch [28/50] train_loss=1.0824 train_acc=94.38% val_loss=2.0670 val_acc=62.94% best=63.32% time=32.2s | throughput=1544.47 samples/s | stat_eff=-0.000000 loss/sample | goodput=1400.20 samples/s | cum_wall=0.25h
/home/kalyazin.nikolay/project_diff/Dist_VMamba/VMamba/classification/cifar100_dist_train.py:698: FutureWarning: `torch.cuda.amp.autocast(args...)` is deprecated. Please use `torch.amp.autocast('cuda', args...)` instead.
  with torch.cuda.amp.autocast(enabled=amp_enabled):
  step 50/97  loss=1.0589  acc@1=95.14%
/home/kalyazin.nikolay/project_diff/Dist_VMamba/VMamba/classification/cifar100_dist_train.py:759: FutureWarning: `torch.cuda.amp.autocast(args...)` is deprecated. Please use `torch.amp.autocast('cuda', args...)` instead.
  with torch.cuda.amp.autocast(enabled=amp_enabled):
Epoch [29/50] train_loss=1.0645 train_acc=94.97% val_loss=2.0583 val_acc=63.68% best=63.68% time=32.2s | throughput=1544.07 samples/s | stat_eff=-0.000001 loss/sample | goodput=1399.67 samples/s | cum_wall=0.26h
/home/kalyazin.nikolay/project_diff/Dist_VMamba/VMamba/classification/cifar100_dist_train.py:698: FutureWarning: `torch.cuda.amp.autocast(args...)` is deprecated. Please use `torch.amp.autocast('cuda', args...)` instead.
  with torch.cuda.amp.autocast(enabled=amp_enabled):
  step 50/97  loss=1.0427  acc@1=95.73%
/home/kalyazin.nikolay/project_diff/Dist_VMamba/VMamba/classification/cifar100_dist_train.py:759: FutureWarning: `torch.cuda.amp.autocast(args...)` is deprecated. Please use `torch.amp.autocast('cuda', args...)` instead.
  with torch.cuda.amp.autocast(enabled=amp_enabled):
Epoch [30/50] train_loss=1.0464 train_acc=95.55% val_loss=2.0490 val_acc=63.69% best=63.69% time=32.1s | throughput=1545.72 samples/s | stat_eff=-0.000001 loss/sample | goodput=1402.15 samples/s | cum_wall=0.27h
Saved checkpoint: /home/kalyazin.nikolay/project_diff/Dist_VMamba/VMamba/output/cifar100_vmamba_grid/pipeline_gpu4_20260405_130145/pipeline_g4_bs512_e50/ckpt_epoch_030.pth
/home/kalyazin.nikolay/project_diff/Dist_VMamba/VMamba/classification/cifar100_dist_train.py:698: FutureWarning: `torch.cuda.amp.autocast(args...)` is deprecated. Please use `torch.amp.autocast('cuda', args...)` instead.
  with torch.cuda.amp.autocast(enabled=amp_enabled):
  step 50/97  loss=1.0328  acc@1=95.83%
/home/kalyazin.nikolay/project_diff/Dist_VMamba/VMamba/classification/cifar100_dist_train.py:759: FutureWarning: `torch.cuda.amp.autocast(args...)` is deprecated. Please use `torch.amp.autocast('cuda', args...)` instead.
  with torch.cuda.amp.autocast(enabled=amp_enabled):
Epoch [31/50] train_loss=1.0371 train_acc=95.67% val_loss=2.0464 val_acc=63.69% best=63.69% time=32.2s | throughput=1543.86 samples/s | stat_eff=-0.000001 loss/sample | goodput=1399.47 samples/s | cum_wall=0.28h
/home/kalyazin.nikolay/project_diff/Dist_VMamba/VMamba/classification/cifar100_dist_train.py:698: FutureWarning: `torch.cuda.amp.autocast(args...)` is deprecated. Please use `torch.amp.autocast('cuda', args...)` instead.
  with torch.cuda.amp.autocast(enabled=amp_enabled):
  step 50/97  loss=1.0181  acc@1=96.27%
/home/kalyazin.nikolay/project_diff/Dist_VMamba/VMamba/classification/cifar100_dist_train.py:759: FutureWarning: `torch.cuda.amp.autocast(args...)` is deprecated. Please use `torch.amp.autocast('cuda', args...)` instead.
  with torch.cuda.amp.autocast(enabled=amp_enabled):
Epoch [32/50] train_loss=1.0219 train_acc=96.14% val_loss=2.0391 val_acc=64.26% best=64.26% time=32.1s | throughput=1545.70 samples/s | stat_eff=-0.000001 loss/sample | goodput=1402.69 samples/s | cum_wall=0.29h
/home/kalyazin.nikolay/project_diff/Dist_VMamba/VMamba/classification/cifar100_dist_train.py:698: FutureWarning: `torch.cuda.amp.autocast(args...)` is deprecated. Please use `torch.amp.autocast('cuda', args...)` instead.
  with torch.cuda.amp.autocast(enabled=amp_enabled):
  step 50/97  loss=1.0105  acc@1=96.31%
/home/kalyazin.nikolay/project_diff/Dist_VMamba/VMamba/classification/cifar100_dist_train.py:759: FutureWarning: `torch.cuda.amp.autocast(args...)` is deprecated. Please use `torch.amp.autocast('cuda', args...)` instead.
  with torch.cuda.amp.autocast(enabled=amp_enabled):
Epoch [33/50] train_loss=1.0128 train_acc=96.21% val_loss=2.0299 val_acc=64.43% best=64.43% time=32.3s | throughput=1536.71 samples/s | stat_eff=-0.000000 loss/sample | goodput=1385.78 samples/s | cum_wall=0.30h
/home/kalyazin.nikolay/project_diff/Dist_VMamba/VMamba/classification/cifar100_dist_train.py:698: FutureWarning: `torch.cuda.amp.autocast(args...)` is deprecated. Please use `torch.amp.autocast('cuda', args...)` instead.
  with torch.cuda.amp.autocast(enabled=amp_enabled):
  step 50/97  loss=0.9979  acc@1=96.77%
/home/kalyazin.nikolay/project_diff/Dist_VMamba/VMamba/classification/cifar100_dist_train.py:759: FutureWarning: `torch.cuda.amp.autocast(args...)` is deprecated. Please use `torch.amp.autocast('cuda', args...)` instead.
  with torch.cuda.amp.autocast(enabled=amp_enabled):
Epoch [34/50] train_loss=1.0011 train_acc=96.66% val_loss=2.0382 val_acc=64.45% best=64.45% time=32.2s | throughput=1542.93 samples/s | stat_eff=-0.000000 loss/sample | goodput=1399.28 samples/s | cum_wall=0.31h
/home/kalyazin.nikolay/project_diff/Dist_VMamba/VMamba/classification/cifar100_dist_train.py:698: FutureWarning: `torch.cuda.amp.autocast(args...)` is deprecated. Please use `torch.amp.autocast('cuda', args...)` instead.
  with torch.cuda.amp.autocast(enabled=amp_enabled):
  step 50/97  loss=0.9921  acc@1=96.73%
/home/kalyazin.nikolay/project_diff/Dist_VMamba/VMamba/classification/cifar100_dist_train.py:759: FutureWarning: `torch.cuda.amp.autocast(args...)` is deprecated. Please use `torch.amp.autocast('cuda', args...)` instead.
  with torch.cuda.amp.autocast(enabled=amp_enabled):
Epoch [35/50] train_loss=0.9948 train_acc=96.67% val_loss=2.0286 val_acc=64.43% best=64.45% time=32.2s | throughput=1543.14 samples/s | stat_eff=-0.000000 loss/sample | goodput=1398.34 samples/s | cum_wall=0.32h
/home/kalyazin.nikolay/project_diff/Dist_VMamba/VMamba/classification/cifar100_dist_train.py:698: FutureWarning: `torch.cuda.amp.autocast(args...)` is deprecated. Please use `torch.amp.autocast('cuda', args...)` instead.
  with torch.cuda.amp.autocast(enabled=amp_enabled):
  step 50/97  loss=0.9806  acc@1=97.07%
/home/kalyazin.nikolay/project_diff/Dist_VMamba/VMamba/classification/cifar100_dist_train.py:759: FutureWarning: `torch.cuda.amp.autocast(args...)` is deprecated. Please use `torch.amp.autocast('cuda', args...)` instead.
  with torch.cuda.amp.autocast(enabled=amp_enabled):
Epoch [36/50] train_loss=0.9849 train_acc=96.92% val_loss=2.0237 val_acc=64.96% best=64.96% time=32.2s | throughput=1540.96 samples/s | stat_eff=0.000000 loss/sample | goodput=1395.20 samples/s | cum_wall=0.32h
/home/kalyazin.nikolay/project_diff/Dist_VMamba/VMamba/classification/cifar100_dist_train.py:698: FutureWarning: `torch.cuda.amp.autocast(args...)` is deprecated. Please use `torch.amp.autocast('cuda', args...)` instead.
  with torch.cuda.amp.autocast(enabled=amp_enabled):
  step 50/97  loss=0.9779  acc@1=97.14%
/home/kalyazin.nikolay/project_diff/Dist_VMamba/VMamba/classification/cifar100_dist_train.py:759: FutureWarning: `torch.cuda.amp.autocast(args...)` is deprecated. Please use `torch.amp.autocast('cuda', args...)` instead.
  with torch.cuda.amp.autocast(enabled=amp_enabled):
Epoch [37/50] train_loss=0.9799 train_acc=97.14% val_loss=2.0227 val_acc=64.84% best=64.96% time=32.2s | throughput=1542.69 samples/s | stat_eff=0.000000 loss/sample | goodput=1397.48 samples/s | cum_wall=0.33h
/home/kalyazin.nikolay/project_diff/Dist_VMamba/VMamba/classification/cifar100_dist_train.py:698: FutureWarning: `torch.cuda.amp.autocast(args...)` is deprecated. Please use `torch.amp.autocast('cuda', args...)` instead.
  with torch.cuda.amp.autocast(enabled=amp_enabled):
  step 50/97  loss=0.9711  acc@1=97.38%
/home/kalyazin.nikolay/project_diff/Dist_VMamba/VMamba/classification/cifar100_dist_train.py:759: FutureWarning: `torch.cuda.amp.autocast(args...)` is deprecated. Please use `torch.amp.autocast('cuda', args...)` instead.
  with torch.cuda.amp.autocast(enabled=amp_enabled):
Epoch [38/50] train_loss=0.9713 train_acc=97.34% val_loss=2.0210 val_acc=65.10% best=65.10% time=32.4s | throughput=1534.36 samples/s | stat_eff=0.000000 loss/sample | goodput=1382.55 samples/s | cum_wall=0.34h
/home/kalyazin.nikolay/project_diff/Dist_VMamba/VMamba/classification/cifar100_dist_train.py:698: FutureWarning: `torch.cuda.amp.autocast(args...)` is deprecated. Please use `torch.amp.autocast('cuda', args...)` instead.
  with torch.cuda.amp.autocast(enabled=amp_enabled):
  step 50/97  loss=0.9665  acc@1=97.43%
/home/kalyazin.nikolay/project_diff/Dist_VMamba/VMamba/classification/cifar100_dist_train.py:759: FutureWarning: `torch.cuda.amp.autocast(args...)` is deprecated. Please use `torch.amp.autocast('cuda', args...)` instead.
  with torch.cuda.amp.autocast(enabled=amp_enabled):
Epoch [39/50] train_loss=0.9687 train_acc=97.37% val_loss=2.0203 val_acc=65.26% best=65.26% time=32.2s | throughput=1542.36 samples/s | stat_eff=0.000000 loss/sample | goodput=1396.96 samples/s | cum_wall=0.35h
/home/kalyazin.nikolay/project_diff/Dist_VMamba/VMamba/classification/cifar100_dist_train.py:698: FutureWarning: `torch.cuda.amp.autocast(args...)` is deprecated. Please use `torch.amp.autocast('cuda', args...)` instead.
  with torch.cuda.amp.autocast(enabled=amp_enabled):
  step 50/97  loss=0.9607  acc@1=97.58%
/home/kalyazin.nikolay/project_diff/Dist_VMamba/VMamba/classification/cifar100_dist_train.py:759: FutureWarning: `torch.cuda.amp.autocast(args...)` is deprecated. Please use `torch.amp.autocast('cuda', args...)` instead.
  with torch.cuda.amp.autocast(enabled=amp_enabled):
Epoch [40/50] train_loss=0.9640 train_acc=97.44% val_loss=2.0215 val_acc=65.20% best=65.26% time=32.1s | throughput=1544.87 samples/s | stat_eff=-0.000000 loss/sample | goodput=1401.07 samples/s | cum_wall=0.36h
Saved checkpoint: /home/kalyazin.nikolay/project_diff/Dist_VMamba/VMamba/output/cifar100_vmamba_grid/pipeline_gpu4_20260405_130145/pipeline_g4_bs512_e50/ckpt_epoch_040.pth
/home/kalyazin.nikolay/project_diff/Dist_VMamba/VMamba/classification/cifar100_dist_train.py:698: FutureWarning: `torch.cuda.amp.autocast(args...)` is deprecated. Please use `torch.amp.autocast('cuda', args...)` instead.
  with torch.cuda.amp.autocast(enabled=amp_enabled):
  step 50/97  loss=0.9618  acc@1=97.31%
/home/kalyazin.nikolay/project_diff/Dist_VMamba/VMamba/classification/cifar100_dist_train.py:759: FutureWarning: `torch.cuda.amp.autocast(args...)` is deprecated. Please use `torch.amp.autocast('cuda', args...)` instead.
  with torch.cuda.amp.autocast(enabled=amp_enabled):
Epoch [41/50] train_loss=0.9611 train_acc=97.39% val_loss=2.0184 val_acc=65.17% best=65.26% time=32.2s | throughput=1542.71 samples/s | stat_eff=-0.000000 loss/sample | goodput=1397.63 samples/s | cum_wall=0.37h
/home/kalyazin.nikolay/project_diff/Dist_VMamba/VMamba/classification/cifar100_dist_train.py:698: FutureWarning: `torch.cuda.amp.autocast(args...)` is deprecated. Please use `torch.amp.autocast('cuda', args...)` instead.
  with torch.cuda.amp.autocast(enabled=amp_enabled):
  step 50/97  loss=0.9564  acc@1=97.61%
/home/kalyazin.nikolay/project_diff/Dist_VMamba/VMamba/classification/cifar100_dist_train.py:759: FutureWarning: `torch.cuda.amp.autocast(args...)` is deprecated. Please use `torch.amp.autocast('cuda', args...)` instead.
  with torch.cuda.amp.autocast(enabled=amp_enabled):
Epoch [42/50] train_loss=0.9557 train_acc=97.57% val_loss=2.0164 val_acc=65.24% best=65.26% time=32.4s | throughput=1534.80 samples/s | stat_eff=0.000000 loss/sample | goodput=1383.21 samples/s | cum_wall=0.38h
/home/kalyazin.nikolay/project_diff/Dist_VMamba/VMamba/classification/cifar100_dist_train.py:698: FutureWarning: `torch.cuda.amp.autocast(args...)` is deprecated. Please use `torch.amp.autocast('cuda', args...)` instead.
  with torch.cuda.amp.autocast(enabled=amp_enabled):
  step 50/97  loss=0.9547  acc@1=97.62%
/home/kalyazin.nikolay/project_diff/Dist_VMamba/VMamba/classification/cifar100_dist_train.py:759: FutureWarning: `torch.cuda.amp.autocast(args...)` is deprecated. Please use `torch.amp.autocast('cuda', args...)` instead.
  with torch.cuda.amp.autocast(enabled=amp_enabled):
Epoch [43/50] train_loss=0.9537 train_acc=97.64% val_loss=2.0173 val_acc=65.03% best=65.26% time=32.1s | throughput=1544.88 samples/s | stat_eff=-0.000000 loss/sample | goodput=1401.38 samples/s | cum_wall=0.39h
/home/kalyazin.nikolay/project_diff/Dist_VMamba/VMamba/classification/cifar100_dist_train.py:698: FutureWarning: `torch.cuda.amp.autocast(args...)` is deprecated. Please use `torch.amp.autocast('cuda', args...)` instead.
  with torch.cuda.amp.autocast(enabled=amp_enabled):
  step 50/97  loss=0.9498  acc@1=97.71%
/home/kalyazin.nikolay/project_diff/Dist_VMamba/VMamba/classification/cifar100_dist_train.py:759: FutureWarning: `torch.cuda.amp.autocast(args...)` is deprecated. Please use `torch.amp.autocast('cuda', args...)` instead.
  with torch.cuda.amp.autocast(enabled=amp_enabled):
Epoch [44/50] train_loss=0.9491 train_acc=97.71% val_loss=2.0156 val_acc=65.18% best=65.26% time=32.2s | throughput=1543.12 samples/s | stat_eff=-0.000000 loss/sample | goodput=1398.44 samples/s | cum_wall=0.40h
/home/kalyazin.nikolay/project_diff/Dist_VMamba/VMamba/classification/cifar100_dist_train.py:698: FutureWarning: `torch.cuda.amp.autocast(args...)` is deprecated. Please use `torch.amp.autocast('cuda', args...)` instead.
  with torch.cuda.amp.autocast(enabled=amp_enabled):
  step 50/97  loss=0.9540  acc@1=97.66%
/home/kalyazin.nikolay/project_diff/Dist_VMamba/VMamba/classification/cifar100_dist_train.py:759: FutureWarning: `torch.cuda.amp.autocast(args...)` is deprecated. Please use `torch.amp.autocast('cuda', args...)` instead.
  with torch.cuda.amp.autocast(enabled=amp_enabled):
Epoch [45/50] train_loss=0.9501 train_acc=97.78% val_loss=2.0145 val_acc=65.45% best=65.45% time=32.2s | throughput=1542.73 samples/s | stat_eff=0.000001 loss/sample | goodput=1398.49 samples/s | cum_wall=0.40h
/home/kalyazin.nikolay/project_diff/Dist_VMamba/VMamba/classification/cifar100_dist_train.py:698: FutureWarning: `torch.cuda.amp.autocast(args...)` is deprecated. Please use `torch.amp.autocast('cuda', args...)` instead.
  with torch.cuda.amp.autocast(enabled=amp_enabled):
  step 50/97  loss=0.9459  acc@1=97.77%
/home/kalyazin.nikolay/project_diff/Dist_VMamba/VMamba/classification/cifar100_dist_train.py:759: FutureWarning: `torch.cuda.amp.autocast(args...)` is deprecated. Please use `torch.amp.autocast('cuda', args...)` instead.
  with torch.cuda.amp.autocast(enabled=amp_enabled):
Epoch [46/50] train_loss=0.9454 train_acc=97.79% val_loss=2.0115 val_acc=65.35% best=65.45% time=32.1s | throughput=1545.14 samples/s | stat_eff=0.000000 loss/sample | goodput=1400.91 samples/s | cum_wall=0.41h
/home/kalyazin.nikolay/project_diff/Dist_VMamba/VMamba/classification/cifar100_dist_train.py:698: FutureWarning: `torch.cuda.amp.autocast(args...)` is deprecated. Please use `torch.amp.autocast('cuda', args...)` instead.
  with torch.cuda.amp.autocast(enabled=amp_enabled):
  step 50/97  loss=0.9434  acc@1=97.73%
/home/kalyazin.nikolay/project_diff/Dist_VMamba/VMamba/classification/cifar100_dist_train.py:759: FutureWarning: `torch.cuda.amp.autocast(args...)` is deprecated. Please use `torch.amp.autocast('cuda', args...)` instead.
  with torch.cuda.amp.autocast(enabled=amp_enabled):
Epoch [47/50] train_loss=0.9430 train_acc=97.80% val_loss=2.0113 val_acc=65.27% best=65.45% time=32.2s | throughput=1542.28 samples/s | stat_eff=0.000001 loss/sample | goodput=1396.47 samples/s | cum_wall=0.42h
/home/kalyazin.nikolay/project_diff/Dist_VMamba/VMamba/classification/cifar100_dist_train.py:698: FutureWarning: `torch.cuda.amp.autocast(args...)` is deprecated. Please use `torch.amp.autocast('cuda', args...)` instead.
  with torch.cuda.amp.autocast(enabled=amp_enabled):
  step 50/97  loss=0.9446  acc@1=97.78%
/home/kalyazin.nikolay/project_diff/Dist_VMamba/VMamba/classification/cifar100_dist_train.py:759: FutureWarning: `torch.cuda.amp.autocast(args...)` is deprecated. Please use `torch.amp.autocast('cuda', args...)` instead.
  with torch.cuda.amp.autocast(enabled=amp_enabled):
Epoch [48/50] train_loss=0.9433 train_acc=97.81% val_loss=2.0131 val_acc=65.22% best=65.45% time=32.2s | throughput=1542.93 samples/s | stat_eff=-0.000000 loss/sample | goodput=1397.47 samples/s | cum_wall=0.43h
/home/kalyazin.nikolay/project_diff/Dist_VMamba/VMamba/classification/cifar100_dist_train.py:698: FutureWarning: `torch.cuda.amp.autocast(args...)` is deprecated. Please use `torch.amp.autocast('cuda', args...)` instead.
  with torch.cuda.amp.autocast(enabled=amp_enabled):
  step 50/97  loss=0.9458  acc@1=97.81%
/home/kalyazin.nikolay/project_diff/Dist_VMamba/VMamba/classification/cifar100_dist_train.py:759: FutureWarning: `torch.cuda.amp.autocast(args...)` is deprecated. Please use `torch.amp.autocast('cuda', args...)` instead.
  with torch.cuda.amp.autocast(enabled=amp_enabled):
Epoch [49/50] train_loss=0.9435 train_acc=97.88% val_loss=2.0120 val_acc=65.32% best=65.45% time=32.1s | throughput=1545.00 samples/s | stat_eff=-0.000000 loss/sample | goodput=1401.66 samples/s | cum_wall=0.44h
/home/kalyazin.nikolay/project_diff/Dist_VMamba/VMamba/classification/cifar100_dist_train.py:698: FutureWarning: `torch.cuda.amp.autocast(args...)` is deprecated. Please use `torch.amp.autocast('cuda', args...)` instead.
  with torch.cuda.amp.autocast(enabled=amp_enabled):
  step 50/97  loss=0.9440  acc@1=97.86%
/home/kalyazin.nikolay/project_diff/Dist_VMamba/VMamba/classification/cifar100_dist_train.py:759: FutureWarning: `torch.cuda.amp.autocast(args...)` is deprecated. Please use `torch.amp.autocast('cuda', args...)` instead.
  with torch.cuda.amp.autocast(enabled=amp_enabled):
Epoch [50/50] train_loss=0.9439 train_acc=97.83% val_loss=2.0124 val_acc=65.27% best=65.45% time=32.2s | throughput=1543.04 samples/s | stat_eff=0.000000 loss/sample | goodput=1397.01 samples/s | cum_wall=0.45h
Saved checkpoint: /home/kalyazin.nikolay/project_diff/Dist_VMamba/VMamba/output/cifar100_vmamba_grid/pipeline_gpu4_20260405_130145/pipeline_g4_bs512_e50/ckpt_epoch_050.pth
