/home/kalyazin.nikolay/project_diff/Dist_VMamba/VMamba/classification/models/csms6s.py:74: FutureWarning: `torch.cuda.amp.custom_fwd(args...)` is deprecated. Please use `torch.amp.custom_fwd(args..., device_type='cuda')` instead.
  def forward(ctx, u, delta, A, B, C, D=None, delta_bias=None, delta_softplus=False, oflex=True, backend=None):
/home/kalyazin.nikolay/project_diff/Dist_VMamba/VMamba/classification/models/csms6s.py:91: FutureWarning: `torch.cuda.amp.custom_bwd(args...)` is deprecated. Please use `torch.amp.custom_bwd(args..., device_type='cuda')` instead.
  def backward(ctx, dout, *args):
/home/kalyazin.nikolay/project_diff/Dist_VMamba/VMamba/classification/models/mamba2/ssd_combined.py:764: FutureWarning: `torch.cuda.amp.custom_fwd(args...)` is deprecated. Please use `torch.amp.custom_fwd(args..., device_type='cuda')` instead.
  def forward(ctx, zxbcdt, conv1d_weight, conv1d_bias, dt_bias, A, D, chunk_size, initial_states=None, seq_idx=None, dt_limit=(0.0, float("inf")), return_final_states=False, activation="silu",
/home/kalyazin.nikolay/project_diff/Dist_VMamba/VMamba/classification/models/mamba2/ssd_combined.py:842: FutureWarning: `torch.cuda.amp.custom_bwd(args...)` is deprecated. Please use `torch.amp.custom_bwd(args..., device_type='cuda')` instead.
  def backward(ctx, dout, *args):
Parallel mode: pipeline
World size: 1 | Rank: 0 | Device: cuda:0
/home/kalyazin.nikolay/project_diff/Dist_VMamba/VMamba/classification/cifar100_dist_train.py:996: FutureWarning: `torch.cuda.amp.GradScaler(args...)` is deprecated. Please use `torch.amp.GradScaler('cuda', args...)` instead.
  scaler = torch.cuda.amp.GradScaler(enabled=amp_enabled)
TensorBoard logging enabled: /home/kalyazin.nikolay/project_diff/Dist_VMamba/VMamba/output/cifar100_vmamba_grid/pipeline_gpu2_20260405_103134/pipeline_g2_bs128_e50/tensorboard
/home/kalyazin.nikolay/project_diff/Dist_VMamba/VMamba/classification/cifar100_dist_train.py:698: FutureWarning: `torch.cuda.amp.autocast(args...)` is deprecated. Please use `torch.amp.autocast('cuda', args...)` instead.
  with torch.cuda.amp.autocast(enabled=amp_enabled):
/home/kalyazin.nikolay/project_diff/Dist_VMamba/VMamba/classification/cifar100_dist_train.py:698: FutureWarning: `torch.cuda.amp.autocast(args...)` is deprecated. Please use `torch.amp.autocast('cuda', args...)` instead.
  with torch.cuda.amp.autocast(enabled=amp_enabled):
  step 50/390  loss=4.5420  acc@1=2.69%
  step 100/390  loss=4.4501  acc@1=3.51%
  step 150/390  loss=4.3743  acc@1=4.41%
  step 200/390  loss=4.3103  acc@1=5.34%
  step 250/390  loss=4.2568  acc@1=6.05%
  step 300/390  loss=4.2116  acc@1=6.91%
  step 350/390  loss=4.1655  acc@1=7.59%
/home/kalyazin.nikolay/project_diff/Dist_VMamba/VMamba/classification/cifar100_dist_train.py:759: FutureWarning: `torch.cuda.amp.autocast(args...)` is deprecated. Please use `torch.amp.autocast('cuda', args...)` instead.
  with torch.cuda.amp.autocast(enabled=amp_enabled):
Epoch [1/50] train_loss=4.1360 train_acc=8.01% val_loss=3.8273 val_acc=12.86% best=12.86% time=47.4s | throughput=1052.07 samples/s | stat_eff=0.000017 loss/sample | goodput=930.07 samples/s | cum_wall=0.01h
/home/kalyazin.nikolay/project_diff/Dist_VMamba/VMamba/classification/cifar100_dist_train.py:698: FutureWarning: `torch.cuda.amp.autocast(args...)` is deprecated. Please use `torch.amp.autocast('cuda', args...)` instead.
  with torch.cuda.amp.autocast(enabled=amp_enabled):
  step 50/390  loss=3.7931  acc@1=14.41%
  step 100/390  loss=3.7563  acc@1=14.97%
  step 150/390  loss=3.7363  acc@1=15.46%
  step 200/390  loss=3.7124  acc@1=16.00%
  step 250/390  loss=3.6908  acc@1=16.55%
  step 300/390  loss=3.6723  acc@1=16.98%
  step 350/390  loss=3.6453  acc@1=17.59%
/home/kalyazin.nikolay/project_diff/Dist_VMamba/VMamba/classification/cifar100_dist_train.py:759: FutureWarning: `torch.cuda.amp.autocast(args...)` is deprecated. Please use `torch.amp.autocast('cuda', args...)` instead.
  with torch.cuda.amp.autocast(enabled=amp_enabled):
Epoch [2/50] train_loss=3.6311 train_acc=17.93% val_loss=3.4550 val_acc=22.66% best=22.66% time=37.9s | throughput=1318.06 samples/s | stat_eff=0.000007 loss/sample | goodput=1210.73 samples/s | cum_wall=0.02h
/home/kalyazin.nikolay/project_diff/Dist_VMamba/VMamba/classification/cifar100_dist_train.py:698: FutureWarning: `torch.cuda.amp.autocast(args...)` is deprecated. Please use `torch.amp.autocast('cuda', args...)` instead.
  with torch.cuda.amp.autocast(enabled=amp_enabled):
  step 50/390  loss=3.4103  acc@1=23.06%
  step 100/390  loss=3.3799  acc@1=23.88%
  step 150/390  loss=3.3588  acc@1=24.33%
  step 200/390  loss=3.3427  acc@1=24.82%
  step 250/390  loss=3.3297  acc@1=25.13%
  step 300/390  loss=3.3147  acc@1=25.37%
  step 350/390  loss=3.2980  acc@1=25.76%
/home/kalyazin.nikolay/project_diff/Dist_VMamba/VMamba/classification/cifar100_dist_train.py:759: FutureWarning: `torch.cuda.amp.autocast(args...)` is deprecated. Please use `torch.amp.autocast('cuda', args...)` instead.
  with torch.cuda.amp.autocast(enabled=amp_enabled):
Epoch [3/50] train_loss=3.2852 train_acc=26.06% val_loss=3.0913 val_acc=31.73% best=31.73% time=37.8s | throughput=1320.01 samples/s | stat_eff=0.000004 loss/sample | goodput=1211.32 samples/s | cum_wall=0.03h
/home/kalyazin.nikolay/project_diff/Dist_VMamba/VMamba/classification/cifar100_dist_train.py:698: FutureWarning: `torch.cuda.amp.autocast(args...)` is deprecated. Please use `torch.amp.autocast('cuda', args...)` instead.
  with torch.cuda.amp.autocast(enabled=amp_enabled):
  step 50/390  loss=3.0893  acc@1=31.09%
  step 100/390  loss=3.0839  acc@1=31.28%
  step 150/390  loss=3.0721  acc@1=31.52%
  step 200/390  loss=3.0587  acc@1=31.76%
  step 250/390  loss=3.0430  acc@1=32.04%
  step 300/390  loss=3.0302  acc@1=32.37%
  step 350/390  loss=3.0183  acc@1=32.77%
/home/kalyazin.nikolay/project_diff/Dist_VMamba/VMamba/classification/cifar100_dist_train.py:759: FutureWarning: `torch.cuda.amp.autocast(args...)` is deprecated. Please use `torch.amp.autocast('cuda', args...)` instead.
  with torch.cuda.amp.autocast(enabled=amp_enabled):
Epoch [4/50] train_loss=3.0046 train_acc=33.22% val_loss=2.8408 val_acc=37.51% best=37.51% time=37.9s | throughput=1318.80 samples/s | stat_eff=-0.000003 loss/sample | goodput=1212.56 samples/s | cum_wall=0.04h
/home/kalyazin.nikolay/project_diff/Dist_VMamba/VMamba/classification/cifar100_dist_train.py:698: FutureWarning: `torch.cuda.amp.autocast(args...)` is deprecated. Please use `torch.amp.autocast('cuda', args...)` instead.
  with torch.cuda.amp.autocast(enabled=amp_enabled):
  step 50/390  loss=2.8152  acc@1=37.78%
  step 100/390  loss=2.8221  acc@1=37.45%
  step 150/390  loss=2.8165  acc@1=37.66%
  step 200/390  loss=2.8084  acc@1=38.03%
  step 250/390  loss=2.7991  acc@1=38.29%
  step 300/390  loss=2.7880  acc@1=38.55%
  step 350/390  loss=2.7784  acc@1=38.88%
/home/kalyazin.nikolay/project_diff/Dist_VMamba/VMamba/classification/cifar100_dist_train.py:759: FutureWarning: `torch.cuda.amp.autocast(args...)` is deprecated. Please use `torch.amp.autocast('cuda', args...)` instead.
  with torch.cuda.amp.autocast(enabled=amp_enabled):
Epoch [5/50] train_loss=2.7726 train_acc=39.12% val_loss=2.6636 val_acc=42.41% best=42.41% time=38.0s | throughput=1313.35 samples/s | stat_eff=0.000002 loss/sample | goodput=1208.25 samples/s | cum_wall=0.06h
/home/kalyazin.nikolay/project_diff/Dist_VMamba/VMamba/classification/cifar100_dist_train.py:698: FutureWarning: `torch.cuda.amp.autocast(args...)` is deprecated. Please use `torch.amp.autocast('cuda', args...)` instead.
  with torch.cuda.amp.autocast(enabled=amp_enabled):
  step 50/390  loss=2.6296  acc@1=42.53%
  step 100/390  loss=2.6331  acc@1=42.53%
  step 150/390  loss=2.6183  acc@1=43.29%
  step 200/390  loss=2.6168  acc@1=43.41%
  step 250/390  loss=2.6086  acc@1=43.62%
  step 300/390  loss=2.6030  acc@1=43.84%
  step 350/390  loss=2.5988  acc@1=43.90%
/home/kalyazin.nikolay/project_diff/Dist_VMamba/VMamba/classification/cifar100_dist_train.py:759: FutureWarning: `torch.cuda.amp.autocast(args...)` is deprecated. Please use `torch.amp.autocast('cuda', args...)` instead.
  with torch.cuda.amp.autocast(enabled=amp_enabled):
Epoch [6/50] train_loss=2.5952 train_acc=43.92% val_loss=2.5345 val_acc=46.14% best=46.14% time=38.1s | throughput=1309.91 samples/s | stat_eff=0.000002 loss/sample | goodput=1204.21 samples/s | cum_wall=0.07h
/home/kalyazin.nikolay/project_diff/Dist_VMamba/VMamba/classification/cifar100_dist_train.py:698: FutureWarning: `torch.cuda.amp.autocast(args...)` is deprecated. Please use `torch.amp.autocast('cuda', args...)` instead.
  with torch.cuda.amp.autocast(enabled=amp_enabled):
  step 50/390  loss=2.4425  acc@1=48.08%
  step 100/390  loss=2.4445  acc@1=48.31%
  step 150/390  loss=2.4354  acc@1=48.48%
  step 200/390  loss=2.4398  acc@1=48.35%
  step 250/390  loss=2.4359  acc@1=48.44%
  step 300/390  loss=2.4379  acc@1=48.28%
  step 350/390  loss=2.4369  acc@1=48.24%
/home/kalyazin.nikolay/project_diff/Dist_VMamba/VMamba/classification/cifar100_dist_train.py:759: FutureWarning: `torch.cuda.amp.autocast(args...)` is deprecated. Please use `torch.amp.autocast('cuda', args...)` instead.
  with torch.cuda.amp.autocast(enabled=amp_enabled):
Epoch [7/50] train_loss=2.4323 train_acc=48.33% val_loss=2.4407 val_acc=49.13% best=49.13% time=38.1s | throughput=1310.32 samples/s | stat_eff=0.000003 loss/sample | goodput=1203.58 samples/s | cum_wall=0.08h
/home/kalyazin.nikolay/project_diff/Dist_VMamba/VMamba/classification/cifar100_dist_train.py:698: FutureWarning: `torch.cuda.amp.autocast(args...)` is deprecated. Please use `torch.amp.autocast('cuda', args...)` instead.
  with torch.cuda.amp.autocast(enabled=amp_enabled):
  step 50/390  loss=2.2905  acc@1=53.03%
  step 100/390  loss=2.2927  acc@1=52.66%
  step 150/390  loss=2.2909  acc@1=52.60%
  step 200/390  loss=2.2971  acc@1=52.37%
  step 250/390  loss=2.3011  acc@1=52.16%
  step 300/390  loss=2.3049  acc@1=52.11%
  step 350/390  loss=2.3054  acc@1=52.01%
/home/kalyazin.nikolay/project_diff/Dist_VMamba/VMamba/classification/cifar100_dist_train.py:759: FutureWarning: `torch.cuda.amp.autocast(args...)` is deprecated. Please use `torch.amp.autocast('cuda', args...)` instead.
  with torch.cuda.amp.autocast(enabled=amp_enabled):
Epoch [8/50] train_loss=2.3007 train_acc=52.14% val_loss=2.3304 val_acc=51.72% best=51.72% time=38.0s | throughput=1314.62 samples/s | stat_eff=-0.000000 loss/sample | goodput=1208.89 samples/s | cum_wall=0.09h
/home/kalyazin.nikolay/project_diff/Dist_VMamba/VMamba/classification/cifar100_dist_train.py:698: FutureWarning: `torch.cuda.amp.autocast(args...)` is deprecated. Please use `torch.amp.autocast('cuda', args...)` instead.
  with torch.cuda.amp.autocast(enabled=amp_enabled):
  step 50/390  loss=2.1446  acc@1=57.59%
  step 100/390  loss=2.1633  acc@1=56.41%
  step 150/390  loss=2.1793  acc@1=55.76%
  step 200/390  loss=2.1780  acc@1=55.73%
  step 250/390  loss=2.1788  acc@1=55.67%
  step 300/390  loss=2.1818  acc@1=55.49%
  step 350/390  loss=2.1822  acc@1=55.59%
/home/kalyazin.nikolay/project_diff/Dist_VMamba/VMamba/classification/cifar100_dist_train.py:759: FutureWarning: `torch.cuda.amp.autocast(args...)` is deprecated. Please use `torch.amp.autocast('cuda', args...)` instead.
  with torch.cuda.amp.autocast(enabled=amp_enabled):
Epoch [9/50] train_loss=2.1847 train_acc=55.54% val_loss=2.2645 val_acc=53.73% best=53.73% time=37.9s | throughput=1316.34 samples/s | stat_eff=-0.000003 loss/sample | goodput=1211.54 samples/s | cum_wall=0.10h
/home/kalyazin.nikolay/project_diff/Dist_VMamba/VMamba/classification/cifar100_dist_train.py:698: FutureWarning: `torch.cuda.amp.autocast(args...)` is deprecated. Please use `torch.amp.autocast('cuda', args...)` instead.
  with torch.cuda.amp.autocast(enabled=amp_enabled):
  step 50/390  loss=2.0395  acc@1=60.02%
  step 100/390  loss=2.0309  acc@1=60.40%
  step 150/390  loss=2.0502  acc@1=60.02%
  step 200/390  loss=2.0628  acc@1=59.41%
  step 250/390  loss=2.0686  acc@1=59.27%
  step 300/390  loss=2.0691  acc@1=59.12%
  step 350/390  loss=2.0711  acc@1=59.04%
/home/kalyazin.nikolay/project_diff/Dist_VMamba/VMamba/classification/cifar100_dist_train.py:759: FutureWarning: `torch.cuda.amp.autocast(args...)` is deprecated. Please use `torch.amp.autocast('cuda', args...)` instead.
  with torch.cuda.amp.autocast(enabled=amp_enabled):
Epoch [10/50] train_loss=2.0729 train_acc=58.93% val_loss=2.2091 val_acc=56.01% best=56.01% time=37.9s | throughput=1318.78 samples/s | stat_eff=-0.000001 loss/sample | goodput=1209.23 samples/s | cum_wall=0.11h
Saved checkpoint: /home/kalyazin.nikolay/project_diff/Dist_VMamba/VMamba/output/cifar100_vmamba_grid/pipeline_gpu2_20260405_103134/pipeline_g2_bs128_e50/ckpt_epoch_010.pth
/home/kalyazin.nikolay/project_diff/Dist_VMamba/VMamba/classification/cifar100_dist_train.py:698: FutureWarning: `torch.cuda.amp.autocast(args...)` is deprecated. Please use `torch.amp.autocast('cuda', args...)` instead.
  with torch.cuda.amp.autocast(enabled=amp_enabled):
  step 50/390  loss=1.9490  acc@1=63.41%
  step 100/390  loss=1.9639  acc@1=62.79%
  step 150/390  loss=1.9674  acc@1=62.41%
  step 200/390  loss=1.9696  acc@1=62.36%
  step 250/390  loss=1.9766  acc@1=62.03%
  step 300/390  loss=1.9821  acc@1=61.92%
  step 350/390  loss=1.9856  acc@1=61.73%
/home/kalyazin.nikolay/project_diff/Dist_VMamba/VMamba/classification/cifar100_dist_train.py:759: FutureWarning: `torch.cuda.amp.autocast(args...)` is deprecated. Please use `torch.amp.autocast('cuda', args...)` instead.
  with torch.cuda.amp.autocast(enabled=amp_enabled):
Epoch [11/50] train_loss=1.9851 train_acc=61.76% val_loss=2.1514 val_acc=57.48% best=57.48% time=37.7s | throughput=1323.16 samples/s | stat_eff=-0.000000 loss/sample | goodput=1216.37 samples/s | cum_wall=0.12h
/home/kalyazin.nikolay/project_diff/Dist_VMamba/VMamba/classification/cifar100_dist_train.py:698: FutureWarning: `torch.cuda.amp.autocast(args...)` is deprecated. Please use `torch.amp.autocast('cuda', args...)` instead.
  with torch.cuda.amp.autocast(enabled=amp_enabled):
  step 50/390  loss=1.8695  acc@1=65.44%
  step 100/390  loss=1.8588  acc@1=65.69%
  step 150/390  loss=1.8704  acc@1=65.38%
  step 200/390  loss=1.8819  acc@1=64.79%
  step 250/390  loss=1.8863  acc@1=64.65%
  step 300/390  loss=1.8884  acc@1=64.68%
  step 350/390  loss=1.8919  acc@1=64.63%
/home/kalyazin.nikolay/project_diff/Dist_VMamba/VMamba/classification/cifar100_dist_train.py:759: FutureWarning: `torch.cuda.amp.autocast(args...)` is deprecated. Please use `torch.amp.autocast('cuda', args...)` instead.
  with torch.cuda.amp.autocast(enabled=amp_enabled):
Epoch [12/50] train_loss=1.8922 train_acc=64.63% val_loss=2.1339 val_acc=58.36% best=58.36% time=37.9s | throughput=1317.01 samples/s | stat_eff=-0.000000 loss/sample | goodput=1211.03 samples/s | cum_wall=0.13h
/home/kalyazin.nikolay/project_diff/Dist_VMamba/VMamba/classification/cifar100_dist_train.py:698: FutureWarning: `torch.cuda.amp.autocast(args...)` is deprecated. Please use `torch.amp.autocast('cuda', args...)` instead.
  with torch.cuda.amp.autocast(enabled=amp_enabled):
  step 50/390  loss=1.7788  acc@1=68.31%
  step 100/390  loss=1.7799  acc@1=68.29%
  step 150/390  loss=1.8026  acc@1=67.40%
  step 200/390  loss=1.8080  acc@1=67.27%
  step 250/390  loss=1.8052  acc@1=67.44%
  step 300/390  loss=1.8074  acc@1=67.33%
  step 350/390  loss=1.8096  acc@1=67.28%
/home/kalyazin.nikolay/project_diff/Dist_VMamba/VMamba/classification/cifar100_dist_train.py:759: FutureWarning: `torch.cuda.amp.autocast(args...)` is deprecated. Please use `torch.amp.autocast('cuda', args...)` instead.
  with torch.cuda.amp.autocast(enabled=amp_enabled):
Epoch [13/50] train_loss=1.8131 train_acc=67.13% val_loss=2.1131 val_acc=59.21% best=59.21% time=37.9s | throughput=1316.33 samples/s | stat_eff=-0.000001 loss/sample | goodput=1209.99 samples/s | cum_wall=0.14h
/home/kalyazin.nikolay/project_diff/Dist_VMamba/VMamba/classification/cifar100_dist_train.py:698: FutureWarning: `torch.cuda.amp.autocast(args...)` is deprecated. Please use `torch.amp.autocast('cuda', args...)` instead.
  with torch.cuda.amp.autocast(enabled=amp_enabled):
  step 50/390  loss=1.6905  acc@1=71.11%
  step 100/390  loss=1.7025  acc@1=70.96%
  step 150/390  loss=1.7186  acc@1=70.47%
  step 200/390  loss=1.7183  acc@1=70.47%
  step 250/390  loss=1.7221  acc@1=70.27%
  step 300/390  loss=1.7253  acc@1=70.10%
  step 350/390  loss=1.7268  acc@1=69.98%
/home/kalyazin.nikolay/project_diff/Dist_VMamba/VMamba/classification/cifar100_dist_train.py:759: FutureWarning: `torch.cuda.amp.autocast(args...)` is deprecated. Please use `torch.amp.autocast('cuda', args...)` instead.
  with torch.cuda.amp.autocast(enabled=amp_enabled):
Epoch [14/50] train_loss=1.7319 train_acc=69.86% val_loss=2.0695 val_acc=60.51% best=60.51% time=37.9s | throughput=1315.96 samples/s | stat_eff=-0.000003 loss/sample | goodput=1210.18 samples/s | cum_wall=0.15h
/home/kalyazin.nikolay/project_diff/Dist_VMamba/VMamba/classification/cifar100_dist_train.py:698: FutureWarning: `torch.cuda.amp.autocast(args...)` is deprecated. Please use `torch.amp.autocast('cuda', args...)` instead.
  with torch.cuda.amp.autocast(enabled=amp_enabled):
  step 50/390  loss=1.6164  acc@1=73.73%
  step 100/390  loss=1.6189  acc@1=73.55%
  step 150/390  loss=1.6341  acc@1=73.01%
  step 200/390  loss=1.6411  acc@1=72.62%
  step 250/390  loss=1.6442  acc@1=72.63%
  step 300/390  loss=1.6491  acc@1=72.49%
  step 350/390  loss=1.6555  acc@1=72.30%
/home/kalyazin.nikolay/project_diff/Dist_VMamba/VMamba/classification/cifar100_dist_train.py:759: FutureWarning: `torch.cuda.amp.autocast(args...)` is deprecated. Please use `torch.amp.autocast('cuda', args...)` instead.
  with torch.cuda.amp.autocast(enabled=amp_enabled):
Epoch [15/50] train_loss=1.6570 train_acc=72.28% val_loss=2.0413 val_acc=61.91% best=61.91% time=38.0s | throughput=1311.97 samples/s | stat_eff=0.000000 loss/sample | goodput=1206.45 samples/s | cum_wall=0.16h
/home/kalyazin.nikolay/project_diff/Dist_VMamba/VMamba/classification/cifar100_dist_train.py:698: FutureWarning: `torch.cuda.amp.autocast(args...)` is deprecated. Please use `torch.amp.autocast('cuda', args...)` instead.
  with torch.cuda.amp.autocast(enabled=amp_enabled):
  step 50/390  loss=1.5622  acc@1=75.86%
  step 100/390  loss=1.5667  acc@1=75.66%
  step 150/390  loss=1.5729  acc@1=75.36%
  step 200/390  loss=1.5775  acc@1=75.26%
  step 250/390  loss=1.5804  acc@1=75.12%
  step 300/390  loss=1.5841  acc@1=75.01%
  step 350/390  loss=1.5868  acc@1=74.92%
/home/kalyazin.nikolay/project_diff/Dist_VMamba/VMamba/classification/cifar100_dist_train.py:759: FutureWarning: `torch.cuda.amp.autocast(args...)` is deprecated. Please use `torch.amp.autocast('cuda', args...)` instead.
  with torch.cuda.amp.autocast(enabled=amp_enabled):
Epoch [16/50] train_loss=1.5888 train_acc=74.85% val_loss=2.0741 val_acc=61.06% best=61.91% time=38.1s | throughput=1310.23 samples/s | stat_eff=0.000000 loss/sample | goodput=1205.64 samples/s | cum_wall=0.17h
/home/kalyazin.nikolay/project_diff/Dist_VMamba/VMamba/classification/cifar100_dist_train.py:698: FutureWarning: `torch.cuda.amp.autocast(args...)` is deprecated. Please use `torch.amp.autocast('cuda', args...)` instead.
  with torch.cuda.amp.autocast(enabled=amp_enabled):
  step 50/390  loss=1.4958  acc@1=78.33%
  step 100/390  loss=1.4886  acc@1=78.66%
  step 150/390  loss=1.4930  acc@1=78.32%
  step 200/390  loss=1.5020  acc@1=77.95%
  step 250/390  loss=1.5074  acc@1=77.79%
  step 300/390  loss=1.5158  acc@1=77.52%
  step 350/390  loss=1.5187  acc@1=77.38%
/home/kalyazin.nikolay/project_diff/Dist_VMamba/VMamba/classification/cifar100_dist_train.py:759: FutureWarning: `torch.cuda.amp.autocast(args...)` is deprecated. Please use `torch.amp.autocast('cuda', args...)` instead.
  with torch.cuda.amp.autocast(enabled=amp_enabled):
Epoch [17/50] train_loss=1.5250 train_acc=77.11% val_loss=2.0487 val_acc=61.68% best=61.91% time=37.8s | throughput=1319.03 samples/s | stat_eff=-0.000003 loss/sample | goodput=1211.00 samples/s | cum_wall=0.18h
/home/kalyazin.nikolay/project_diff/Dist_VMamba/VMamba/classification/cifar100_dist_train.py:698: FutureWarning: `torch.cuda.amp.autocast(args...)` is deprecated. Please use `torch.amp.autocast('cuda', args...)` instead.
  with torch.cuda.amp.autocast(enabled=amp_enabled):
  step 50/390  loss=1.4251  acc@1=80.62%
  step 100/390  loss=1.4223  acc@1=80.72%
  step 150/390  loss=1.4328  acc@1=80.29%
  step 200/390  loss=1.4399  acc@1=80.14%
  step 250/390  loss=1.4424  acc@1=80.08%
  step 300/390  loss=1.4474  acc@1=79.89%
  step 350/390  loss=1.4531  acc@1=79.67%
/home/kalyazin.nikolay/project_diff/Dist_VMamba/VMamba/classification/cifar100_dist_train.py:759: FutureWarning: `torch.cuda.amp.autocast(args...)` is deprecated. Please use `torch.amp.autocast('cuda', args...)` instead.
  with torch.cuda.amp.autocast(enabled=amp_enabled):
Epoch [18/50] train_loss=1.4597 train_acc=79.41% val_loss=2.0396 val_acc=62.36% best=62.36% time=37.8s | throughput=1321.04 samples/s | stat_eff=-0.000003 loss/sample | goodput=1214.96 samples/s | cum_wall=0.19h
/home/kalyazin.nikolay/project_diff/Dist_VMamba/VMamba/classification/cifar100_dist_train.py:698: FutureWarning: `torch.cuda.amp.autocast(args...)` is deprecated. Please use `torch.amp.autocast('cuda', args...)` instead.
  with torch.cuda.amp.autocast(enabled=amp_enabled):
  step 50/390  loss=1.3834  acc@1=82.38%
  step 100/390  loss=1.3847  acc@1=82.46%
  step 150/390  loss=1.3844  acc@1=82.52%
  step 200/390  loss=1.3867  acc@1=82.50%
  step 250/390  loss=1.3878  acc@1=82.36%
  step 300/390  loss=1.3931  acc@1=82.05%
  step 350/390  loss=1.3940  acc@1=81.95%
/home/kalyazin.nikolay/project_diff/Dist_VMamba/VMamba/classification/cifar100_dist_train.py:759: FutureWarning: `torch.cuda.amp.autocast(args...)` is deprecated. Please use `torch.amp.autocast('cuda', args...)` instead.
  with torch.cuda.amp.autocast(enabled=amp_enabled):
Epoch [19/50] train_loss=1.3982 train_acc=81.77% val_loss=2.0462 val_acc=62.79% best=62.79% time=37.8s | throughput=1319.86 samples/s | stat_eff=0.000002 loss/sample | goodput=1214.15 samples/s | cum_wall=0.20h
/home/kalyazin.nikolay/project_diff/Dist_VMamba/VMamba/classification/cifar100_dist_train.py:698: FutureWarning: `torch.cuda.amp.autocast(args...)` is deprecated. Please use `torch.amp.autocast('cuda', args...)` instead.
  with torch.cuda.amp.autocast(enabled=amp_enabled):
  step 50/390  loss=1.3330  acc@1=84.22%
  step 100/390  loss=1.3323  acc@1=84.41%
  step 150/390  loss=1.3322  acc@1=84.41%
  step 200/390  loss=1.3340  acc@1=84.31%
  step 250/390  loss=1.3360  acc@1=84.20%
  step 300/390  loss=1.3412  acc@1=83.98%
  step 350/390  loss=1.3450  acc@1=83.87%
/home/kalyazin.nikolay/project_diff/Dist_VMamba/VMamba/classification/cifar100_dist_train.py:759: FutureWarning: `torch.cuda.amp.autocast(args...)` is deprecated. Please use `torch.amp.autocast('cuda', args...)` instead.
  with torch.cuda.amp.autocast(enabled=amp_enabled):
Epoch [20/50] train_loss=1.3485 train_acc=83.72% val_loss=2.0475 val_acc=62.66% best=62.79% time=37.9s | throughput=1316.10 samples/s | stat_eff=0.000001 loss/sample | goodput=1209.93 samples/s | cum_wall=0.21h
Saved checkpoint: /home/kalyazin.nikolay/project_diff/Dist_VMamba/VMamba/output/cifar100_vmamba_grid/pipeline_gpu2_20260405_103134/pipeline_g2_bs128_e50/ckpt_epoch_020.pth
/home/kalyazin.nikolay/project_diff/Dist_VMamba/VMamba/classification/cifar100_dist_train.py:698: FutureWarning: `torch.cuda.amp.autocast(args...)` is deprecated. Please use `torch.amp.autocast('cuda', args...)` instead.
  with torch.cuda.amp.autocast(enabled=amp_enabled):
  step 50/390  loss=1.2766  acc@1=86.41%
  step 100/390  loss=1.2807  acc@1=86.27%
  step 150/390  loss=1.2745  acc@1=86.55%
  step 200/390  loss=1.2753  acc@1=86.50%
  step 250/390  loss=1.2793  acc@1=86.43%
  step 300/390  loss=1.2826  acc@1=86.29%
  step 350/390  loss=1.2854  acc@1=86.19%
/home/kalyazin.nikolay/project_diff/Dist_VMamba/VMamba/classification/cifar100_dist_train.py:759: FutureWarning: `torch.cuda.amp.autocast(args...)` is deprecated. Please use `torch.amp.autocast('cuda', args...)` instead.
  with torch.cuda.amp.autocast(enabled=amp_enabled):
Epoch [21/50] train_loss=1.2896 train_acc=86.06% val_loss=2.0160 val_acc=64.01% best=64.01% time=37.9s | throughput=1317.52 samples/s | stat_eff=-0.000005 loss/sample | goodput=1212.42 samples/s | cum_wall=0.22h
/home/kalyazin.nikolay/project_diff/Dist_VMamba/VMamba/classification/cifar100_dist_train.py:698: FutureWarning: `torch.cuda.amp.autocast(args...)` is deprecated. Please use `torch.amp.autocast('cuda', args...)` instead.
  with torch.cuda.amp.autocast(enabled=amp_enabled):
  step 50/390  loss=1.2290  acc@1=88.30%
  step 100/390  loss=1.2345  acc@1=88.13%
  step 150/390  loss=1.2322  acc@1=88.17%
  step 200/390  loss=1.2336  acc@1=88.16%
  step 250/390  loss=1.2384  acc@1=88.03%
  step 300/390  loss=1.2439  acc@1=87.83%
  step 350/390  loss=1.2470  acc@1=87.74%
/home/kalyazin.nikolay/project_diff/Dist_VMamba/VMamba/classification/cifar100_dist_train.py:759: FutureWarning: `torch.cuda.amp.autocast(args...)` is deprecated. Please use `torch.amp.autocast('cuda', args...)` instead.
  with torch.cuda.amp.autocast(enabled=amp_enabled):
Epoch [22/50] train_loss=1.2494 train_acc=87.65% val_loss=2.0104 val_acc=64.80% best=64.80% time=37.9s | throughput=1316.49 samples/s | stat_eff=0.000001 loss/sample | goodput=1210.24 samples/s | cum_wall=0.23h
/home/kalyazin.nikolay/project_diff/Dist_VMamba/VMamba/classification/cifar100_dist_train.py:698: FutureWarning: `torch.cuda.amp.autocast(args...)` is deprecated. Please use `torch.amp.autocast('cuda', args...)` instead.
  with torch.cuda.amp.autocast(enabled=amp_enabled):
  step 50/390  loss=1.1905  acc@1=89.89%
  step 100/390  loss=1.1872  acc@1=90.04%
  step 150/390  loss=1.1909  acc@1=89.94%
  step 200/390  loss=1.1977  acc@1=89.71%
  step 250/390  loss=1.2003  acc@1=89.58%
  step 300/390  loss=1.2063  acc@1=89.31%
  step 350/390  loss=1.2092  acc@1=89.16%
/home/kalyazin.nikolay/project_diff/Dist_VMamba/VMamba/classification/cifar100_dist_train.py:759: FutureWarning: `torch.cuda.amp.autocast(args...)` is deprecated. Please use `torch.amp.autocast('cuda', args...)` instead.
  with torch.cuda.amp.autocast(enabled=amp_enabled):
Epoch [23/50] train_loss=1.2126 train_acc=88.94% val_loss=2.0151 val_acc=64.04% best=64.80% time=38.0s | throughput=1314.65 samples/s | stat_eff=-0.000003 loss/sample | goodput=1209.38 samples/s | cum_wall=0.24h
/home/kalyazin.nikolay/project_diff/Dist_VMamba/VMamba/classification/cifar100_dist_train.py:698: FutureWarning: `torch.cuda.amp.autocast(args...)` is deprecated. Please use `torch.amp.autocast('cuda', args...)` instead.
  with torch.cuda.amp.autocast(enabled=amp_enabled):
  step 50/390  loss=1.1584  acc@1=91.41%
  step 100/390  loss=1.1652  acc@1=90.95%
  step 150/390  loss=1.1650  acc@1=90.82%
  step 200/390  loss=1.1685  acc@1=90.72%
  step 250/390  loss=1.1685  acc@1=90.67%
  step 300/390  loss=1.1737  acc@1=90.48%
  step 350/390  loss=1.1778  acc@1=90.35%
/home/kalyazin.nikolay/project_diff/Dist_VMamba/VMamba/classification/cifar100_dist_train.py:759: FutureWarning: `torch.cuda.amp.autocast(args...)` is deprecated. Please use `torch.amp.autocast('cuda', args...)` instead.
  with torch.cuda.amp.autocast(enabled=amp_enabled):
Epoch [24/50] train_loss=1.1798 train_acc=90.26% val_loss=2.0152 val_acc=64.77% best=64.80% time=37.9s | throughput=1317.56 samples/s | stat_eff=-0.000001 loss/sample | goodput=1210.89 samples/s | cum_wall=0.26h
/home/kalyazin.nikolay/project_diff/Dist_VMamba/VMamba/classification/cifar100_dist_train.py:698: FutureWarning: `torch.cuda.amp.autocast(args...)` is deprecated. Please use `torch.amp.autocast('cuda', args...)` instead.
  with torch.cuda.amp.autocast(enabled=amp_enabled):
  step 50/390  loss=1.1452  acc@1=91.17%
  step 100/390  loss=1.1335  acc@1=91.71%
  step 150/390  loss=1.1362  acc@1=91.77%
  step 200/390  loss=1.1409  acc@1=91.57%
  step 250/390  loss=1.1407  acc@1=91.50%
  step 300/390  loss=1.1447  acc@1=91.37%
  step 350/390  loss=1.1467  acc@1=91.26%
/home/kalyazin.nikolay/project_diff/Dist_VMamba/VMamba/classification/cifar100_dist_train.py:759: FutureWarning: `torch.cuda.amp.autocast(args...)` is deprecated. Please use `torch.amp.autocast('cuda', args...)` instead.
  with torch.cuda.amp.autocast(enabled=amp_enabled):
Epoch [25/50] train_loss=1.1478 train_acc=91.29% val_loss=2.0017 val_acc=64.90% best=64.90% time=37.8s | throughput=1321.03 samples/s | stat_eff=0.000003 loss/sample | goodput=1215.55 samples/s | cum_wall=0.27h
/home/kalyazin.nikolay/project_diff/Dist_VMamba/VMamba/classification/cifar100_dist_train.py:698: FutureWarning: `torch.cuda.amp.autocast(args...)` is deprecated. Please use `torch.amp.autocast('cuda', args...)` instead.
  with torch.cuda.amp.autocast(enabled=amp_enabled):
  step 50/390  loss=1.0933  acc@1=93.56%
  step 100/390  loss=1.0973  acc@1=93.28%
  step 150/390  loss=1.1036  acc@1=93.07%
  step 200/390  loss=1.1062  acc@1=92.97%
  step 250/390  loss=1.1116  acc@1=92.79%
  step 300/390  loss=1.1148  acc@1=92.63%
  step 350/390  loss=1.1170  acc@1=92.56%
/home/kalyazin.nikolay/project_diff/Dist_VMamba/VMamba/classification/cifar100_dist_train.py:759: FutureWarning: `torch.cuda.amp.autocast(args...)` is deprecated. Please use `torch.amp.autocast('cuda', args...)` instead.
  with torch.cuda.amp.autocast(enabled=amp_enabled):
Epoch [26/50] train_loss=1.1196 train_acc=92.45% val_loss=2.0253 val_acc=64.51% best=64.90% time=37.9s | throughput=1317.55 samples/s | stat_eff=0.000001 loss/sample | goodput=1212.56 samples/s | cum_wall=0.28h
/home/kalyazin.nikolay/project_diff/Dist_VMamba/VMamba/classification/cifar100_dist_train.py:698: FutureWarning: `torch.cuda.amp.autocast(args...)` is deprecated. Please use `torch.amp.autocast('cuda', args...)` instead.
  with torch.cuda.amp.autocast(enabled=amp_enabled):
  step 50/390  loss=1.0867  acc@1=93.66%
  step 100/390  loss=1.0814  acc@1=93.87%
  step 150/390  loss=1.0817  acc@1=93.91%
  step 200/390  loss=1.0816  acc@1=93.89%
  step 250/390  loss=1.0831  acc@1=93.78%
  step 300/390  loss=1.0843  acc@1=93.70%
  step 350/390  loss=1.0852  acc@1=93.69%
/home/kalyazin.nikolay/project_diff/Dist_VMamba/VMamba/classification/cifar100_dist_train.py:759: FutureWarning: `torch.cuda.amp.autocast(args...)` is deprecated. Please use `torch.amp.autocast('cuda', args...)` instead.
  with torch.cuda.amp.autocast(enabled=amp_enabled):
Epoch [27/50] train_loss=1.0889 train_acc=93.56% val_loss=1.9942 val_acc=65.35% best=65.35% time=37.9s | throughput=1316.14 samples/s | stat_eff=-0.000001 loss/sample | goodput=1210.51 samples/s | cum_wall=0.29h
/home/kalyazin.nikolay/project_diff/Dist_VMamba/VMamba/classification/cifar100_dist_train.py:698: FutureWarning: `torch.cuda.amp.autocast(args...)` is deprecated. Please use `torch.amp.autocast('cuda', args...)` instead.
  with torch.cuda.amp.autocast(enabled=amp_enabled):
  step 50/390  loss=1.0561  acc@1=94.75%
  step 100/390  loss=1.0512  acc@1=94.80%
  step 150/390  loss=1.0591  acc@1=94.54%
  step 200/390  loss=1.0606  acc@1=94.49%
  step 250/390  loss=1.0629  acc@1=94.40%
  step 300/390  loss=1.0653  acc@1=94.32%
  step 350/390  loss=1.0689  acc@1=94.15%
/home/kalyazin.nikolay/project_diff/Dist_VMamba/VMamba/classification/cifar100_dist_train.py:759: FutureWarning: `torch.cuda.amp.autocast(args...)` is deprecated. Please use `torch.amp.autocast('cuda', args...)` instead.
  with torch.cuda.amp.autocast(enabled=amp_enabled):
Epoch [28/50] train_loss=1.0710 train_acc=94.11% val_loss=1.9830 val_acc=65.61% best=65.61% time=38.2s | throughput=1307.19 samples/s | stat_eff=0.000000 loss/sample | goodput=1202.79 samples/s | cum_wall=0.30h
/home/kalyazin.nikolay/project_diff/Dist_VMamba/VMamba/classification/cifar100_dist_train.py:698: FutureWarning: `torch.cuda.amp.autocast(args...)` is deprecated. Please use `torch.amp.autocast('cuda', args...)` instead.
  with torch.cuda.amp.autocast(enabled=amp_enabled):
  step 50/390  loss=1.0389  acc@1=95.23%
  step 100/390  loss=1.0382  acc@1=95.14%
  step 150/390  loss=1.0385  acc@1=95.28%
  step 200/390  loss=1.0420  acc@1=95.15%
  step 250/390  loss=1.0437  acc@1=95.08%
  step 300/390  loss=1.0460  acc@1=94.96%
  step 350/390  loss=1.0472  acc@1=94.91%
/home/kalyazin.nikolay/project_diff/Dist_VMamba/VMamba/classification/cifar100_dist_train.py:759: FutureWarning: `torch.cuda.amp.autocast(args...)` is deprecated. Please use `torch.amp.autocast('cuda', args...)` instead.
  with torch.cuda.amp.autocast(enabled=amp_enabled):
Epoch [29/50] train_loss=1.0494 train_acc=94.82% val_loss=1.9826 val_acc=65.98% best=65.98% time=37.9s | throughput=1316.60 samples/s | stat_eff=0.000001 loss/sample | goodput=1211.20 samples/s | cum_wall=0.31h
/home/kalyazin.nikolay/project_diff/Dist_VMamba/VMamba/classification/cifar100_dist_train.py:698: FutureWarning: `torch.cuda.amp.autocast(args...)` is deprecated. Please use `torch.amp.autocast('cuda', args...)` instead.
  with torch.cuda.amp.autocast(enabled=amp_enabled):
  step 50/390  loss=1.0285  acc@1=95.70%
  step 100/390  loss=1.0259  acc@1=95.78%
  step 150/390  loss=1.0267  acc@1=95.60%
  step 200/390  loss=1.0314  acc@1=95.37%
  step 250/390  loss=1.0347  acc@1=95.30%
  step 300/390  loss=1.0331  acc@1=95.33%
  step 350/390  loss=1.0329  acc@1=95.35%
/home/kalyazin.nikolay/project_diff/Dist_VMamba/VMamba/classification/cifar100_dist_train.py:759: FutureWarning: `torch.cuda.amp.autocast(args...)` is deprecated. Please use `torch.amp.autocast('cuda', args...)` instead.
  with torch.cuda.amp.autocast(enabled=amp_enabled):
Epoch [30/50] train_loss=1.0333 train_acc=95.37% val_loss=1.9713 val_acc=65.90% best=65.98% time=38.2s | throughput=1308.38 samples/s | stat_eff=0.000002 loss/sample | goodput=1203.98 samples/s | cum_wall=0.32h
Saved checkpoint: /home/kalyazin.nikolay/project_diff/Dist_VMamba/VMamba/output/cifar100_vmamba_grid/pipeline_gpu2_20260405_103134/pipeline_g2_bs128_e50/ckpt_epoch_030.pth
/home/kalyazin.nikolay/project_diff/Dist_VMamba/VMamba/classification/cifar100_dist_train.py:698: FutureWarning: `torch.cuda.amp.autocast(args...)` is deprecated. Please use `torch.amp.autocast('cuda', args...)` instead.
  with torch.cuda.amp.autocast(enabled=amp_enabled):
  step 50/390  loss=1.0000  acc@1=96.70%
  step 100/390  loss=1.0037  acc@1=96.38%
  step 150/390  loss=1.0073  acc@1=96.10%
  step 200/390  loss=1.0092  acc@1=96.03%
  step 250/390  loss=1.0097  acc@1=96.05%
  step 300/390  loss=1.0119  acc@1=95.95%
  step 350/390  loss=1.0135  acc@1=95.95%
/home/kalyazin.nikolay/project_diff/Dist_VMamba/VMamba/classification/cifar100_dist_train.py:759: FutureWarning: `torch.cuda.amp.autocast(args...)` is deprecated. Please use `torch.amp.autocast('cuda', args...)` instead.
  with torch.cuda.amp.autocast(enabled=amp_enabled):
Epoch [31/50] train_loss=1.0152 train_acc=95.90% val_loss=1.9633 val_acc=66.50% best=66.50% time=38.0s | throughput=1314.29 samples/s | stat_eff=-0.000002 loss/sample | goodput=1207.70 samples/s | cum_wall=0.33h
/home/kalyazin.nikolay/project_diff/Dist_VMamba/VMamba/classification/cifar100_dist_train.py:698: FutureWarning: `torch.cuda.amp.autocast(args...)` is deprecated. Please use `torch.amp.autocast('cuda', args...)` instead.
  with torch.cuda.amp.autocast(enabled=amp_enabled):
  step 50/390  loss=0.9939  acc@1=96.67%
  step 100/390  loss=0.9926  acc@1=96.76%
  step 150/390  loss=0.9950  acc@1=96.72%
  step 200/390  loss=0.9984  acc@1=96.58%
  step 250/390  loss=0.9990  acc@1=96.55%
  step 300/390  loss=0.9997  acc@1=96.50%
  step 350/390  loss=0.9997  acc@1=96.48%
/home/kalyazin.nikolay/project_diff/Dist_VMamba/VMamba/classification/cifar100_dist_train.py:759: FutureWarning: `torch.cuda.amp.autocast(args...)` is deprecated. Please use `torch.amp.autocast('cuda', args...)` instead.
  with torch.cuda.amp.autocast(enabled=amp_enabled):
Epoch [32/50] train_loss=1.0004 train_acc=96.46% val_loss=1.9545 val_acc=67.05% best=67.05% time=37.7s | throughput=1322.46 samples/s | stat_eff=-0.000001 loss/sample | goodput=1214.54 samples/s | cum_wall=0.34h
/home/kalyazin.nikolay/project_diff/Dist_VMamba/VMamba/classification/cifar100_dist_train.py:698: FutureWarning: `torch.cuda.amp.autocast(args...)` is deprecated. Please use `torch.amp.autocast('cuda', args...)` instead.
  with torch.cuda.amp.autocast(enabled=amp_enabled):
  step 50/390  loss=0.9862  acc@1=96.83%
  step 100/390  loss=0.9880  acc@1=96.73%
  step 150/390  loss=0.9864  acc@1=96.78%
  step 200/390  loss=0.9863  acc@1=96.76%
  step 250/390  loss=0.9873  acc@1=96.70%
  step 300/390  loss=0.9880  acc@1=96.66%
  step 350/390  loss=0.9877  acc@1=96.67%
/home/kalyazin.nikolay/project_diff/Dist_VMamba/VMamba/classification/cifar100_dist_train.py:759: FutureWarning: `torch.cuda.amp.autocast(args...)` is deprecated. Please use `torch.amp.autocast('cuda', args...)` instead.
  with torch.cuda.amp.autocast(enabled=amp_enabled):
Epoch [33/50] train_loss=0.9902 train_acc=96.58% val_loss=1.9433 val_acc=66.83% best=67.05% time=37.9s | throughput=1316.88 samples/s | stat_eff=-0.000001 loss/sample | goodput=1211.66 samples/s | cum_wall=0.35h
/home/kalyazin.nikolay/project_diff/Dist_VMamba/VMamba/classification/cifar100_dist_train.py:698: FutureWarning: `torch.cuda.amp.autocast(args...)` is deprecated. Please use `torch.amp.autocast('cuda', args...)` instead.
  with torch.cuda.amp.autocast(enabled=amp_enabled):
  step 50/390  loss=0.9783  acc@1=96.95%
  step 100/390  loss=0.9778  acc@1=96.86%
  step 150/390  loss=0.9748  acc@1=96.97%
  step 200/390  loss=0.9748  acc@1=97.04%
  step 250/390  loss=0.9767  acc@1=96.98%
  step 300/390  loss=0.9766  acc@1=96.99%
  step 350/390  loss=0.9771  acc@1=96.94%
/home/kalyazin.nikolay/project_diff/Dist_VMamba/VMamba/classification/cifar100_dist_train.py:759: FutureWarning: `torch.cuda.amp.autocast(args...)` is deprecated. Please use `torch.amp.autocast('cuda', args...)` instead.
  with torch.cuda.amp.autocast(enabled=amp_enabled):
Epoch [34/50] train_loss=0.9772 train_acc=96.95% val_loss=1.9392 val_acc=67.43% best=67.43% time=36.0s | throughput=1387.61 samples/s | stat_eff=-0.000001 loss/sample | goodput=1277.73 samples/s | cum_wall=0.36h
/home/kalyazin.nikolay/project_diff/Dist_VMamba/VMamba/classification/cifar100_dist_train.py:698: FutureWarning: `torch.cuda.amp.autocast(args...)` is deprecated. Please use `torch.amp.autocast('cuda', args...)` instead.
  with torch.cuda.amp.autocast(enabled=amp_enabled):
  step 50/390  loss=0.9658  acc@1=97.36%
  step 100/390  loss=0.9658  acc@1=97.21%
  step 150/390  loss=0.9666  acc@1=97.17%
  step 200/390  loss=0.9674  acc@1=97.22%
  step 250/390  loss=0.9687  acc@1=97.12%
  step 300/390  loss=0.9682  acc@1=97.13%
  step 350/390  loss=0.9678  acc@1=97.16%
/home/kalyazin.nikolay/project_diff/Dist_VMamba/VMamba/classification/cifar100_dist_train.py:759: FutureWarning: `torch.cuda.amp.autocast(args...)` is deprecated. Please use `torch.amp.autocast('cuda', args...)` instead.
  with torch.cuda.amp.autocast(enabled=amp_enabled):
Epoch [35/50] train_loss=0.9673 train_acc=97.20% val_loss=1.9300 val_acc=67.03% best=67.43% time=35.0s | throughput=1426.31 samples/s | stat_eff=0.000002 loss/sample | goodput=1310.55 samples/s | cum_wall=0.37h
/home/kalyazin.nikolay/project_diff/Dist_VMamba/VMamba/classification/cifar100_dist_train.py:698: FutureWarning: `torch.cuda.amp.autocast(args...)` is deprecated. Please use `torch.amp.autocast('cuda', args...)` instead.
  with torch.cuda.amp.autocast(enabled=amp_enabled):
  step 50/390  loss=0.9502  acc@1=97.44%
  step 100/390  loss=0.9490  acc@1=97.59%
  step 150/390  loss=0.9527  acc@1=97.55%
  step 200/390  loss=0.9546  acc@1=97.49%
  step 250/390  loss=0.9552  acc@1=97.48%
  step 300/390  loss=0.9550  acc@1=97.48%
  step 350/390  loss=0.9557  acc@1=97.45%
/home/kalyazin.nikolay/project_diff/Dist_VMamba/VMamba/classification/cifar100_dist_train.py:759: FutureWarning: `torch.cuda.amp.autocast(args...)` is deprecated. Please use `torch.amp.autocast('cuda', args...)` instead.
  with torch.cuda.amp.autocast(enabled=amp_enabled):
Epoch [36/50] train_loss=0.9566 train_acc=97.43% val_loss=1.9229 val_acc=67.38% best=67.43% time=34.9s | throughput=1430.58 samples/s | stat_eff=0.000000 loss/sample | goodput=1314.19 samples/s | cum_wall=0.38h
/home/kalyazin.nikolay/project_diff/Dist_VMamba/VMamba/classification/cifar100_dist_train.py:698: FutureWarning: `torch.cuda.amp.autocast(args...)` is deprecated. Please use `torch.amp.autocast('cuda', args...)` instead.
  with torch.cuda.amp.autocast(enabled=amp_enabled):
  step 50/390  loss=0.9443  acc@1=98.05%
  step 100/390  loss=0.9417  acc@1=97.92%
  step 150/390  loss=0.9441  acc@1=97.88%
  step 200/390  loss=0.9457  acc@1=97.82%
  step 250/390  loss=0.9469  acc@1=97.78%
  step 300/390  loss=0.9475  acc@1=97.73%
  step 350/390  loss=0.9485  acc@1=97.69%
/home/kalyazin.nikolay/project_diff/Dist_VMamba/VMamba/classification/cifar100_dist_train.py:759: FutureWarning: `torch.cuda.amp.autocast(args...)` is deprecated. Please use `torch.amp.autocast('cuda', args...)` instead.
  with torch.cuda.amp.autocast(enabled=amp_enabled):
Epoch [37/50] train_loss=0.9493 train_acc=97.63% val_loss=1.9195 val_acc=67.82% best=67.82% time=35.0s | throughput=1427.06 samples/s | stat_eff=-0.000001 loss/sample | goodput=1311.39 samples/s | cum_wall=0.39h
/home/kalyazin.nikolay/project_diff/Dist_VMamba/VMamba/classification/cifar100_dist_train.py:698: FutureWarning: `torch.cuda.amp.autocast(args...)` is deprecated. Please use `torch.amp.autocast('cuda', args...)` instead.
  with torch.cuda.amp.autocast(enabled=amp_enabled):
  step 50/390  loss=0.9429  acc@1=97.98%
  step 100/390  loss=0.9440  acc@1=97.77%
  step 150/390  loss=0.9417  acc@1=97.82%
  step 200/390  loss=0.9422  acc@1=97.76%
  step 250/390  loss=0.9423  acc@1=97.70%
  step 300/390  loss=0.9429  acc@1=97.68%
  step 350/390  loss=0.9437  acc@1=97.66%
/home/kalyazin.nikolay/project_diff/Dist_VMamba/VMamba/classification/cifar100_dist_train.py:759: FutureWarning: `torch.cuda.amp.autocast(args...)` is deprecated. Please use `torch.amp.autocast('cuda', args...)` instead.
  with torch.cuda.amp.autocast(enabled=amp_enabled):
Epoch [38/50] train_loss=0.9442 train_acc=97.65% val_loss=1.9166 val_acc=67.70% best=67.82% time=34.8s | throughput=1433.01 samples/s | stat_eff=0.000001 loss/sample | goodput=1316.62 samples/s | cum_wall=0.40h
/home/kalyazin.nikolay/project_diff/Dist_VMamba/VMamba/classification/cifar100_dist_train.py:698: FutureWarning: `torch.cuda.amp.autocast(args...)` is deprecated. Please use `torch.amp.autocast('cuda', args...)` instead.
  with torch.cuda.amp.autocast(enabled=amp_enabled):
  step 50/390  loss=0.9324  acc@1=97.98%
  step 100/390  loss=0.9302  acc@1=98.08%
  step 150/390  loss=0.9338  acc@1=97.90%
  step 200/390  loss=0.9345  acc@1=97.87%
  step 250/390  loss=0.9362  acc@1=97.80%
  step 300/390  loss=0.9378  acc@1=97.75%
  step 350/390  loss=0.9377  acc@1=97.76%
/home/kalyazin.nikolay/project_diff/Dist_VMamba/VMamba/classification/cifar100_dist_train.py:759: FutureWarning: `torch.cuda.amp.autocast(args...)` is deprecated. Please use `torch.amp.autocast('cuda', args...)` instead.
  with torch.cuda.amp.autocast(enabled=amp_enabled):
Epoch [39/50] train_loss=0.9373 train_acc=97.80% val_loss=1.9098 val_acc=67.69% best=67.82% time=34.8s | throughput=1433.34 samples/s | stat_eff=0.000002 loss/sample | goodput=1317.57 samples/s | cum_wall=0.41h
/home/kalyazin.nikolay/project_diff/Dist_VMamba/VMamba/classification/cifar100_dist_train.py:698: FutureWarning: `torch.cuda.amp.autocast(args...)` is deprecated. Please use `torch.amp.autocast('cuda', args...)` instead.
  with torch.cuda.amp.autocast(enabled=amp_enabled):
  step 50/390  loss=0.9346  acc@1=97.92%
  step 100/390  loss=0.9338  acc@1=97.91%
  step 150/390  loss=0.9324  acc@1=97.91%
  step 200/390  loss=0.9321  acc@1=97.93%
  step 250/390  loss=0.9310  acc@1=97.98%
  step 300/390  loss=0.9305  acc@1=98.00%
  step 350/390  loss=0.9309  acc@1=98.00%
/home/kalyazin.nikolay/project_diff/Dist_VMamba/VMamba/classification/cifar100_dist_train.py:759: FutureWarning: `torch.cuda.amp.autocast(args...)` is deprecated. Please use `torch.amp.autocast('cuda', args...)` instead.
  with torch.cuda.amp.autocast(enabled=amp_enabled):
Epoch [40/50] train_loss=0.9311 train_acc=97.99% val_loss=1.9072 val_acc=68.09% best=68.09% time=34.9s | throughput=1431.88 samples/s | stat_eff=0.000001 loss/sample | goodput=1315.96 samples/s | cum_wall=0.42h
Saved checkpoint: /home/kalyazin.nikolay/project_diff/Dist_VMamba/VMamba/output/cifar100_vmamba_grid/pipeline_gpu2_20260405_103134/pipeline_g2_bs128_e50/ckpt_epoch_040.pth
/home/kalyazin.nikolay/project_diff/Dist_VMamba/VMamba/classification/cifar100_dist_train.py:698: FutureWarning: `torch.cuda.amp.autocast(args...)` is deprecated. Please use `torch.amp.autocast('cuda', args...)` instead.
  with torch.cuda.amp.autocast(enabled=amp_enabled):
  step 50/390  loss=0.9198  acc@1=98.34%
  step 100/390  loss=0.9205  acc@1=98.36%
  step 150/390  loss=0.9197  acc@1=98.34%
  step 200/390  loss=0.9208  acc@1=98.30%
  step 250/390  loss=0.9205  acc@1=98.28%
  step 300/390  loss=0.9206  acc@1=98.29%
  step 350/390  loss=0.9212  acc@1=98.27%
/home/kalyazin.nikolay/project_diff/Dist_VMamba/VMamba/classification/cifar100_dist_train.py:759: FutureWarning: `torch.cuda.amp.autocast(args...)` is deprecated. Please use `torch.amp.autocast('cuda', args...)` instead.
  with torch.cuda.amp.autocast(enabled=amp_enabled):
Epoch [41/50] train_loss=0.9219 train_acc=98.23% val_loss=1.9026 val_acc=68.08% best=68.09% time=34.8s | throughput=1433.99 samples/s | stat_eff=0.000001 loss/sample | goodput=1317.81 samples/s | cum_wall=0.43h
/home/kalyazin.nikolay/project_diff/Dist_VMamba/VMamba/classification/cifar100_dist_train.py:698: FutureWarning: `torch.cuda.amp.autocast(args...)` is deprecated. Please use `torch.amp.autocast('cuda', args...)` instead.
  with torch.cuda.amp.autocast(enabled=amp_enabled):
  step 50/390  loss=0.9168  acc@1=98.25%
  step 100/390  loss=0.9217  acc@1=98.05%
  step 150/390  loss=0.9203  acc@1=98.12%
  step 200/390  loss=0.9206  acc@1=98.15%
  step 250/390  loss=0.9210  acc@1=98.16%
  step 300/390  loss=0.9206  acc@1=98.19%
  step 350/390  loss=0.9215  acc@1=98.14%
/home/kalyazin.nikolay/project_diff/Dist_VMamba/VMamba/classification/cifar100_dist_train.py:759: FutureWarning: `torch.cuda.amp.autocast(args...)` is deprecated. Please use `torch.amp.autocast('cuda', args...)` instead.
  with torch.cuda.amp.autocast(enabled=amp_enabled):
Epoch [42/50] train_loss=0.9209 train_acc=98.17% val_loss=1.9010 val_acc=68.64% best=68.64% time=35.1s | throughput=1420.95 samples/s | stat_eff=-0.000000 loss/sample | goodput=1306.34 samples/s | cum_wall=0.44h
/home/kalyazin.nikolay/project_diff/Dist_VMamba/VMamba/classification/cifar100_dist_train.py:698: FutureWarning: `torch.cuda.amp.autocast(args...)` is deprecated. Please use `torch.amp.autocast('cuda', args...)` instead.
  with torch.cuda.amp.autocast(enabled=amp_enabled):
  step 50/390  loss=0.9136  acc@1=98.47%
  step 100/390  loss=0.9129  acc@1=98.39%
  step 150/390  loss=0.9151  acc@1=98.31%
  step 200/390  loss=0.9147  acc@1=98.30%
  step 250/390  loss=0.9155  acc@1=98.28%
  step 300/390  loss=0.9152  acc@1=98.28%
  step 350/390  loss=0.9161  acc@1=98.26%
/home/kalyazin.nikolay/project_diff/Dist_VMamba/VMamba/classification/cifar100_dist_train.py:759: FutureWarning: `torch.cuda.amp.autocast(args...)` is deprecated. Please use `torch.amp.autocast('cuda', args...)` instead.
  with torch.cuda.amp.autocast(enabled=amp_enabled):
Epoch [43/50] train_loss=0.9162 train_acc=98.26% val_loss=1.9014 val_acc=68.39% best=68.64% time=34.9s | throughput=1431.92 samples/s | stat_eff=0.000001 loss/sample | goodput=1315.54 samples/s | cum_wall=0.45h
/home/kalyazin.nikolay/project_diff/Dist_VMamba/VMamba/classification/cifar100_dist_train.py:698: FutureWarning: `torch.cuda.amp.autocast(args...)` is deprecated. Please use `torch.amp.autocast('cuda', args...)` instead.
  with torch.cuda.amp.autocast(enabled=amp_enabled):
  step 50/390  loss=0.9115  acc@1=98.39%
  step 100/390  loss=0.9110  acc@1=98.34%
  step 150/390  loss=0.9103  acc@1=98.41%
  step 200/390  loss=0.9118  acc@1=98.36%
  step 250/390  loss=0.9120  acc@1=98.36%
  step 300/390  loss=0.9112  acc@1=98.41%
  step 350/390  loss=0.9111  acc@1=98.42%
/home/kalyazin.nikolay/project_diff/Dist_VMamba/VMamba/classification/cifar100_dist_train.py:759: FutureWarning: `torch.cuda.amp.autocast(args...)` is deprecated. Please use `torch.amp.autocast('cuda', args...)` instead.
  with torch.cuda.amp.autocast(enabled=amp_enabled):
Epoch [44/50] train_loss=0.9106 train_acc=98.44% val_loss=1.8952 val_acc=68.39% best=68.64% time=35.1s | throughput=1420.81 samples/s | stat_eff=-0.000000 loss/sample | goodput=1305.72 samples/s | cum_wall=0.46h
/home/kalyazin.nikolay/project_diff/Dist_VMamba/VMamba/classification/cifar100_dist_train.py:698: FutureWarning: `torch.cuda.amp.autocast(args...)` is deprecated. Please use `torch.amp.autocast('cuda', args...)` instead.
  with torch.cuda.amp.autocast(enabled=amp_enabled):
  step 50/390  loss=0.9115  acc@1=98.45%
  step 100/390  loss=0.9092  acc@1=98.56%
  step 150/390  loss=0.9097  acc@1=98.46%
  step 200/390  loss=0.9097  acc@1=98.46%
  step 250/390  loss=0.9100  acc@1=98.42%
  step 300/390  loss=0.9092  acc@1=98.45%
  step 350/390  loss=0.9086  acc@1=98.48%
/home/kalyazin.nikolay/project_diff/Dist_VMamba/VMamba/classification/cifar100_dist_train.py:759: FutureWarning: `torch.cuda.amp.autocast(args...)` is deprecated. Please use `torch.amp.autocast('cuda', args...)` instead.
  with torch.cuda.amp.autocast(enabled=amp_enabled):
Epoch [45/50] train_loss=0.9084 train_acc=98.49% val_loss=1.8953 val_acc=68.48% best=68.64% time=35.2s | throughput=1419.16 samples/s | stat_eff=0.000001 loss/sample | goodput=1304.59 samples/s | cum_wall=0.47h
/home/kalyazin.nikolay/project_diff/Dist_VMamba/VMamba/classification/cifar100_dist_train.py:698: FutureWarning: `torch.cuda.amp.autocast(args...)` is deprecated. Please use `torch.amp.autocast('cuda', args...)` instead.
  with torch.cuda.amp.autocast(enabled=amp_enabled):
  step 50/390  loss=0.9085  acc@1=98.47%
  step 100/390  loss=0.9059  acc@1=98.55%
  step 150/390  loss=0.9048  acc@1=98.61%
  step 200/390  loss=0.9079  acc@1=98.50%
  step 250/390  loss=0.9092  acc@1=98.46%
  step 300/390  loss=0.9090  acc@1=98.48%
  step 350/390  loss=0.9091  acc@1=98.47%
/home/kalyazin.nikolay/project_diff/Dist_VMamba/VMamba/classification/cifar100_dist_train.py:759: FutureWarning: `torch.cuda.amp.autocast(args...)` is deprecated. Please use `torch.amp.autocast('cuda', args...)` instead.
  with torch.cuda.amp.autocast(enabled=amp_enabled):
Epoch [46/50] train_loss=0.9088 train_acc=98.49% val_loss=1.8952 val_acc=68.47% best=68.64% time=34.9s | throughput=1431.21 samples/s | stat_eff=-0.000001 loss/sample | goodput=1314.62 samples/s | cum_wall=0.48h
/home/kalyazin.nikolay/project_diff/Dist_VMamba/VMamba/classification/cifar100_dist_train.py:698: FutureWarning: `torch.cuda.amp.autocast(args...)` is deprecated. Please use `torch.amp.autocast('cuda', args...)` instead.
  with torch.cuda.amp.autocast(enabled=amp_enabled):
  step 50/390  loss=0.9142  acc@1=98.27%
  step 100/390  loss=0.9105  acc@1=98.45%
  step 150/390  loss=0.9086  acc@1=98.49%
  step 200/390  loss=0.9079  acc@1=98.52%
  step 250/390  loss=0.9072  acc@1=98.51%
  step 300/390  loss=0.9067  acc@1=98.54%
  step 350/390  loss=0.9065  acc@1=98.54%
/home/kalyazin.nikolay/project_diff/Dist_VMamba/VMamba/classification/cifar100_dist_train.py:759: FutureWarning: `torch.cuda.amp.autocast(args...)` is deprecated. Please use `torch.amp.autocast('cuda', args...)` instead.
  with torch.cuda.amp.autocast(enabled=amp_enabled):
Epoch [47/50] train_loss=0.9066 train_acc=98.53% val_loss=1.8951 val_acc=68.58% best=68.64% time=34.9s | throughput=1431.57 samples/s | stat_eff=-0.000001 loss/sample | goodput=1314.97 samples/s | cum_wall=0.49h
/home/kalyazin.nikolay/project_diff/Dist_VMamba/VMamba/classification/cifar100_dist_train.py:698: FutureWarning: `torch.cuda.amp.autocast(args...)` is deprecated. Please use `torch.amp.autocast('cuda', args...)` instead.
  with torch.cuda.amp.autocast(enabled=amp_enabled):
  step 50/390  loss=0.9090  acc@1=98.47%
  step 100/390  loss=0.9042  acc@1=98.61%
  step 150/390  loss=0.9039  acc@1=98.66%
  step 200/390  loss=0.9035  acc@1=98.60%
  step 250/390  loss=0.9035  acc@1=98.60%
  step 300/390  loss=0.9039  acc@1=98.59%
  step 350/390  loss=0.9037  acc@1=98.58%
/home/kalyazin.nikolay/project_diff/Dist_VMamba/VMamba/classification/cifar100_dist_train.py:759: FutureWarning: `torch.cuda.amp.autocast(args...)` is deprecated. Please use `torch.amp.autocast('cuda', args...)` instead.
  with torch.cuda.amp.autocast(enabled=amp_enabled):
Epoch [48/50] train_loss=0.9035 train_acc=98.59% val_loss=1.8948 val_acc=68.52% best=68.64% time=34.9s | throughput=1432.25 samples/s | stat_eff=0.000000 loss/sample | goodput=1316.16 samples/s | cum_wall=0.50h
/home/kalyazin.nikolay/project_diff/Dist_VMamba/VMamba/classification/cifar100_dist_train.py:698: FutureWarning: `torch.cuda.amp.autocast(args...)` is deprecated. Please use `torch.amp.autocast('cuda', args...)` instead.
  with torch.cuda.amp.autocast(enabled=amp_enabled):
  step 50/390  loss=0.9089  acc@1=98.31%
  step 100/390  loss=0.9050  acc@1=98.51%
  step 150/390  loss=0.9048  acc@1=98.52%
  step 200/390  loss=0.9041  acc@1=98.52%
  step 250/390  loss=0.9040  acc@1=98.53%
  step 300/390  loss=0.9042  acc@1=98.53%
  step 350/390  loss=0.9040  acc@1=98.52%
/home/kalyazin.nikolay/project_diff/Dist_VMamba/VMamba/classification/cifar100_dist_train.py:759: FutureWarning: `torch.cuda.amp.autocast(args...)` is deprecated. Please use `torch.amp.autocast('cuda', args...)` instead.
  with torch.cuda.amp.autocast(enabled=amp_enabled):
Epoch [49/50] train_loss=0.9043 train_acc=98.51% val_loss=1.8943 val_acc=68.48% best=68.64% time=34.9s | throughput=1430.23 samples/s | stat_eff=-0.000001 loss/sample | goodput=1314.33 samples/s | cum_wall=0.51h
/home/kalyazin.nikolay/project_diff/Dist_VMamba/VMamba/classification/cifar100_dist_train.py:698: FutureWarning: `torch.cuda.amp.autocast(args...)` is deprecated. Please use `torch.amp.autocast('cuda', args...)` instead.
  with torch.cuda.amp.autocast(enabled=amp_enabled):
  step 50/390  loss=0.9060  acc@1=98.61%
  step 100/390  loss=0.9060  acc@1=98.53%
  step 150/390  loss=0.9055  acc@1=98.54%
  step 200/390  loss=0.9044  acc@1=98.56%
  step 250/390  loss=0.9048  acc@1=98.56%
  step 300/390  loss=0.9043  acc@1=98.59%
  step 350/390  loss=0.9039  acc@1=98.59%
/home/kalyazin.nikolay/project_diff/Dist_VMamba/VMamba/classification/cifar100_dist_train.py:759: FutureWarning: `torch.cuda.amp.autocast(args...)` is deprecated. Please use `torch.amp.autocast('cuda', args...)` instead.
  with torch.cuda.amp.autocast(enabled=amp_enabled):
Epoch [50/50] train_loss=0.9039 train_acc=98.59% val_loss=1.8940 val_acc=68.48% best=68.64% time=34.9s | throughput=1431.29 samples/s | stat_eff=0.000000 loss/sample | goodput=1314.10 samples/s | cum_wall=0.52h
Saved checkpoint: /home/kalyazin.nikolay/project_diff/Dist_VMamba/VMamba/output/cifar100_vmamba_grid/pipeline_gpu2_20260405_103134/pipeline_g2_bs128_e50/ckpt_epoch_050.pth
