/home/kalyazin.nikolay/project_diff/Dist_VMamba/VMamba/classification/models/csms6s.py:74: FutureWarning: `torch.cuda.amp.custom_fwd(args...)` is deprecated. Please use `torch.amp.custom_fwd(args..., device_type='cuda')` instead.
  def forward(ctx, u, delta, A, B, C, D=None, delta_bias=None, delta_softplus=False, oflex=True, backend=None):
/home/kalyazin.nikolay/project_diff/Dist_VMamba/VMamba/classification/models/csms6s.py:91: FutureWarning: `torch.cuda.amp.custom_bwd(args...)` is deprecated. Please use `torch.amp.custom_bwd(args..., device_type='cuda')` instead.
  def backward(ctx, dout, *args):
/home/kalyazin.nikolay/project_diff/Dist_VMamba/VMamba/classification/models/mamba2/ssd_combined.py:764: FutureWarning: `torch.cuda.amp.custom_fwd(args...)` is deprecated. Please use `torch.amp.custom_fwd(args..., device_type='cuda')` instead.
  def forward(ctx, zxbcdt, conv1d_weight, conv1d_bias, dt_bias, A, D, chunk_size, initial_states=None, seq_idx=None, dt_limit=(0.0, float("inf")), return_final_states=False, activation="silu",
/home/kalyazin.nikolay/project_diff/Dist_VMamba/VMamba/classification/models/mamba2/ssd_combined.py:842: FutureWarning: `torch.cuda.amp.custom_bwd(args...)` is deprecated. Please use `torch.amp.custom_bwd(args..., device_type='cuda')` instead.
  def backward(ctx, dout, *args):
Parallel mode: pipeline
World size: 1 | Rank: 0 | Device: cuda:0
/home/kalyazin.nikolay/project_diff/Dist_VMamba/VMamba/classification/cifar100_dist_train.py:996: FutureWarning: `torch.cuda.amp.GradScaler(args...)` is deprecated. Please use `torch.amp.GradScaler('cuda', args...)` instead.
  scaler = torch.cuda.amp.GradScaler(enabled=amp_enabled)
TensorBoard logging enabled: /home/kalyazin.nikolay/project_diff/Dist_VMamba/VMamba/output/cifar100_vmamba_grid/pipeline_gpu4_20260405_130145/pipeline_g4_bs128_e50/tensorboard
/home/kalyazin.nikolay/project_diff/Dist_VMamba/VMamba/classification/cifar100_dist_train.py:698: FutureWarning: `torch.cuda.amp.autocast(args...)` is deprecated. Please use `torch.amp.autocast('cuda', args...)` instead.
  with torch.cuda.amp.autocast(enabled=amp_enabled):
/home/kalyazin.nikolay/project_diff/Dist_VMamba/VMamba/classification/cifar100_dist_train.py:698: FutureWarning: `torch.cuda.amp.autocast(args...)` is deprecated. Please use `torch.amp.autocast('cuda', args...)` instead.
  with torch.cuda.amp.autocast(enabled=amp_enabled):
  step 50/390  loss=4.5502  acc@1=2.59%
  step 100/390  loss=4.4685  acc@1=3.29%
  step 150/390  loss=4.3980  acc@1=4.06%
  step 200/390  loss=4.3335  acc@1=4.93%
  step 250/390  loss=4.2806  acc@1=5.60%
  step 300/390  loss=4.2334  acc@1=6.46%
  step 350/390  loss=4.1895  acc@1=7.13%
/home/kalyazin.nikolay/project_diff/Dist_VMamba/VMamba/classification/cifar100_dist_train.py:759: FutureWarning: `torch.cuda.amp.autocast(args...)` is deprecated. Please use `torch.amp.autocast('cuda', args...)` instead.
  with torch.cuda.amp.autocast(enabled=amp_enabled):
Epoch [1/50] train_loss=4.1595 train_acc=7.52% val_loss=3.8636 val_acc=12.46% best=12.46% time=49.6s | throughput=1006.43 samples/s | stat_eff=0.000015 loss/sample | goodput=872.32 samples/s | cum_wall=0.01h
/home/kalyazin.nikolay/project_diff/Dist_VMamba/VMamba/classification/cifar100_dist_train.py:698: FutureWarning: `torch.cuda.amp.autocast(args...)` is deprecated. Please use `torch.amp.autocast('cuda', args...)` instead.
  with torch.cuda.amp.autocast(enabled=amp_enabled):
  step 50/390  loss=3.8247  acc@1=13.97%
  step 100/390  loss=3.7906  acc@1=14.20%
  step 150/390  loss=3.7713  acc@1=14.60%
  step 200/390  loss=3.7467  acc@1=15.11%
  step 250/390  loss=3.7229  acc@1=15.57%
  step 300/390  loss=3.7041  acc@1=16.06%
  step 350/390  loss=3.6758  acc@1=16.75%
/home/kalyazin.nikolay/project_diff/Dist_VMamba/VMamba/classification/cifar100_dist_train.py:759: FutureWarning: `torch.cuda.amp.autocast(args...)` is deprecated. Please use `torch.amp.autocast('cuda', args...)` instead.
  with torch.cuda.amp.autocast(enabled=amp_enabled):
Epoch [2/50] train_loss=3.6623 train_acc=17.20% val_loss=3.4534 val_acc=22.62% best=22.62% time=37.3s | throughput=1337.82 samples/s | stat_eff=0.000007 loss/sample | goodput=1224.11 samples/s | cum_wall=0.02h
/home/kalyazin.nikolay/project_diff/Dist_VMamba/VMamba/classification/cifar100_dist_train.py:698: FutureWarning: `torch.cuda.amp.autocast(args...)` is deprecated. Please use `torch.amp.autocast('cuda', args...)` instead.
  with torch.cuda.amp.autocast(enabled=amp_enabled):
  step 50/390  loss=3.4252  acc@1=22.42%
  step 100/390  loss=3.4111  acc@1=22.85%
  step 150/390  loss=3.3857  acc@1=23.36%
  step 200/390  loss=3.3701  acc@1=23.83%
  step 250/390  loss=3.3561  acc@1=24.21%
  step 300/390  loss=3.3356  acc@1=24.72%
  step 350/390  loss=3.3201  acc@1=25.10%
/home/kalyazin.nikolay/project_diff/Dist_VMamba/VMamba/classification/cifar100_dist_train.py:759: FutureWarning: `torch.cuda.amp.autocast(args...)` is deprecated. Please use `torch.amp.autocast('cuda', args...)` instead.
  with torch.cuda.amp.autocast(enabled=amp_enabled):
Epoch [3/50] train_loss=3.3078 train_acc=25.43% val_loss=3.1026 val_acc=31.74% best=31.74% time=37.5s | throughput=1332.17 samples/s | stat_eff=0.000003 loss/sample | goodput=1217.42 samples/s | cum_wall=0.03h
/home/kalyazin.nikolay/project_diff/Dist_VMamba/VMamba/classification/cifar100_dist_train.py:698: FutureWarning: `torch.cuda.amp.autocast(args...)` is deprecated. Please use `torch.amp.autocast('cuda', args...)` instead.
  with torch.cuda.amp.autocast(enabled=amp_enabled):
  step 50/390  loss=3.1104  acc@1=29.86%
  step 100/390  loss=3.1048  acc@1=30.05%
  step 150/390  loss=3.0905  acc@1=30.57%
  step 200/390  loss=3.0729  acc@1=30.99%
  step 250/390  loss=3.0561  acc@1=31.52%
  step 300/390  loss=3.0465  acc@1=31.84%
  step 350/390  loss=3.0371  acc@1=32.27%
/home/kalyazin.nikolay/project_diff/Dist_VMamba/VMamba/classification/cifar100_dist_train.py:759: FutureWarning: `torch.cuda.amp.autocast(args...)` is deprecated. Please use `torch.amp.autocast('cuda', args...)` instead.
  with torch.cuda.amp.autocast(enabled=amp_enabled):
Epoch [4/50] train_loss=3.0234 train_acc=32.71% val_loss=2.8836 val_acc=35.95% best=35.95% time=37.2s | throughput=1341.64 samples/s | stat_eff=-0.000005 loss/sample | goodput=1228.81 samples/s | cum_wall=0.04h
/home/kalyazin.nikolay/project_diff/Dist_VMamba/VMamba/classification/cifar100_dist_train.py:698: FutureWarning: `torch.cuda.amp.autocast(args...)` is deprecated. Please use `torch.amp.autocast('cuda', args...)` instead.
  with torch.cuda.amp.autocast(enabled=amp_enabled):
  step 50/390  loss=2.8669  acc@1=36.23%
  step 100/390  loss=2.8599  acc@1=36.02%
  step 150/390  loss=2.8532  acc@1=36.49%
  step 200/390  loss=2.8421  acc@1=36.77%
  step 250/390  loss=2.8317  acc@1=37.23%
  step 300/390  loss=2.8212  acc@1=37.42%
  step 350/390  loss=2.8127  acc@1=37.68%
/home/kalyazin.nikolay/project_diff/Dist_VMamba/VMamba/classification/cifar100_dist_train.py:759: FutureWarning: `torch.cuda.amp.autocast(args...)` is deprecated. Please use `torch.amp.autocast('cuda', args...)` instead.
  with torch.cuda.amp.autocast(enabled=amp_enabled):
Epoch [5/50] train_loss=2.8084 train_acc=37.84% val_loss=2.7365 val_acc=40.53% best=40.53% time=37.2s | throughput=1342.90 samples/s | stat_eff=0.000001 loss/sample | goodput=1230.54 samples/s | cum_wall=0.06h
/home/kalyazin.nikolay/project_diff/Dist_VMamba/VMamba/classification/cifar100_dist_train.py:698: FutureWarning: `torch.cuda.amp.autocast(args...)` is deprecated. Please use `torch.amp.autocast('cuda', args...)` instead.
  with torch.cuda.amp.autocast(enabled=amp_enabled):
  step 50/390  loss=2.6486  acc@1=41.58%
  step 100/390  loss=2.6600  acc@1=41.48%
  step 150/390  loss=2.6449  acc@1=41.84%
  step 200/390  loss=2.6427  acc@1=42.08%
  step 250/390  loss=2.6348  acc@1=42.42%
  step 300/390  loss=2.6294  acc@1=42.63%
  step 350/390  loss=2.6230  acc@1=42.89%
/home/kalyazin.nikolay/project_diff/Dist_VMamba/VMamba/classification/cifar100_dist_train.py:759: FutureWarning: `torch.cuda.amp.autocast(args...)` is deprecated. Please use `torch.amp.autocast('cuda', args...)` instead.
  with torch.cuda.amp.autocast(enabled=amp_enabled):
Epoch [6/50] train_loss=2.6172 train_acc=43.09% val_loss=2.5374 val_acc=45.86% best=45.86% time=37.2s | throughput=1341.59 samples/s | stat_eff=0.000003 loss/sample | goodput=1228.49 samples/s | cum_wall=0.07h
/home/kalyazin.nikolay/project_diff/Dist_VMamba/VMamba/classification/cifar100_dist_train.py:698: FutureWarning: `torch.cuda.amp.autocast(args...)` is deprecated. Please use `torch.amp.autocast('cuda', args...)` instead.
  with torch.cuda.amp.autocast(enabled=amp_enabled):
  step 50/390  loss=2.4415  acc@1=48.30%
  step 100/390  loss=2.4579  acc@1=47.73%
  step 150/390  loss=2.4621  acc@1=47.53%
  step 200/390  loss=2.4618  acc@1=47.47%
  step 250/390  loss=2.4598  acc@1=47.58%
  step 300/390  loss=2.4598  acc@1=47.57%
  step 350/390  loss=2.4582  acc@1=47.60%
/home/kalyazin.nikolay/project_diff/Dist_VMamba/VMamba/classification/cifar100_dist_train.py:759: FutureWarning: `torch.cuda.amp.autocast(args...)` is deprecated. Please use `torch.amp.autocast('cuda', args...)` instead.
  with torch.cuda.amp.autocast(enabled=amp_enabled):
Epoch [7/50] train_loss=2.4527 train_acc=47.77% val_loss=2.4408 val_acc=48.62% best=48.62% time=37.4s | throughput=1335.73 samples/s | stat_eff=0.000001 loss/sample | goodput=1220.59 samples/s | cum_wall=0.08h
/home/kalyazin.nikolay/project_diff/Dist_VMamba/VMamba/classification/cifar100_dist_train.py:698: FutureWarning: `torch.cuda.amp.autocast(args...)` is deprecated. Please use `torch.amp.autocast('cuda', args...)` instead.
  with torch.cuda.amp.autocast(enabled=amp_enabled):
  step 50/390  loss=2.3094  acc@1=51.80%
  step 100/390  loss=2.3218  acc@1=51.27%
  step 150/390  loss=2.3215  acc@1=51.50%
  step 200/390  loss=2.3276  acc@1=51.41%
  step 250/390  loss=2.3312  acc@1=51.29%
  step 300/390  loss=2.3315  acc@1=51.29%
  step 350/390  loss=2.3317  acc@1=51.29%
/home/kalyazin.nikolay/project_diff/Dist_VMamba/VMamba/classification/cifar100_dist_train.py:759: FutureWarning: `torch.cuda.amp.autocast(args...)` is deprecated. Please use `torch.amp.autocast('cuda', args...)` instead.
  with torch.cuda.amp.autocast(enabled=amp_enabled):
Epoch [8/50] train_loss=2.3273 train_acc=51.46% val_loss=2.3696 val_acc=51.06% best=51.06% time=37.2s | throughput=1340.96 samples/s | stat_eff=0.000001 loss/sample | goodput=1226.27 samples/s | cum_wall=0.09h
/home/kalyazin.nikolay/project_diff/Dist_VMamba/VMamba/classification/cifar100_dist_train.py:698: FutureWarning: `torch.cuda.amp.autocast(args...)` is deprecated. Please use `torch.amp.autocast('cuda', args...)` instead.
  with torch.cuda.amp.autocast(enabled=amp_enabled):
  step 50/390  loss=2.1984  acc@1=55.22%
  step 100/390  loss=2.2034  acc@1=55.00%
  step 150/390  loss=2.2215  acc@1=54.43%
  step 200/390  loss=2.2158  acc@1=54.65%
  step 250/390  loss=2.2159  acc@1=54.69%
  step 300/390  loss=2.2147  acc@1=54.70%
  step 350/390  loss=2.2131  acc@1=54.81%
/home/kalyazin.nikolay/project_diff/Dist_VMamba/VMamba/classification/cifar100_dist_train.py:759: FutureWarning: `torch.cuda.amp.autocast(args...)` is deprecated. Please use `torch.amp.autocast('cuda', args...)` instead.
  with torch.cuda.amp.autocast(enabled=amp_enabled):
Epoch [9/50] train_loss=2.2158 train_acc=54.61% val_loss=2.3015 val_acc=53.34% best=53.34% time=37.3s | throughput=1339.46 samples/s | stat_eff=-0.000003 loss/sample | goodput=1226.76 samples/s | cum_wall=0.10h
/home/kalyazin.nikolay/project_diff/Dist_VMamba/VMamba/classification/cifar100_dist_train.py:698: FutureWarning: `torch.cuda.amp.autocast(args...)` is deprecated. Please use `torch.amp.autocast('cuda', args...)` instead.
  with torch.cuda.amp.autocast(enabled=amp_enabled):
  step 50/390  loss=2.0667  acc@1=59.89%
  step 100/390  loss=2.0699  acc@1=59.55%
  step 150/390  loss=2.0821  acc@1=59.14%
  step 200/390  loss=2.0929  acc@1=58.68%
  step 250/390  loss=2.0950  acc@1=58.58%
  step 300/390  loss=2.1021  acc@1=58.24%
  step 350/390  loss=2.1058  acc@1=58.06%
/home/kalyazin.nikolay/project_diff/Dist_VMamba/VMamba/classification/cifar100_dist_train.py:759: FutureWarning: `torch.cuda.amp.autocast(args...)` is deprecated. Please use `torch.amp.autocast('cuda', args...)` instead.
  with torch.cuda.amp.autocast(enabled=amp_enabled):
Epoch [10/50] train_loss=2.1082 train_acc=57.98% val_loss=2.2347 val_acc=54.86% best=54.86% time=37.3s | throughput=1338.03 samples/s | stat_eff=-0.000000 loss/sample | goodput=1219.55 samples/s | cum_wall=0.11h
Saved checkpoint: /home/kalyazin.nikolay/project_diff/Dist_VMamba/VMamba/output/cifar100_vmamba_grid/pipeline_gpu4_20260405_130145/pipeline_g4_bs128_e50/ckpt_epoch_010.pth
/home/kalyazin.nikolay/project_diff/Dist_VMamba/VMamba/classification/cifar100_dist_train.py:698: FutureWarning: `torch.cuda.amp.autocast(args...)` is deprecated. Please use `torch.amp.autocast('cuda', args...)` instead.
  with torch.cuda.amp.autocast(enabled=amp_enabled):
  step 50/390  loss=1.9751  acc@1=61.88%
  step 100/390  loss=1.9936  acc@1=61.52%
  step 150/390  loss=1.9946  acc@1=61.42%
  step 200/390  loss=1.9983  acc@1=61.37%
  step 250/390  loss=2.0065  acc@1=61.11%
  step 300/390  loss=2.0073  acc@1=61.14%
  step 350/390  loss=2.0129  acc@1=60.93%
/home/kalyazin.nikolay/project_diff/Dist_VMamba/VMamba/classification/cifar100_dist_train.py:759: FutureWarning: `torch.cuda.amp.autocast(args...)` is deprecated. Please use `torch.amp.autocast('cuda', args...)` instead.
  with torch.cuda.amp.autocast(enabled=amp_enabled):
Epoch [11/50] train_loss=2.0130 train_acc=60.86% val_loss=2.1909 val_acc=56.57% best=56.57% time=37.3s | throughput=1338.22 samples/s | stat_eff=0.000002 loss/sample | goodput=1222.25 samples/s | cum_wall=0.12h
/home/kalyazin.nikolay/project_diff/Dist_VMamba/VMamba/classification/cifar100_dist_train.py:698: FutureWarning: `torch.cuda.amp.autocast(args...)` is deprecated. Please use `torch.amp.autocast('cuda', args...)` instead.
  with torch.cuda.amp.autocast(enabled=amp_enabled):
  step 50/390  loss=1.9110  acc@1=63.92%
  step 100/390  loss=1.9036  acc@1=64.48%
  step 150/390  loss=1.9121  acc@1=64.09%
  step 200/390  loss=1.9137  acc@1=63.86%
  step 250/390  loss=1.9139  acc@1=63.80%
  step 300/390  loss=1.9165  acc@1=63.74%
  step 350/390  loss=1.9202  acc@1=63.67%
/home/kalyazin.nikolay/project_diff/Dist_VMamba/VMamba/classification/cifar100_dist_train.py:759: FutureWarning: `torch.cuda.amp.autocast(args...)` is deprecated. Please use `torch.amp.autocast('cuda', args...)` instead.
  with torch.cuda.amp.autocast(enabled=amp_enabled):
Epoch [12/50] train_loss=1.9211 train_acc=63.66% val_loss=2.1814 val_acc=56.83% best=56.83% time=37.2s | throughput=1342.97 samples/s | stat_eff=0.000000 loss/sample | goodput=1230.45 samples/s | cum_wall=0.13h
/home/kalyazin.nikolay/project_diff/Dist_VMamba/VMamba/classification/cifar100_dist_train.py:698: FutureWarning: `torch.cuda.amp.autocast(args...)` is deprecated. Please use `torch.amp.autocast('cuda', args...)` instead.
  with torch.cuda.amp.autocast(enabled=amp_enabled):
  step 50/390  loss=1.8041  acc@1=67.39%
  step 100/390  loss=1.8075  acc@1=67.33%
  step 150/390  loss=1.8229  acc@1=66.77%
  step 200/390  loss=1.8349  acc@1=66.27%
  step 250/390  loss=1.8312  acc@1=66.47%
  step 300/390  loss=1.8361  acc@1=66.40%
  step 350/390  loss=1.8408  acc@1=66.10%
/home/kalyazin.nikolay/project_diff/Dist_VMamba/VMamba/classification/cifar100_dist_train.py:759: FutureWarning: `torch.cuda.amp.autocast(args...)` is deprecated. Please use `torch.amp.autocast('cuda', args...)` instead.
  with torch.cuda.amp.autocast(enabled=amp_enabled):
Epoch [13/50] train_loss=1.8451 train_acc=66.00% val_loss=2.1486 val_acc=58.00% best=58.00% time=37.3s | throughput=1337.07 samples/s | stat_eff=0.000000 loss/sample | goodput=1224.68 samples/s | cum_wall=0.14h
/home/kalyazin.nikolay/project_diff/Dist_VMamba/VMamba/classification/cifar100_dist_train.py:698: FutureWarning: `torch.cuda.amp.autocast(args...)` is deprecated. Please use `torch.amp.autocast('cuda', args...)` instead.
  with torch.cuda.amp.autocast(enabled=amp_enabled):
  step 50/390  loss=1.7175  acc@1=70.55%
  step 100/390  loss=1.7232  acc@1=70.59%
  step 150/390  loss=1.7362  acc@1=70.11%
  step 200/390  loss=1.7381  acc@1=69.97%
  step 250/390  loss=1.7422  acc@1=69.86%
  step 300/390  loss=1.7475  acc@1=69.61%
  step 350/390  loss=1.7504  acc@1=69.38%
/home/kalyazin.nikolay/project_diff/Dist_VMamba/VMamba/classification/cifar100_dist_train.py:759: FutureWarning: `torch.cuda.amp.autocast(args...)` is deprecated. Please use `torch.amp.autocast('cuda', args...)` instead.
  with torch.cuda.amp.autocast(enabled=amp_enabled):
Epoch [14/50] train_loss=1.7548 train_acc=69.21% val_loss=2.1272 val_acc=59.47% best=59.47% time=37.1s | throughput=1343.90 samples/s | stat_eff=-0.000002 loss/sample | goodput=1232.19 samples/s | cum_wall=0.15h
/home/kalyazin.nikolay/project_diff/Dist_VMamba/VMamba/classification/cifar100_dist_train.py:698: FutureWarning: `torch.cuda.amp.autocast(args...)` is deprecated. Please use `torch.amp.autocast('cuda', args...)` instead.
  with torch.cuda.amp.autocast(enabled=amp_enabled):
  step 50/390  loss=1.6677  acc@1=72.27%
  step 100/390  loss=1.6574  acc@1=72.50%
  step 150/390  loss=1.6703  acc@1=71.96%
  step 200/390  loss=1.6770  acc@1=71.75%
  step 250/390  loss=1.6801  acc@1=71.62%
  step 300/390  loss=1.6819  acc@1=71.59%
  step 350/390  loss=1.6876  acc@1=71.38%
/home/kalyazin.nikolay/project_diff/Dist_VMamba/VMamba/classification/cifar100_dist_train.py:759: FutureWarning: `torch.cuda.amp.autocast(args...)` is deprecated. Please use `torch.amp.autocast('cuda', args...)` instead.
  with torch.cuda.amp.autocast(enabled=amp_enabled):
Epoch [15/50] train_loss=1.6874 train_acc=71.42% val_loss=2.1042 val_acc=59.81% best=59.81% time=37.3s | throughput=1336.84 samples/s | stat_eff=-0.000001 loss/sample | goodput=1219.36 samples/s | cum_wall=0.16h
/home/kalyazin.nikolay/project_diff/Dist_VMamba/VMamba/classification/cifar100_dist_train.py:698: FutureWarning: `torch.cuda.amp.autocast(args...)` is deprecated. Please use `torch.amp.autocast('cuda', args...)` instead.
  with torch.cuda.amp.autocast(enabled=amp_enabled):
  step 50/390  loss=1.5831  acc@1=74.52%
  step 100/390  loss=1.5883  acc@1=74.57%
  step 150/390  loss=1.5973  acc@1=74.30%
  step 200/390  loss=1.5992  acc@1=74.44%
  step 250/390  loss=1.6078  acc@1=74.22%
  step 300/390  loss=1.6109  acc@1=74.04%
  step 350/390  loss=1.6119  acc@1=73.98%
/home/kalyazin.nikolay/project_diff/Dist_VMamba/VMamba/classification/cifar100_dist_train.py:759: FutureWarning: `torch.cuda.amp.autocast(args...)` is deprecated. Please use `torch.amp.autocast('cuda', args...)` instead.
  with torch.cuda.amp.autocast(enabled=amp_enabled):
Epoch [16/50] train_loss=1.6132 train_acc=73.91% val_loss=2.0988 val_acc=59.98% best=59.98% time=37.4s | throughput=1334.82 samples/s | stat_eff=0.000003 loss/sample | goodput=1223.62 samples/s | cum_wall=0.17h
/home/kalyazin.nikolay/project_diff/Dist_VMamba/VMamba/classification/cifar100_dist_train.py:698: FutureWarning: `torch.cuda.amp.autocast(args...)` is deprecated. Please use `torch.amp.autocast('cuda', args...)` instead.
  with torch.cuda.amp.autocast(enabled=amp_enabled):
  step 50/390  loss=1.5237  acc@1=77.31%
  step 100/390  loss=1.5244  acc@1=77.32%
  step 150/390  loss=1.5213  acc@1=77.30%
  step 200/390  loss=1.5269  acc@1=77.05%
  step 250/390  loss=1.5296  acc@1=76.96%
  step 300/390  loss=1.5371  acc@1=76.68%
  step 350/390  loss=1.5427  acc@1=76.41%
/home/kalyazin.nikolay/project_diff/Dist_VMamba/VMamba/classification/cifar100_dist_train.py:759: FutureWarning: `torch.cuda.amp.autocast(args...)` is deprecated. Please use `torch.amp.autocast('cuda', args...)` instead.
  with torch.cuda.amp.autocast(enabled=amp_enabled):
Epoch [17/50] train_loss=1.5458 train_acc=76.29% val_loss=2.0861 val_acc=60.75% best=60.75% time=37.2s | throughput=1342.77 samples/s | stat_eff=-0.000005 loss/sample | goodput=1230.37 samples/s | cum_wall=0.18h
/home/kalyazin.nikolay/project_diff/Dist_VMamba/VMamba/classification/cifar100_dist_train.py:698: FutureWarning: `torch.cuda.amp.autocast(args...)` is deprecated. Please use `torch.amp.autocast('cuda', args...)` instead.
  with torch.cuda.amp.autocast(enabled=amp_enabled):
  step 50/390  loss=1.4458  acc@1=81.19%
  step 100/390  loss=1.4417  acc@1=80.94%
  step 150/390  loss=1.4512  acc@1=80.41%
  step 200/390  loss=1.4573  acc@1=79.96%
  step 250/390  loss=1.4680  acc@1=79.55%
  step 300/390  loss=1.4740  acc@1=79.17%
  step 350/390  loss=1.4809  acc@1=78.89%
/home/kalyazin.nikolay/project_diff/Dist_VMamba/VMamba/classification/cifar100_dist_train.py:759: FutureWarning: `torch.cuda.amp.autocast(args...)` is deprecated. Please use `torch.amp.autocast('cuda', args...)` instead.
  with torch.cuda.amp.autocast(enabled=amp_enabled):
Epoch [18/50] train_loss=1.4854 train_acc=78.68% val_loss=2.0747 val_acc=61.88% best=61.88% time=37.2s | throughput=1341.94 samples/s | stat_eff=-0.000001 loss/sample | goodput=1225.90 samples/s | cum_wall=0.19h
/home/kalyazin.nikolay/project_diff/Dist_VMamba/VMamba/classification/cifar100_dist_train.py:698: FutureWarning: `torch.cuda.amp.autocast(args...)` is deprecated. Please use `torch.amp.autocast('cuda', args...)` instead.
  with torch.cuda.amp.autocast(enabled=amp_enabled):
  step 50/390  loss=1.3868  acc@1=82.69%
  step 100/390  loss=1.3880  acc@1=82.54%
  step 150/390  loss=1.3981  acc@1=82.21%
  step 200/390  loss=1.3975  acc@1=82.10%
  step 250/390  loss=1.4034  acc@1=81.84%
  step 300/390  loss=1.4066  acc@1=81.58%
  step 350/390  loss=1.4118  acc@1=81.33%
/home/kalyazin.nikolay/project_diff/Dist_VMamba/VMamba/classification/cifar100_dist_train.py:759: FutureWarning: `torch.cuda.amp.autocast(args...)` is deprecated. Please use `torch.amp.autocast('cuda', args...)` instead.
  with torch.cuda.amp.autocast(enabled=amp_enabled):
Epoch [19/50] train_loss=1.4152 train_acc=81.24% val_loss=2.0728 val_acc=61.72% best=61.88% time=37.3s | throughput=1338.42 samples/s | stat_eff=0.000001 loss/sample | goodput=1226.30 samples/s | cum_wall=0.20h
/home/kalyazin.nikolay/project_diff/Dist_VMamba/VMamba/classification/cifar100_dist_train.py:698: FutureWarning: `torch.cuda.amp.autocast(args...)` is deprecated. Please use `torch.amp.autocast('cuda', args...)` instead.
  with torch.cuda.amp.autocast(enabled=amp_enabled):
  step 50/390  loss=1.3411  acc@1=84.34%
  step 100/390  loss=1.3397  acc@1=84.36%
  step 150/390  loss=1.3390  acc@1=84.35%
  step 200/390  loss=1.3438  acc@1=84.18%
  step 250/390  loss=1.3478  acc@1=84.07%
  step 300/390  loss=1.3541  acc@1=83.86%
  step 350/390  loss=1.3564  acc@1=83.72%
/home/kalyazin.nikolay/project_diff/Dist_VMamba/VMamba/classification/cifar100_dist_train.py:759: FutureWarning: `torch.cuda.amp.autocast(args...)` is deprecated. Please use `torch.amp.autocast('cuda', args...)` instead.
  with torch.cuda.amp.autocast(enabled=amp_enabled):
Epoch [20/50] train_loss=1.3583 train_acc=83.56% val_loss=2.0680 val_acc=62.49% best=62.49% time=37.2s | throughput=1343.27 samples/s | stat_eff=0.000001 loss/sample | goodput=1231.73 samples/s | cum_wall=0.21h
Saved checkpoint: /home/kalyazin.nikolay/project_diff/Dist_VMamba/VMamba/output/cifar100_vmamba_grid/pipeline_gpu4_20260405_130145/pipeline_g4_bs128_e50/ckpt_epoch_020.pth
/home/kalyazin.nikolay/project_diff/Dist_VMamba/VMamba/classification/cifar100_dist_train.py:698: FutureWarning: `torch.cuda.amp.autocast(args...)` is deprecated. Please use `torch.amp.autocast('cuda', args...)` instead.
  with torch.cuda.amp.autocast(enabled=amp_enabled):
  step 50/390  loss=1.2906  acc@1=86.45%
  step 100/390  loss=1.2951  acc@1=86.16%
  step 150/390  loss=1.2942  acc@1=86.12%
  step 200/390  loss=1.2995  acc@1=85.85%
  step 250/390  loss=1.3025  acc@1=85.68%
  step 300/390  loss=1.3071  acc@1=85.50%
  step 350/390  loss=1.3116  acc@1=85.37%
/home/kalyazin.nikolay/project_diff/Dist_VMamba/VMamba/classification/cifar100_dist_train.py:759: FutureWarning: `torch.cuda.amp.autocast(args...)` is deprecated. Please use `torch.amp.autocast('cuda', args...)` instead.
  with torch.cuda.amp.autocast(enabled=amp_enabled):
Epoch [21/50] train_loss=1.3170 train_acc=85.12% val_loss=2.0544 val_acc=63.12% best=63.12% time=37.1s | throughput=1344.60 samples/s | stat_eff=-0.000003 loss/sample | goodput=1229.72 samples/s | cum_wall=0.22h
/home/kalyazin.nikolay/project_diff/Dist_VMamba/VMamba/classification/cifar100_dist_train.py:698: FutureWarning: `torch.cuda.amp.autocast(args...)` is deprecated. Please use `torch.amp.autocast('cuda', args...)` instead.
  with torch.cuda.amp.autocast(enabled=amp_enabled):
  step 50/390  loss=1.2383  acc@1=88.33%
  step 100/390  loss=1.2333  acc@1=88.37%
  step 150/390  loss=1.2343  acc@1=88.43%
  step 200/390  loss=1.2408  acc@1=88.22%
  step 250/390  loss=1.2469  acc@1=87.92%
  step 300/390  loss=1.2533  acc@1=87.65%
  step 350/390  loss=1.2573  acc@1=87.48%
/home/kalyazin.nikolay/project_diff/Dist_VMamba/VMamba/classification/cifar100_dist_train.py:759: FutureWarning: `torch.cuda.amp.autocast(args...)` is deprecated. Please use `torch.amp.autocast('cuda', args...)` instead.
  with torch.cuda.amp.autocast(enabled=amp_enabled):
Epoch [22/50] train_loss=1.2615 train_acc=87.35% val_loss=2.0645 val_acc=63.56% best=63.56% time=37.2s | throughput=1343.22 samples/s | stat_eff=-0.000000 loss/sample | goodput=1229.79 samples/s | cum_wall=0.23h
/home/kalyazin.nikolay/project_diff/Dist_VMamba/VMamba/classification/cifar100_dist_train.py:698: FutureWarning: `torch.cuda.amp.autocast(args...)` is deprecated. Please use `torch.amp.autocast('cuda', args...)` instead.
  with torch.cuda.amp.autocast(enabled=amp_enabled):
  step 50/390  loss=1.2097  acc@1=89.16%
  step 100/390  loss=1.2043  acc@1=89.52%
  step 150/390  loss=1.2043  acc@1=89.53%
  step 200/390  loss=1.2086  acc@1=89.32%
  step 250/390  loss=1.2096  acc@1=89.24%
  step 300/390  loss=1.2150  acc@1=89.10%
  step 350/390  loss=1.2191  acc@1=88.93%
/home/kalyazin.nikolay/project_diff/Dist_VMamba/VMamba/classification/cifar100_dist_train.py:759: FutureWarning: `torch.cuda.amp.autocast(args...)` is deprecated. Please use `torch.amp.autocast('cuda', args...)` instead.
  with torch.cuda.amp.autocast(enabled=amp_enabled):
Epoch [23/50] train_loss=1.2220 train_acc=88.79% val_loss=2.0833 val_acc=63.38% best=63.56% time=37.4s | throughput=1335.74 samples/s | stat_eff=-0.000002 loss/sample | goodput=1223.81 samples/s | cum_wall=0.24h
/home/kalyazin.nikolay/project_diff/Dist_VMamba/VMamba/classification/cifar100_dist_train.py:698: FutureWarning: `torch.cuda.amp.autocast(args...)` is deprecated. Please use `torch.amp.autocast('cuda', args...)` instead.
  with torch.cuda.amp.autocast(enabled=amp_enabled):
  step 50/390  loss=1.1666  acc@1=91.12%
  step 100/390  loss=1.1665  acc@1=91.03%
  step 150/390  loss=1.1633  acc@1=91.20%
  step 200/390  loss=1.1672  acc@1=90.94%
  step 250/390  loss=1.1724  acc@1=90.77%
  step 300/390  loss=1.1772  acc@1=90.57%
  step 350/390  loss=1.1823  acc@1=90.33%
/home/kalyazin.nikolay/project_diff/Dist_VMamba/VMamba/classification/cifar100_dist_train.py:759: FutureWarning: `torch.cuda.amp.autocast(args...)` is deprecated. Please use `torch.amp.autocast('cuda', args...)` instead.
  with torch.cuda.amp.autocast(enabled=amp_enabled):
Epoch [24/50] train_loss=1.1839 train_acc=90.24% val_loss=2.0713 val_acc=63.32% best=63.56% time=37.1s | throughput=1344.87 samples/s | stat_eff=-0.000000 loss/sample | goodput=1232.45 samples/s | cum_wall=0.25h
/home/kalyazin.nikolay/project_diff/Dist_VMamba/VMamba/classification/cifar100_dist_train.py:698: FutureWarning: `torch.cuda.amp.autocast(args...)` is deprecated. Please use `torch.amp.autocast('cuda', args...)` instead.
  with torch.cuda.amp.autocast(enabled=amp_enabled):
  step 50/390  loss=1.1430  acc@1=91.70%
  step 100/390  loss=1.1377  acc@1=92.02%
  step 150/390  loss=1.1401  acc@1=91.99%
  step 200/390  loss=1.1421  acc@1=91.86%
  step 250/390  loss=1.1448  acc@1=91.76%
  step 300/390  loss=1.1485  acc@1=91.61%
  step 350/390  loss=1.1510  acc@1=91.47%
/home/kalyazin.nikolay/project_diff/Dist_VMamba/VMamba/classification/cifar100_dist_train.py:759: FutureWarning: `torch.cuda.amp.autocast(args...)` is deprecated. Please use `torch.amp.autocast('cuda', args...)` instead.
  with torch.cuda.amp.autocast(enabled=amp_enabled):
Epoch [25/50] train_loss=1.1549 train_acc=91.35% val_loss=2.0475 val_acc=63.96% best=63.96% time=37.2s | throughput=1341.88 samples/s | stat_eff=0.000001 loss/sample | goodput=1227.90 samples/s | cum_wall=0.26h
/home/kalyazin.nikolay/project_diff/Dist_VMamba/VMamba/classification/cifar100_dist_train.py:698: FutureWarning: `torch.cuda.amp.autocast(args...)` is deprecated. Please use `torch.amp.autocast('cuda', args...)` instead.
  with torch.cuda.amp.autocast(enabled=amp_enabled):
  step 50/390  loss=1.1202  acc@1=92.84%
  step 100/390  loss=1.1159  acc@1=92.84%
  step 150/390  loss=1.1192  acc@1=92.65%
  step 200/390  loss=1.1175  acc@1=92.71%
  step 250/390  loss=1.1203  acc@1=92.65%
  step 300/390  loss=1.1226  acc@1=92.54%
  step 350/390  loss=1.1255  acc@1=92.41%
/home/kalyazin.nikolay/project_diff/Dist_VMamba/VMamba/classification/cifar100_dist_train.py:759: FutureWarning: `torch.cuda.amp.autocast(args...)` is deprecated. Please use `torch.amp.autocast('cuda', args...)` instead.
  with torch.cuda.amp.autocast(enabled=amp_enabled):
Epoch [26/50] train_loss=1.1286 train_acc=92.27% val_loss=2.0401 val_acc=63.95% best=63.96% time=37.2s | throughput=1343.54 samples/s | stat_eff=0.000002 loss/sample | goodput=1230.84 samples/s | cum_wall=0.27h
/home/kalyazin.nikolay/project_diff/Dist_VMamba/VMamba/classification/cifar100_dist_train.py:698: FutureWarning: `torch.cuda.amp.autocast(args...)` is deprecated. Please use `torch.amp.autocast('cuda', args...)` instead.
  with torch.cuda.amp.autocast(enabled=amp_enabled):
  step 50/390  loss=1.0911  acc@1=94.12%
  step 100/390  loss=1.0853  acc@1=94.02%
  step 150/390  loss=1.0869  acc@1=93.87%
  step 200/390  loss=1.0900  acc@1=93.66%
  step 250/390  loss=1.0937  acc@1=93.58%
  step 300/390  loss=1.0951  acc@1=93.49%
  step 350/390  loss=1.0964  acc@1=93.47%
/home/kalyazin.nikolay/project_diff/Dist_VMamba/VMamba/classification/cifar100_dist_train.py:759: FutureWarning: `torch.cuda.amp.autocast(args...)` is deprecated. Please use `torch.amp.autocast('cuda', args...)` instead.
  with torch.cuda.amp.autocast(enabled=amp_enabled):
Epoch [27/50] train_loss=1.0997 train_acc=93.31% val_loss=2.0365 val_acc=64.57% best=64.57% time=37.2s | throughput=1342.91 samples/s | stat_eff=-0.000001 loss/sample | goodput=1230.71 samples/s | cum_wall=0.28h
/home/kalyazin.nikolay/project_diff/Dist_VMamba/VMamba/classification/cifar100_dist_train.py:698: FutureWarning: `torch.cuda.amp.autocast(args...)` is deprecated. Please use `torch.amp.autocast('cuda', args...)` instead.
  with torch.cuda.amp.autocast(enabled=amp_enabled):
  step 50/390  loss=1.0654  acc@1=94.41%
  step 100/390  loss=1.0710  acc@1=94.39%
  step 150/390  loss=1.0708  acc@1=94.40%
  step 200/390  loss=1.0719  acc@1=94.27%
  step 250/390  loss=1.0728  acc@1=94.28%
  step 300/390  loss=1.0745  acc@1=94.18%
  step 350/390  loss=1.0769  acc@1=94.08%
/home/kalyazin.nikolay/project_diff/Dist_VMamba/VMamba/classification/cifar100_dist_train.py:759: FutureWarning: `torch.cuda.amp.autocast(args...)` is deprecated. Please use `torch.amp.autocast('cuda', args...)` instead.
  with torch.cuda.amp.autocast(enabled=amp_enabled):
Epoch [28/50] train_loss=1.0777 train_acc=94.05% val_loss=2.0313 val_acc=64.70% best=64.70% time=37.4s | throughput=1336.26 samples/s | stat_eff=-0.000000 loss/sample | goodput=1218.58 samples/s | cum_wall=0.29h
/home/kalyazin.nikolay/project_diff/Dist_VMamba/VMamba/classification/cifar100_dist_train.py:698: FutureWarning: `torch.cuda.amp.autocast(args...)` is deprecated. Please use `torch.amp.autocast('cuda', args...)` instead.
  with torch.cuda.amp.autocast(enabled=amp_enabled):
  step 50/390  loss=1.0456  acc@1=95.41%
  step 100/390  loss=1.0445  acc@1=95.26%
  step 150/390  loss=1.0458  acc@1=95.21%
  step 200/390  loss=1.0500  acc@1=94.98%
  step 250/390  loss=1.0528  acc@1=94.87%
  step 300/390  loss=1.0556  acc@1=94.77%
  step 350/390  loss=1.0559  acc@1=94.79%
/home/kalyazin.nikolay/project_diff/Dist_VMamba/VMamba/classification/cifar100_dist_train.py:759: FutureWarning: `torch.cuda.amp.autocast(args...)` is deprecated. Please use `torch.amp.autocast('cuda', args...)` instead.
  with torch.cuda.amp.autocast(enabled=amp_enabled):
Epoch [29/50] train_loss=1.0570 train_acc=94.78% val_loss=2.0073 val_acc=65.28% best=65.28% time=37.2s | throughput=1342.21 samples/s | stat_eff=0.000001 loss/sample | goodput=1227.91 samples/s | cum_wall=0.30h
/home/kalyazin.nikolay/project_diff/Dist_VMamba/VMamba/classification/cifar100_dist_train.py:698: FutureWarning: `torch.cuda.amp.autocast(args...)` is deprecated. Please use `torch.amp.autocast('cuda', args...)` instead.
  with torch.cuda.amp.autocast(enabled=amp_enabled):
  step 50/390  loss=1.0301  acc@1=95.69%
  step 100/390  loss=1.0300  acc@1=95.66%
  step 150/390  loss=1.0329  acc@1=95.48%
  step 200/390  loss=1.0341  acc@1=95.46%
  step 250/390  loss=1.0351  acc@1=95.43%
  step 300/390  loss=1.0360  acc@1=95.40%
  step 350/390  loss=1.0375  acc@1=95.34%
/home/kalyazin.nikolay/project_diff/Dist_VMamba/VMamba/classification/cifar100_dist_train.py:759: FutureWarning: `torch.cuda.amp.autocast(args...)` is deprecated. Please use `torch.amp.autocast('cuda', args...)` instead.
  with torch.cuda.amp.autocast(enabled=amp_enabled):
Epoch [30/50] train_loss=1.0387 train_acc=95.30% val_loss=2.0103 val_acc=65.55% best=65.55% time=37.1s | throughput=1344.68 samples/s | stat_eff=-0.000001 loss/sample | goodput=1232.67 samples/s | cum_wall=0.31h
Saved checkpoint: /home/kalyazin.nikolay/project_diff/Dist_VMamba/VMamba/output/cifar100_vmamba_grid/pipeline_gpu4_20260405_130145/pipeline_g4_bs128_e50/ckpt_epoch_030.pth
/home/kalyazin.nikolay/project_diff/Dist_VMamba/VMamba/classification/cifar100_dist_train.py:698: FutureWarning: `torch.cuda.amp.autocast(args...)` is deprecated. Please use `torch.amp.autocast('cuda', args...)` instead.
  with torch.cuda.amp.autocast(enabled=amp_enabled):
  step 50/390  loss=1.0215  acc@1=95.53%
  step 100/390  loss=1.0216  acc@1=95.69%
  step 150/390  loss=1.0239  acc@1=95.63%
  step 200/390  loss=1.0244  acc@1=95.62%
  step 250/390  loss=1.0253  acc@1=95.58%
  step 300/390  loss=1.0263  acc@1=95.54%
  step 350/390  loss=1.0274  acc@1=95.51%
/home/kalyazin.nikolay/project_diff/Dist_VMamba/VMamba/classification/cifar100_dist_train.py:759: FutureWarning: `torch.cuda.amp.autocast(args...)` is deprecated. Please use `torch.amp.autocast('cuda', args...)` instead.
  with torch.cuda.amp.autocast(enabled=amp_enabled):
Epoch [31/50] train_loss=1.0288 train_acc=95.44% val_loss=1.9982 val_acc=66.00% best=66.00% time=37.1s | throughput=1344.33 samples/s | stat_eff=-0.000001 loss/sample | goodput=1232.22 samples/s | cum_wall=0.32h
/home/kalyazin.nikolay/project_diff/Dist_VMamba/VMamba/classification/cifar100_dist_train.py:698: FutureWarning: `torch.cuda.amp.autocast(args...)` is deprecated. Please use `torch.amp.autocast('cuda', args...)` instead.
  with torch.cuda.amp.autocast(enabled=amp_enabled):
  step 50/390  loss=1.0078  acc@1=96.33%
  step 100/390  loss=1.0090  acc@1=96.14%
  step 150/390  loss=1.0109  acc@1=96.00%
  step 200/390  loss=1.0125  acc@1=95.96%
  step 250/390  loss=1.0126  acc@1=95.89%
  step 300/390  loss=1.0126  acc@1=95.94%
  step 350/390  loss=1.0130  acc@1=95.96%
/home/kalyazin.nikolay/project_diff/Dist_VMamba/VMamba/classification/cifar100_dist_train.py:759: FutureWarning: `torch.cuda.amp.autocast(args...)` is deprecated. Please use `torch.amp.autocast('cuda', args...)` instead.
  with torch.cuda.amp.autocast(enabled=amp_enabled):
Epoch [32/50] train_loss=1.0129 train_acc=95.98% val_loss=1.9932 val_acc=65.95% best=66.00% time=37.2s | throughput=1342.62 samples/s | stat_eff=0.000000 loss/sample | goodput=1230.00 samples/s | cum_wall=0.33h
/home/kalyazin.nikolay/project_diff/Dist_VMamba/VMamba/classification/cifar100_dist_train.py:698: FutureWarning: `torch.cuda.amp.autocast(args...)` is deprecated. Please use `torch.amp.autocast('cuda', args...)` instead.
  with torch.cuda.amp.autocast(enabled=amp_enabled):
  step 50/390  loss=0.9940  acc@1=96.38%
  step 100/390  loss=0.9969  acc@1=96.38%
  step 150/390  loss=0.9990  acc@1=96.23%
  step 200/390  loss=0.9978  acc@1=96.34%
  step 250/390  loss=0.9973  acc@1=96.35%
  step 300/390  loss=0.9990  acc@1=96.29%
  step 350/390  loss=0.9990  acc@1=96.30%
/home/kalyazin.nikolay/project_diff/Dist_VMamba/VMamba/classification/cifar100_dist_train.py:759: FutureWarning: `torch.cuda.amp.autocast(args...)` is deprecated. Please use `torch.amp.autocast('cuda', args...)` instead.
  with torch.cuda.amp.autocast(enabled=amp_enabled):
Epoch [33/50] train_loss=0.9989 train_acc=96.30% val_loss=1.9821 val_acc=66.15% best=66.15% time=37.2s | throughput=1341.76 samples/s | stat_eff=-0.000001 loss/sample | goodput=1228.13 samples/s | cum_wall=0.34h
/home/kalyazin.nikolay/project_diff/Dist_VMamba/VMamba/classification/cifar100_dist_train.py:698: FutureWarning: `torch.cuda.amp.autocast(args...)` is deprecated. Please use `torch.amp.autocast('cuda', args...)` instead.
  with torch.cuda.amp.autocast(enabled=amp_enabled):
  step 50/390  loss=0.9829  acc@1=96.77%
  step 100/390  loss=0.9832  acc@1=96.80%
  step 150/390  loss=0.9845  acc@1=96.81%
  step 200/390  loss=0.9829  acc@1=96.88%
  step 250/390  loss=0.9859  acc@1=96.80%
  step 300/390  loss=0.9858  acc@1=96.76%
  step 350/390  loss=0.9865  acc@1=96.74%
/home/kalyazin.nikolay/project_diff/Dist_VMamba/VMamba/classification/cifar100_dist_train.py:759: FutureWarning: `torch.cuda.amp.autocast(args...)` is deprecated. Please use `torch.amp.autocast('cuda', args...)` instead.
  with torch.cuda.amp.autocast(enabled=amp_enabled):
Epoch [34/50] train_loss=0.9869 train_acc=96.72% val_loss=1.9870 val_acc=66.27% best=66.27% time=37.2s | throughput=1342.64 samples/s | stat_eff=-0.000001 loss/sample | goodput=1230.58 samples/s | cum_wall=0.36h
/home/kalyazin.nikolay/project_diff/Dist_VMamba/VMamba/classification/cifar100_dist_train.py:698: FutureWarning: `torch.cuda.amp.autocast(args...)` is deprecated. Please use `torch.amp.autocast('cuda', args...)` instead.
  with torch.cuda.amp.autocast(enabled=amp_enabled):
  step 50/390  loss=0.9694  acc@1=97.16%
  step 100/390  loss=0.9722  acc@1=97.10%
  step 150/390  loss=0.9763  acc@1=96.98%
  step 200/390  loss=0.9746  acc@1=97.01%
  step 250/390  loss=0.9757  acc@1=96.97%
  step 300/390  loss=0.9765  acc@1=96.96%
  step 350/390  loss=0.9757  acc@1=97.00%
/home/kalyazin.nikolay/project_diff/Dist_VMamba/VMamba/classification/cifar100_dist_train.py:759: FutureWarning: `torch.cuda.amp.autocast(args...)` is deprecated. Please use `torch.amp.autocast('cuda', args...)` instead.
  with torch.cuda.amp.autocast(enabled=amp_enabled):
Epoch [35/50] train_loss=0.9752 train_acc=97.01% val_loss=1.9870 val_acc=66.35% best=66.35% time=37.3s | throughput=1338.03 samples/s | stat_eff=-0.000001 loss/sample | goodput=1220.08 samples/s | cum_wall=0.37h
/home/kalyazin.nikolay/project_diff/Dist_VMamba/VMamba/classification/cifar100_dist_train.py:698: FutureWarning: `torch.cuda.amp.autocast(args...)` is deprecated. Please use `torch.amp.autocast('cuda', args...)` instead.
  with torch.cuda.amp.autocast(enabled=amp_enabled):
  step 50/390  loss=0.9674  acc@1=96.81%
  step 100/390  loss=0.9623  acc@1=97.23%
  step 150/390  loss=0.9661  acc@1=97.06%
  step 200/390  loss=0.9692  acc@1=97.02%
  step 250/390  loss=0.9674  acc@1=97.08%
  step 300/390  loss=0.9675  acc@1=97.06%
  step 350/390  loss=0.9673  acc@1=97.10%
/home/kalyazin.nikolay/project_diff/Dist_VMamba/VMamba/classification/cifar100_dist_train.py:759: FutureWarning: `torch.cuda.amp.autocast(args...)` is deprecated. Please use `torch.amp.autocast('cuda', args...)` instead.
  with torch.cuda.amp.autocast(enabled=amp_enabled):
Epoch [36/50] train_loss=0.9677 train_acc=97.10% val_loss=1.9774 val_acc=66.22% best=66.35% time=37.1s | throughput=1344.29 samples/s | stat_eff=0.000000 loss/sample | goodput=1230.92 samples/s | cum_wall=0.38h
/home/kalyazin.nikolay/project_diff/Dist_VMamba/VMamba/classification/cifar100_dist_train.py:698: FutureWarning: `torch.cuda.amp.autocast(args...)` is deprecated. Please use `torch.amp.autocast('cuda', args...)` instead.
  with torch.cuda.amp.autocast(enabled=amp_enabled):
  step 50/390  loss=0.9589  acc@1=97.58%
  step 100/390  loss=0.9606  acc@1=97.38%
  step 150/390  loss=0.9618  acc@1=97.29%
  step 200/390  loss=0.9607  acc@1=97.29%
  step 250/390  loss=0.9619  acc@1=97.24%
  step 300/390  loss=0.9613  acc@1=97.29%
  step 350/390  loss=0.9608  acc@1=97.30%
/home/kalyazin.nikolay/project_diff/Dist_VMamba/VMamba/classification/cifar100_dist_train.py:759: FutureWarning: `torch.cuda.amp.autocast(args...)` is deprecated. Please use `torch.amp.autocast('cuda', args...)` instead.
  with torch.cuda.amp.autocast(enabled=amp_enabled):
Epoch [37/50] train_loss=0.9607 train_acc=97.30% val_loss=1.9691 val_acc=66.58% best=66.58% time=37.2s | throughput=1340.57 samples/s | stat_eff=-0.000000 loss/sample | goodput=1227.86 samples/s | cum_wall=0.39h
/home/kalyazin.nikolay/project_diff/Dist_VMamba/VMamba/classification/cifar100_dist_train.py:698: FutureWarning: `torch.cuda.amp.autocast(args...)` is deprecated. Please use `torch.amp.autocast('cuda', args...)` instead.
  with torch.cuda.amp.autocast(enabled=amp_enabled):
  step 50/390  loss=0.9436  acc@1=97.81%
  step 100/390  loss=0.9465  acc@1=97.72%
  step 150/390  loss=0.9483  acc@1=97.68%
  step 200/390  loss=0.9485  acc@1=97.66%
  step 250/390  loss=0.9495  acc@1=97.59%
  step 300/390  loss=0.9493  acc@1=97.62%
  step 350/390  loss=0.9495  acc@1=97.63%
/home/kalyazin.nikolay/project_diff/Dist_VMamba/VMamba/classification/cifar100_dist_train.py:759: FutureWarning: `torch.cuda.amp.autocast(args...)` is deprecated. Please use `torch.amp.autocast('cuda', args...)` instead.
  with torch.cuda.amp.autocast(enabled=amp_enabled):
Epoch [38/50] train_loss=0.9502 train_acc=97.60% val_loss=1.9658 val_acc=66.93% best=66.93% time=37.2s | throughput=1342.86 samples/s | stat_eff=0.000000 loss/sample | goodput=1230.16 samples/s | cum_wall=0.40h
/home/kalyazin.nikolay/project_diff/Dist_VMamba/VMamba/classification/cifar100_dist_train.py:698: FutureWarning: `torch.cuda.amp.autocast(args...)` is deprecated. Please use `torch.amp.autocast('cuda', args...)` instead.
  with torch.cuda.amp.autocast(enabled=amp_enabled):
  step 50/390  loss=0.9365  acc@1=97.95%
  step 100/390  loss=0.9394  acc@1=97.84%
  step 150/390  loss=0.9452  acc@1=97.60%
  step 200/390  loss=0.9441  acc@1=97.62%
  step 250/390  loss=0.9439  acc@1=97.65%
  step 300/390  loss=0.9448  acc@1=97.64%
  step 350/390  loss=0.9430  acc@1=97.71%
/home/kalyazin.nikolay/project_diff/Dist_VMamba/VMamba/classification/cifar100_dist_train.py:759: FutureWarning: `torch.cuda.amp.autocast(args...)` is deprecated. Please use `torch.amp.autocast('cuda', args...)` instead.
  with torch.cuda.amp.autocast(enabled=amp_enabled):
Epoch [39/50] train_loss=0.9431 train_acc=97.72% val_loss=1.9561 val_acc=67.09% best=67.09% time=37.4s | throughput=1335.01 samples/s | stat_eff=0.000001 loss/sample | goodput=1216.98 samples/s | cum_wall=0.41h
/home/kalyazin.nikolay/project_diff/Dist_VMamba/VMamba/classification/cifar100_dist_train.py:698: FutureWarning: `torch.cuda.amp.autocast(args...)` is deprecated. Please use `torch.amp.autocast('cuda', args...)` instead.
  with torch.cuda.amp.autocast(enabled=amp_enabled):
  step 50/390  loss=0.9285  acc@1=98.14%
  step 100/390  loss=0.9298  acc@1=98.13%
  step 150/390  loss=0.9305  acc@1=98.09%
  step 200/390  loss=0.9320  acc@1=98.02%
  step 250/390  loss=0.9334  acc@1=97.98%
  step 300/390  loss=0.9339  acc@1=97.98%
  step 350/390  loss=0.9346  acc@1=97.96%
/home/kalyazin.nikolay/project_diff/Dist_VMamba/VMamba/classification/cifar100_dist_train.py:759: FutureWarning: `torch.cuda.amp.autocast(args...)` is deprecated. Please use `torch.amp.autocast('cuda', args...)` instead.
  with torch.cuda.amp.autocast(enabled=amp_enabled):
Epoch [40/50] train_loss=0.9353 train_acc=97.91% val_loss=1.9503 val_acc=66.85% best=67.09% time=37.2s | throughput=1343.53 samples/s | stat_eff=0.000000 loss/sample | goodput=1230.55 samples/s | cum_wall=0.42h
Saved checkpoint: /home/kalyazin.nikolay/project_diff/Dist_VMamba/VMamba/output/cifar100_vmamba_grid/pipeline_gpu4_20260405_130145/pipeline_g4_bs128_e50/ckpt_epoch_040.pth
/home/kalyazin.nikolay/project_diff/Dist_VMamba/VMamba/classification/cifar100_dist_train.py:698: FutureWarning: `torch.cuda.amp.autocast(args...)` is deprecated. Please use `torch.amp.autocast('cuda', args...)` instead.
  with torch.cuda.amp.autocast(enabled=amp_enabled):
  step 50/390  loss=0.9263  acc@1=98.17%
  step 100/390  loss=0.9314  acc@1=97.98%
  step 150/390  loss=0.9290  acc@1=98.03%
  step 200/390  loss=0.9292  acc@1=98.05%
  step 250/390  loss=0.9288  acc@1=98.08%
  step 300/390  loss=0.9296  acc@1=98.06%
  step 350/390  loss=0.9302  acc@1=98.03%
/home/kalyazin.nikolay/project_diff/Dist_VMamba/VMamba/classification/cifar100_dist_train.py:759: FutureWarning: `torch.cuda.amp.autocast(args...)` is deprecated. Please use `torch.amp.autocast('cuda', args...)` instead.
  with torch.cuda.amp.autocast(enabled=amp_enabled):
Epoch [41/50] train_loss=0.9312 train_acc=97.99% val_loss=1.9577 val_acc=67.07% best=67.09% time=37.3s | throughput=1338.89 samples/s | stat_eff=-0.000001 loss/sample | goodput=1220.97 samples/s | cum_wall=0.43h
/home/kalyazin.nikolay/project_diff/Dist_VMamba/VMamba/classification/cifar100_dist_train.py:698: FutureWarning: `torch.cuda.amp.autocast(args...)` is deprecated. Please use `torch.amp.autocast('cuda', args...)` instead.
  with torch.cuda.amp.autocast(enabled=amp_enabled):
  step 50/390  loss=0.9325  acc@1=97.73%
  step 100/390  loss=0.9238  acc@1=98.10%
  step 150/390  loss=0.9254  acc@1=98.07%
  step 200/390  loss=0.9254  acc@1=98.06%
  step 250/390  loss=0.9250  acc@1=98.09%
  step 300/390  loss=0.9255  acc@1=98.09%
  step 350/390  loss=0.9259  acc@1=98.06%
/home/kalyazin.nikolay/project_diff/Dist_VMamba/VMamba/classification/cifar100_dist_train.py:759: FutureWarning: `torch.cuda.amp.autocast(args...)` is deprecated. Please use `torch.amp.autocast('cuda', args...)` instead.
  with torch.cuda.amp.autocast(enabled=amp_enabled):
Epoch [42/50] train_loss=0.9256 train_acc=98.08% val_loss=1.9492 val_acc=67.37% best=67.37% time=37.1s | throughput=1345.65 samples/s | stat_eff=-0.000000 loss/sample | goodput=1232.91 samples/s | cum_wall=0.44h
/home/kalyazin.nikolay/project_diff/Dist_VMamba/VMamba/classification/cifar100_dist_train.py:698: FutureWarning: `torch.cuda.amp.autocast(args...)` is deprecated. Please use `torch.amp.autocast('cuda', args...)` instead.
  with torch.cuda.amp.autocast(enabled=amp_enabled):
  step 50/390  loss=0.9215  acc@1=98.45%
  step 100/390  loss=0.9224  acc@1=98.23%
  step 150/390  loss=0.9241  acc@1=98.05%
  step 200/390  loss=0.9243  acc@1=98.01%
  step 250/390  loss=0.9245  acc@1=98.03%
  step 300/390  loss=0.9242  acc@1=98.01%
  step 350/390  loss=0.9242  acc@1=98.01%
/home/kalyazin.nikolay/project_diff/Dist_VMamba/VMamba/classification/cifar100_dist_train.py:759: FutureWarning: `torch.cuda.amp.autocast(args...)` is deprecated. Please use `torch.amp.autocast('cuda', args...)` instead.
  with torch.cuda.amp.autocast(enabled=amp_enabled):
Epoch [43/50] train_loss=0.9241 train_acc=98.00% val_loss=1.9455 val_acc=67.30% best=67.37% time=37.2s | throughput=1342.85 samples/s | stat_eff=-0.000000 loss/sample | goodput=1230.35 samples/s | cum_wall=0.45h
/home/kalyazin.nikolay/project_diff/Dist_VMamba/VMamba/classification/cifar100_dist_train.py:698: FutureWarning: `torch.cuda.amp.autocast(args...)` is deprecated. Please use `torch.amp.autocast('cuda', args...)` instead.
  with torch.cuda.amp.autocast(enabled=amp_enabled):
  step 50/390  loss=0.9123  acc@1=98.45%
  step 100/390  loss=0.9151  acc@1=98.34%
  step 150/390  loss=0.9176  acc@1=98.30%
  step 200/390  loss=0.9176  acc@1=98.27%
  step 250/390  loss=0.9182  acc@1=98.24%
  step 300/390  loss=0.9178  acc@1=98.22%
  step 350/390  loss=0.9180  acc@1=98.23%
/home/kalyazin.nikolay/project_diff/Dist_VMamba/VMamba/classification/cifar100_dist_train.py:759: FutureWarning: `torch.cuda.amp.autocast(args...)` is deprecated. Please use `torch.amp.autocast('cuda', args...)` instead.
  with torch.cuda.amp.autocast(enabled=amp_enabled):
Epoch [44/50] train_loss=0.9177 train_acc=98.25% val_loss=1.9468 val_acc=67.54% best=67.54% time=37.2s | throughput=1341.54 samples/s | stat_eff=-0.000001 loss/sample | goodput=1229.97 samples/s | cum_wall=0.46h
/home/kalyazin.nikolay/project_diff/Dist_VMamba/VMamba/classification/cifar100_dist_train.py:698: FutureWarning: `torch.cuda.amp.autocast(args...)` is deprecated. Please use `torch.amp.autocast('cuda', args...)` instead.
  with torch.cuda.amp.autocast(enabled=amp_enabled):
  step 50/390  loss=0.9091  acc@1=98.50%
  step 100/390  loss=0.9170  acc@1=98.30%
  step 150/390  loss=0.9176  acc@1=98.28%
  step 200/390  loss=0.9171  acc@1=98.30%
  step 250/390  loss=0.9179  acc@1=98.23%
  step 300/390  loss=0.9170  acc@1=98.24%
  step 350/390  loss=0.9174  acc@1=98.22%
/home/kalyazin.nikolay/project_diff/Dist_VMamba/VMamba/classification/cifar100_dist_train.py:759: FutureWarning: `torch.cuda.amp.autocast(args...)` is deprecated. Please use `torch.amp.autocast('cuda', args...)` instead.
  with torch.cuda.amp.autocast(enabled=amp_enabled):
Epoch [45/50] train_loss=0.9174 train_acc=98.21% val_loss=1.9439 val_acc=67.53% best=67.54% time=37.2s | throughput=1341.15 samples/s | stat_eff=0.000002 loss/sample | goodput=1224.40 samples/s | cum_wall=0.47h
/home/kalyazin.nikolay/project_diff/Dist_VMamba/VMamba/classification/cifar100_dist_train.py:698: FutureWarning: `torch.cuda.amp.autocast(args...)` is deprecated. Please use `torch.amp.autocast('cuda', args...)` instead.
  with torch.cuda.amp.autocast(enabled=amp_enabled):
  step 50/390  loss=0.9064  acc@1=98.38%
  step 100/390  loss=0.9080  acc@1=98.40%
  step 150/390  loss=0.9093  acc@1=98.39%
  step 200/390  loss=0.9110  acc@1=98.37%
  step 250/390  loss=0.9116  acc@1=98.35%
  step 300/390  loss=0.9123  acc@1=98.34%
  step 350/390  loss=0.9121  acc@1=98.35%
/home/kalyazin.nikolay/project_diff/Dist_VMamba/VMamba/classification/cifar100_dist_train.py:759: FutureWarning: `torch.cuda.amp.autocast(args...)` is deprecated. Please use `torch.amp.autocast('cuda', args...)` instead.
  with torch.cuda.amp.autocast(enabled=amp_enabled):
Epoch [46/50] train_loss=0.9122 train_acc=98.37% val_loss=1.9428 val_acc=67.57% best=67.57% time=37.1s | throughput=1344.69 samples/s | stat_eff=-0.000001 loss/sample | goodput=1232.71 samples/s | cum_wall=0.48h
/home/kalyazin.nikolay/project_diff/Dist_VMamba/VMamba/classification/cifar100_dist_train.py:698: FutureWarning: `torch.cuda.amp.autocast(args...)` is deprecated. Please use `torch.amp.autocast('cuda', args...)` instead.
  with torch.cuda.amp.autocast(enabled=amp_enabled):
  step 50/390  loss=0.9183  acc@1=98.08%
  step 100/390  loss=0.9188  acc@1=98.12%
  step 150/390  loss=0.9162  acc@1=98.21%
  step 200/390  loss=0.9132  acc@1=98.34%
  step 250/390  loss=0.9136  acc@1=98.32%
  step 300/390  loss=0.9139  acc@1=98.31%
  step 350/390  loss=0.9133  acc@1=98.35%
/home/kalyazin.nikolay/project_diff/Dist_VMamba/VMamba/classification/cifar100_dist_train.py:759: FutureWarning: `torch.cuda.amp.autocast(args...)` is deprecated. Please use `torch.amp.autocast('cuda', args...)` instead.
  with torch.cuda.amp.autocast(enabled=amp_enabled):
Epoch [47/50] train_loss=0.9139 train_acc=98.34% val_loss=1.9434 val_acc=67.56% best=67.57% time=37.1s | throughput=1344.85 samples/s | stat_eff=-0.000001 loss/sample | goodput=1232.05 samples/s | cum_wall=0.49h
/home/kalyazin.nikolay/project_diff/Dist_VMamba/VMamba/classification/cifar100_dist_train.py:698: FutureWarning: `torch.cuda.amp.autocast(args...)` is deprecated. Please use `torch.amp.autocast('cuda', args...)` instead.
  with torch.cuda.amp.autocast(enabled=amp_enabled):
  step 50/390  loss=0.9086  acc@1=98.41%
  step 100/390  loss=0.9090  acc@1=98.41%
  step 150/390  loss=0.9084  acc@1=98.49%
  step 200/390  loss=0.9102  acc@1=98.43%
  step 250/390  loss=0.9103  acc@1=98.42%
  step 300/390  loss=0.9106  acc@1=98.41%
  step 350/390  loss=0.9104  acc@1=98.41%
/home/kalyazin.nikolay/project_diff/Dist_VMamba/VMamba/classification/cifar100_dist_train.py:759: FutureWarning: `torch.cuda.amp.autocast(args...)` is deprecated. Please use `torch.amp.autocast('cuda', args...)` instead.
  with torch.cuda.amp.autocast(enabled=amp_enabled):
Epoch [48/50] train_loss=0.9091 train_acc=98.46% val_loss=1.9424 val_acc=67.63% best=67.63% time=37.3s | throughput=1338.23 samples/s | stat_eff=-0.000001 loss/sample | goodput=1226.99 samples/s | cum_wall=0.50h
/home/kalyazin.nikolay/project_diff/Dist_VMamba/VMamba/classification/cifar100_dist_train.py:698: FutureWarning: `torch.cuda.amp.autocast(args...)` is deprecated. Please use `torch.amp.autocast('cuda', args...)` instead.
  with torch.cuda.amp.autocast(enabled=amp_enabled):
  step 50/390  loss=0.9077  acc@1=98.56%
  step 100/390  loss=0.9082  acc@1=98.52%
  step 150/390  loss=0.9076  acc@1=98.48%
  step 200/390  loss=0.9073  acc@1=98.50%
  step 250/390  loss=0.9088  acc@1=98.45%
  step 300/390  loss=0.9093  acc@1=98.40%
  step 350/390  loss=0.9099  acc@1=98.38%
/home/kalyazin.nikolay/project_diff/Dist_VMamba/VMamba/classification/cifar100_dist_train.py:759: FutureWarning: `torch.cuda.amp.autocast(args...)` is deprecated. Please use `torch.amp.autocast('cuda', args...)` instead.
  with torch.cuda.amp.autocast(enabled=amp_enabled):
Epoch [49/50] train_loss=0.9100 train_acc=98.37% val_loss=1.9421 val_acc=67.47% best=67.63% time=37.2s | throughput=1341.47 samples/s | stat_eff=0.000001 loss/sample | goodput=1228.12 samples/s | cum_wall=0.51h
/home/kalyazin.nikolay/project_diff/Dist_VMamba/VMamba/classification/cifar100_dist_train.py:698: FutureWarning: `torch.cuda.amp.autocast(args...)` is deprecated. Please use `torch.amp.autocast('cuda', args...)` instead.
  with torch.cuda.amp.autocast(enabled=amp_enabled):
  step 50/390  loss=0.9067  acc@1=98.34%
  step 100/390  loss=0.9083  acc@1=98.42%
  step 150/390  loss=0.9096  acc@1=98.42%
  step 200/390  loss=0.9094  acc@1=98.41%
  step 250/390  loss=0.9104  acc@1=98.38%
  step 300/390  loss=0.9093  acc@1=98.42%
  step 350/390  loss=0.9087  acc@1=98.45%
/home/kalyazin.nikolay/project_diff/Dist_VMamba/VMamba/classification/cifar100_dist_train.py:759: FutureWarning: `torch.cuda.amp.autocast(args...)` is deprecated. Please use `torch.amp.autocast('cuda', args...)` instead.
  with torch.cuda.amp.autocast(enabled=amp_enabled):
Epoch [50/50] train_loss=0.9091 train_acc=98.45% val_loss=1.9418 val_acc=67.52% best=67.63% time=37.3s | throughput=1338.39 samples/s | stat_eff=0.000001 loss/sample | goodput=1226.26 samples/s | cum_wall=0.52h
Saved checkpoint: /home/kalyazin.nikolay/project_diff/Dist_VMamba/VMamba/output/cifar100_vmamba_grid/pipeline_gpu4_20260405_130145/pipeline_g4_bs128_e50/ckpt_epoch_050.pth
