/home/kalyazin.nikolay/project_diff/Dist_VMamba/VMamba/classification/models/csms6s.py:74: FutureWarning: `torch.cuda.amp.custom_fwd(args...)` is deprecated. Please use `torch.amp.custom_fwd(args..., device_type='cuda')` instead.
  def forward(ctx, u, delta, A, B, C, D=None, delta_bias=None, delta_softplus=False, oflex=True, backend=None):
/home/kalyazin.nikolay/project_diff/Dist_VMamba/VMamba/classification/models/csms6s.py:91: FutureWarning: `torch.cuda.amp.custom_bwd(args...)` is deprecated. Please use `torch.amp.custom_bwd(args..., device_type='cuda')` instead.
  def backward(ctx, dout, *args):
/home/kalyazin.nikolay/project_diff/Dist_VMamba/VMamba/classification/models/mamba2/ssd_combined.py:764: FutureWarning: `torch.cuda.amp.custom_fwd(args...)` is deprecated. Please use `torch.amp.custom_fwd(args..., device_type='cuda')` instead.
  def forward(ctx, zxbcdt, conv1d_weight, conv1d_bias, dt_bias, A, D, chunk_size, initial_states=None, seq_idx=None, dt_limit=(0.0, float("inf")), return_final_states=False, activation="silu",
/home/kalyazin.nikolay/project_diff/Dist_VMamba/VMamba/classification/models/mamba2/ssd_combined.py:842: FutureWarning: `torch.cuda.amp.custom_bwd(args...)` is deprecated. Please use `torch.amp.custom_bwd(args..., device_type='cuda')` instead.
  def backward(ctx, dout, *args):
Parallel mode: pipeline
World size: 1 | Rank: 0 | Device: cuda:0
/home/kalyazin.nikolay/project_diff/Dist_VMamba/VMamba/classification/cifar100_dist_train.py:996: FutureWarning: `torch.cuda.amp.GradScaler(args...)` is deprecated. Please use `torch.amp.GradScaler('cuda', args...)` instead.
  scaler = torch.cuda.amp.GradScaler(enabled=amp_enabled)
TensorBoard logging enabled: /home/kalyazin.nikolay/project_diff/Dist_VMamba/VMamba/output/cifar100_vmamba_grid/pipeline_gpu2_20260405_103134/pipeline_g2_bs512_e50/tensorboard
/home/kalyazin.nikolay/project_diff/Dist_VMamba/VMamba/classification/cifar100_dist_train.py:698: FutureWarning: `torch.cuda.amp.autocast(args...)` is deprecated. Please use `torch.amp.autocast('cuda', args...)` instead.
  with torch.cuda.amp.autocast(enabled=amp_enabled):
/home/kalyazin.nikolay/project_diff/Dist_VMamba/VMamba/classification/cifar100_dist_train.py:698: FutureWarning: `torch.cuda.amp.autocast(args...)` is deprecated. Please use `torch.amp.autocast('cuda', args...)` instead.
  with torch.cuda.amp.autocast(enabled=amp_enabled):
  step 50/97  loss=4.4183  acc@1=4.17%
/home/kalyazin.nikolay/project_diff/Dist_VMamba/VMamba/classification/cifar100_dist_train.py:759: FutureWarning: `torch.cuda.amp.autocast(args...)` is deprecated. Please use `torch.amp.autocast('cuda', args...)` instead.
  with torch.cuda.amp.autocast(enabled=amp_enabled):
Epoch [1/50] train_loss=4.2640 train_acc=6.32% val_loss=3.9875 val_acc=10.25% best=10.25% time=38.1s | throughput=1302.52 samples/s | stat_eff=0.000012 loss/sample | goodput=1126.42 samples/s | cum_wall=0.01h
/home/kalyazin.nikolay/project_diff/Dist_VMamba/VMamba/classification/cifar100_dist_train.py:698: FutureWarning: `torch.cuda.amp.autocast(args...)` is deprecated. Please use `torch.amp.autocast('cuda', args...)` instead.
  with torch.cuda.amp.autocast(enabled=amp_enabled):
  step 50/97  loss=3.9001  acc@1=11.81%
/home/kalyazin.nikolay/project_diff/Dist_VMamba/VMamba/classification/cifar100_dist_train.py:759: FutureWarning: `torch.cuda.amp.autocast(args...)` is deprecated. Please use `torch.amp.autocast('cuda', args...)` instead.
  with torch.cuda.amp.autocast(enabled=amp_enabled):
Epoch [2/50] train_loss=3.8336 train_acc=13.45% val_loss=3.6586 val_acc=18.35% best=18.35% time=30.2s | throughput=1643.10 samples/s | stat_eff=0.000004 loss/sample | goodput=1495.94 samples/s | cum_wall=0.02h
/home/kalyazin.nikolay/project_diff/Dist_VMamba/VMamba/classification/cifar100_dist_train.py:698: FutureWarning: `torch.cuda.amp.autocast(args...)` is deprecated. Please use `torch.amp.autocast('cuda', args...)` instead.
  with torch.cuda.amp.autocast(enabled=amp_enabled):
  step 50/97  loss=3.5996  acc@1=18.70%
/home/kalyazin.nikolay/project_diff/Dist_VMamba/VMamba/classification/cifar100_dist_train.py:759: FutureWarning: `torch.cuda.amp.autocast(args...)` is deprecated. Please use `torch.amp.autocast('cuda', args...)` instead.
  with torch.cuda.amp.autocast(enabled=amp_enabled):
Epoch [3/50] train_loss=3.5374 train_acc=20.18% val_loss=3.4284 val_acc=23.25% best=23.25% time=30.3s | throughput=1638.72 samples/s | stat_eff=0.000005 loss/sample | goodput=1489.36 samples/s | cum_wall=0.03h
/home/kalyazin.nikolay/project_diff/Dist_VMamba/VMamba/classification/cifar100_dist_train.py:698: FutureWarning: `torch.cuda.amp.autocast(args...)` is deprecated. Please use `torch.amp.autocast('cuda', args...)` instead.
  with torch.cuda.amp.autocast(enabled=amp_enabled):
  step 50/97  loss=3.3169  acc@1=25.36%
/home/kalyazin.nikolay/project_diff/Dist_VMamba/VMamba/classification/cifar100_dist_train.py:759: FutureWarning: `torch.cuda.amp.autocast(args...)` is deprecated. Please use `torch.amp.autocast('cuda', args...)` instead.
  with torch.cuda.amp.autocast(enabled=amp_enabled):
Epoch [4/50] train_loss=3.2666 train_acc=26.61% val_loss=3.1285 val_acc=30.44% best=30.44% time=30.3s | throughput=1639.63 samples/s | stat_eff=0.000008 loss/sample | goodput=1491.54 samples/s | cum_wall=0.04h
/home/kalyazin.nikolay/project_diff/Dist_VMamba/VMamba/classification/cifar100_dist_train.py:698: FutureWarning: `torch.cuda.amp.autocast(args...)` is deprecated. Please use `torch.amp.autocast('cuda', args...)` instead.
  with torch.cuda.amp.autocast(enabled=amp_enabled):
  step 50/97  loss=3.0923  acc@1=30.88%
/home/kalyazin.nikolay/project_diff/Dist_VMamba/VMamba/classification/cifar100_dist_train.py:759: FutureWarning: `torch.cuda.amp.autocast(args...)` is deprecated. Please use `torch.amp.autocast('cuda', args...)` instead.
  with torch.cuda.amp.autocast(enabled=amp_enabled):
Epoch [5/50] train_loss=3.0430 train_acc=32.24% val_loss=2.8910 val_acc=36.74% best=36.74% time=30.3s | throughput=1639.86 samples/s | stat_eff=0.000005 loss/sample | goodput=1492.07 samples/s | cum_wall=0.04h
/home/kalyazin.nikolay/project_diff/Dist_VMamba/VMamba/classification/cifar100_dist_train.py:698: FutureWarning: `torch.cuda.amp.autocast(args...)` is deprecated. Please use `torch.amp.autocast('cuda', args...)` instead.
  with torch.cuda.amp.autocast(enabled=amp_enabled):
  step 50/97  loss=2.8586  acc@1=36.55%
/home/kalyazin.nikolay/project_diff/Dist_VMamba/VMamba/classification/cifar100_dist_train.py:759: FutureWarning: `torch.cuda.amp.autocast(args...)` is deprecated. Please use `torch.amp.autocast('cuda', args...)` instead.
  with torch.cuda.amp.autocast(enabled=amp_enabled):
Epoch [6/50] train_loss=2.8395 train_acc=37.17% val_loss=2.7518 val_acc=40.03% best=40.03% time=30.3s | throughput=1639.28 samples/s | stat_eff=0.000001 loss/sample | goodput=1492.00 samples/s | cum_wall=0.05h
/home/kalyazin.nikolay/project_diff/Dist_VMamba/VMamba/classification/cifar100_dist_train.py:698: FutureWarning: `torch.cuda.amp.autocast(args...)` is deprecated. Please use `torch.amp.autocast('cuda', args...)` instead.
  with torch.cuda.amp.autocast(enabled=amp_enabled):
  step 50/97  loss=2.6706  acc@1=41.84%
/home/kalyazin.nikolay/project_diff/Dist_VMamba/VMamba/classification/cifar100_dist_train.py:759: FutureWarning: `torch.cuda.amp.autocast(args...)` is deprecated. Please use `torch.amp.autocast('cuda', args...)` instead.
  with torch.cuda.amp.autocast(enabled=amp_enabled):
Epoch [7/50] train_loss=2.6537 train_acc=42.40% val_loss=2.5813 val_acc=44.25% best=44.25% time=30.4s | throughput=1636.05 samples/s | stat_eff=0.000002 loss/sample | goodput=1487.11 samples/s | cum_wall=0.06h
/home/kalyazin.nikolay/project_diff/Dist_VMamba/VMamba/classification/cifar100_dist_train.py:698: FutureWarning: `torch.cuda.amp.autocast(args...)` is deprecated. Please use `torch.amp.autocast('cuda', args...)` instead.
  with torch.cuda.amp.autocast(enabled=amp_enabled):
  step 50/97  loss=2.4918  acc@1=46.88%
/home/kalyazin.nikolay/project_diff/Dist_VMamba/VMamba/classification/cifar100_dist_train.py:759: FutureWarning: `torch.cuda.amp.autocast(args...)` is deprecated. Please use `torch.amp.autocast('cuda', args...)` instead.
  with torch.cuda.amp.autocast(enabled=amp_enabled):
Epoch [8/50] train_loss=2.4939 train_acc=46.61% val_loss=2.4902 val_acc=47.45% best=47.45% time=30.3s | throughput=1637.84 samples/s | stat_eff=0.000001 loss/sample | goodput=1489.79 samples/s | cum_wall=0.07h
/home/kalyazin.nikolay/project_diff/Dist_VMamba/VMamba/classification/cifar100_dist_train.py:698: FutureWarning: `torch.cuda.amp.autocast(args...)` is deprecated. Please use `torch.amp.autocast('cuda', args...)` instead.
  with torch.cuda.amp.autocast(enabled=amp_enabled):
  step 50/97  loss=2.3412  acc@1=51.12%
/home/kalyazin.nikolay/project_diff/Dist_VMamba/VMamba/classification/cifar100_dist_train.py:759: FutureWarning: `torch.cuda.amp.autocast(args...)` is deprecated. Please use `torch.amp.autocast('cuda', args...)` instead.
  with torch.cuda.amp.autocast(enabled=amp_enabled):
Epoch [9/50] train_loss=2.3409 train_acc=51.01% val_loss=2.3744 val_acc=50.80% best=50.80% time=30.3s | throughput=1637.26 samples/s | stat_eff=0.000003 loss/sample | goodput=1488.98 samples/s | cum_wall=0.08h
/home/kalyazin.nikolay/project_diff/Dist_VMamba/VMamba/classification/cifar100_dist_train.py:698: FutureWarning: `torch.cuda.amp.autocast(args...)` is deprecated. Please use `torch.amp.autocast('cuda', args...)` instead.
  with torch.cuda.amp.autocast(enabled=amp_enabled):
  step 50/97  loss=2.2255  acc@1=54.35%
/home/kalyazin.nikolay/project_diff/Dist_VMamba/VMamba/classification/cifar100_dist_train.py:759: FutureWarning: `torch.cuda.amp.autocast(args...)` is deprecated. Please use `torch.amp.autocast('cuda', args...)` instead.
  with torch.cuda.amp.autocast(enabled=amp_enabled):
Epoch [10/50] train_loss=2.2332 train_acc=54.20% val_loss=2.3092 val_acc=52.20% best=52.20% time=30.3s | throughput=1638.25 samples/s | stat_eff=-0.000001 loss/sample | goodput=1489.50 samples/s | cum_wall=0.09h
Saved checkpoint: /home/kalyazin.nikolay/project_diff/Dist_VMamba/VMamba/output/cifar100_vmamba_grid/pipeline_gpu2_20260405_103134/pipeline_g2_bs512_e50/ckpt_epoch_010.pth
/home/kalyazin.nikolay/project_diff/Dist_VMamba/VMamba/classification/cifar100_dist_train.py:698: FutureWarning: `torch.cuda.amp.autocast(args...)` is deprecated. Please use `torch.amp.autocast('cuda', args...)` instead.
  with torch.cuda.amp.autocast(enabled=amp_enabled):
  step 50/97  loss=2.1157  acc@1=57.84%
/home/kalyazin.nikolay/project_diff/Dist_VMamba/VMamba/classification/cifar100_dist_train.py:759: FutureWarning: `torch.cuda.amp.autocast(args...)` is deprecated. Please use `torch.amp.autocast('cuda', args...)` instead.
  with torch.cuda.amp.autocast(enabled=amp_enabled):
Epoch [11/50] train_loss=2.1256 train_acc=57.35% val_loss=2.2698 val_acc=54.04% best=54.04% time=30.3s | throughput=1638.38 samples/s | stat_eff=-0.000001 loss/sample | goodput=1489.78 samples/s | cum_wall=0.09h
/home/kalyazin.nikolay/project_diff/Dist_VMamba/VMamba/classification/cifar100_dist_train.py:698: FutureWarning: `torch.cuda.amp.autocast(args...)` is deprecated. Please use `torch.amp.autocast('cuda', args...)` instead.
  with torch.cuda.amp.autocast(enabled=amp_enabled):
  step 50/97  loss=2.0210  acc@1=60.75%
/home/kalyazin.nikolay/project_diff/Dist_VMamba/VMamba/classification/cifar100_dist_train.py:759: FutureWarning: `torch.cuda.amp.autocast(args...)` is deprecated. Please use `torch.amp.autocast('cuda', args...)` instead.
  with torch.cuda.amp.autocast(enabled=amp_enabled):
Epoch [12/50] train_loss=2.0245 train_acc=60.51% val_loss=2.2312 val_acc=55.05% best=55.05% time=30.3s | throughput=1638.08 samples/s | stat_eff=-0.000003 loss/sample | goodput=1490.05 samples/s | cum_wall=0.10h
/home/kalyazin.nikolay/project_diff/Dist_VMamba/VMamba/classification/cifar100_dist_train.py:698: FutureWarning: `torch.cuda.amp.autocast(args...)` is deprecated. Please use `torch.amp.autocast('cuda', args...)` instead.
  with torch.cuda.amp.autocast(enabled=amp_enabled):
  step 50/97  loss=1.9159  acc@1=64.19%
/home/kalyazin.nikolay/project_diff/Dist_VMamba/VMamba/classification/cifar100_dist_train.py:759: FutureWarning: `torch.cuda.amp.autocast(args...)` is deprecated. Please use `torch.amp.autocast('cuda', args...)` instead.
  with torch.cuda.amp.autocast(enabled=amp_enabled):
Epoch [13/50] train_loss=1.9243 train_acc=63.90% val_loss=2.1964 val_acc=55.66% best=55.66% time=30.3s | throughput=1641.56 samples/s | stat_eff=0.000000 loss/sample | goodput=1494.77 samples/s | cum_wall=0.11h
/home/kalyazin.nikolay/project_diff/Dist_VMamba/VMamba/classification/cifar100_dist_train.py:698: FutureWarning: `torch.cuda.amp.autocast(args...)` is deprecated. Please use `torch.amp.autocast('cuda', args...)` instead.
  with torch.cuda.amp.autocast(enabled=amp_enabled):
  step 50/97  loss=1.8356  acc@1=66.78%
/home/kalyazin.nikolay/project_diff/Dist_VMamba/VMamba/classification/cifar100_dist_train.py:759: FutureWarning: `torch.cuda.amp.autocast(args...)` is deprecated. Please use `torch.amp.autocast('cuda', args...)` instead.
  with torch.cuda.amp.autocast(enabled=amp_enabled):
Epoch [14/50] train_loss=1.8465 train_acc=66.36% val_loss=2.1492 val_acc=57.74% best=57.74% time=30.3s | throughput=1639.12 samples/s | stat_eff=-0.000003 loss/sample | goodput=1490.98 samples/s | cum_wall=0.12h
/home/kalyazin.nikolay/project_diff/Dist_VMamba/VMamba/classification/cifar100_dist_train.py:698: FutureWarning: `torch.cuda.amp.autocast(args...)` is deprecated. Please use `torch.amp.autocast('cuda', args...)` instead.
  with torch.cuda.amp.autocast(enabled=amp_enabled):
  step 50/97  loss=1.7424  acc@1=70.03%
/home/kalyazin.nikolay/project_diff/Dist_VMamba/VMamba/classification/cifar100_dist_train.py:759: FutureWarning: `torch.cuda.amp.autocast(args...)` is deprecated. Please use `torch.amp.autocast('cuda', args...)` instead.
  with torch.cuda.amp.autocast(enabled=amp_enabled):
Epoch [15/50] train_loss=1.7544 train_acc=69.50% val_loss=2.1081 val_acc=59.33% best=59.33% time=30.3s | throughput=1637.91 samples/s | stat_eff=-0.000003 loss/sample | goodput=1488.42 samples/s | cum_wall=0.13h
/home/kalyazin.nikolay/project_diff/Dist_VMamba/VMamba/classification/cifar100_dist_train.py:698: FutureWarning: `torch.cuda.amp.autocast(args...)` is deprecated. Please use `torch.amp.autocast('cuda', args...)` instead.
  with torch.cuda.amp.autocast(enabled=amp_enabled):
  step 50/97  loss=1.6584  acc@1=72.62%
/home/kalyazin.nikolay/project_diff/Dist_VMamba/VMamba/classification/cifar100_dist_train.py:759: FutureWarning: `torch.cuda.amp.autocast(args...)` is deprecated. Please use `torch.amp.autocast('cuda', args...)` instead.
  with torch.cuda.amp.autocast(enabled=amp_enabled):
Epoch [16/50] train_loss=1.6739 train_acc=72.07% val_loss=2.1079 val_acc=59.49% best=59.49% time=30.3s | throughput=1637.75 samples/s | stat_eff=-0.000001 loss/sample | goodput=1488.04 samples/s | cum_wall=0.14h
/home/kalyazin.nikolay/project_diff/Dist_VMamba/VMamba/classification/cifar100_dist_train.py:698: FutureWarning: `torch.cuda.amp.autocast(args...)` is deprecated. Please use `torch.amp.autocast('cuda', args...)` instead.
  with torch.cuda.amp.autocast(enabled=amp_enabled):
  step 50/97  loss=1.5681  acc@1=76.50%
/home/kalyazin.nikolay/project_diff/Dist_VMamba/VMamba/classification/cifar100_dist_train.py:759: FutureWarning: `torch.cuda.amp.autocast(args...)` is deprecated. Please use `torch.amp.autocast('cuda', args...)` instead.
  with torch.cuda.amp.autocast(enabled=amp_enabled):
Epoch [17/50] train_loss=1.5912 train_acc=75.35% val_loss=2.1038 val_acc=59.60% best=59.60% time=30.3s | throughput=1640.53 samples/s | stat_eff=-0.000004 loss/sample | goodput=1492.87 samples/s | cum_wall=0.15h
/home/kalyazin.nikolay/project_diff/Dist_VMamba/VMamba/classification/cifar100_dist_train.py:698: FutureWarning: `torch.cuda.amp.autocast(args...)` is deprecated. Please use `torch.amp.autocast('cuda', args...)` instead.
  with torch.cuda.amp.autocast(enabled=amp_enabled):
  step 50/97  loss=1.5016  acc@1=78.52%
/home/kalyazin.nikolay/project_diff/Dist_VMamba/VMamba/classification/cifar100_dist_train.py:759: FutureWarning: `torch.cuda.amp.autocast(args...)` is deprecated. Please use `torch.amp.autocast('cuda', args...)` instead.
  with torch.cuda.amp.autocast(enabled=amp_enabled):
Epoch [18/50] train_loss=1.5244 train_acc=77.51% val_loss=2.0931 val_acc=60.59% best=60.59% time=30.3s | throughput=1641.31 samples/s | stat_eff=-0.000002 loss/sample | goodput=1494.05 samples/s | cum_wall=0.15h
/home/kalyazin.nikolay/project_diff/Dist_VMamba/VMamba/classification/cifar100_dist_train.py:698: FutureWarning: `torch.cuda.amp.autocast(args...)` is deprecated. Please use `torch.amp.autocast('cuda', args...)` instead.
  with torch.cuda.amp.autocast(enabled=amp_enabled):
  step 50/97  loss=1.4367  acc@1=81.14%
/home/kalyazin.nikolay/project_diff/Dist_VMamba/VMamba/classification/cifar100_dist_train.py:759: FutureWarning: `torch.cuda.amp.autocast(args...)` is deprecated. Please use `torch.amp.autocast('cuda', args...)` instead.
  with torch.cuda.amp.autocast(enabled=amp_enabled):
Epoch [19/50] train_loss=1.4483 train_acc=80.78% val_loss=2.0885 val_acc=60.96% best=60.96% time=30.3s | throughput=1640.41 samples/s | stat_eff=0.000001 loss/sample | goodput=1492.93 samples/s | cum_wall=0.16h
/home/kalyazin.nikolay/project_diff/Dist_VMamba/VMamba/classification/cifar100_dist_train.py:698: FutureWarning: `torch.cuda.amp.autocast(args...)` is deprecated. Please use `torch.amp.autocast('cuda', args...)` instead.
  with torch.cuda.amp.autocast(enabled=amp_enabled):
  step 50/97  loss=1.3700  acc@1=83.94%
/home/kalyazin.nikolay/project_diff/Dist_VMamba/VMamba/classification/cifar100_dist_train.py:759: FutureWarning: `torch.cuda.amp.autocast(args...)` is deprecated. Please use `torch.amp.autocast('cuda', args...)` instead.
  with torch.cuda.amp.autocast(enabled=amp_enabled):
Epoch [20/50] train_loss=1.3870 train_acc=83.05% val_loss=2.0820 val_acc=61.70% best=61.70% time=30.3s | throughput=1640.82 samples/s | stat_eff=-0.000003 loss/sample | goodput=1493.06 samples/s | cum_wall=0.17h
Saved checkpoint: /home/kalyazin.nikolay/project_diff/Dist_VMamba/VMamba/output/cifar100_vmamba_grid/pipeline_gpu2_20260405_103134/pipeline_g2_bs512_e50/ckpt_epoch_020.pth
/home/kalyazin.nikolay/project_diff/Dist_VMamba/VMamba/classification/cifar100_dist_train.py:698: FutureWarning: `torch.cuda.amp.autocast(args...)` is deprecated. Please use `torch.amp.autocast('cuda', args...)` instead.
  with torch.cuda.amp.autocast(enabled=amp_enabled):
  step 50/97  loss=1.3199  acc@1=85.87%
/home/kalyazin.nikolay/project_diff/Dist_VMamba/VMamba/classification/cifar100_dist_train.py:759: FutureWarning: `torch.cuda.amp.autocast(args...)` is deprecated. Please use `torch.amp.autocast('cuda', args...)` instead.
  with torch.cuda.amp.autocast(enabled=amp_enabled):
Epoch [21/50] train_loss=1.3307 train_acc=85.29% val_loss=2.0875 val_acc=61.60% best=61.70% time=30.3s | throughput=1640.04 samples/s | stat_eff=-0.000002 loss/sample | goodput=1491.38 samples/s | cum_wall=0.18h
/home/kalyazin.nikolay/project_diff/Dist_VMamba/VMamba/classification/cifar100_dist_train.py:698: FutureWarning: `torch.cuda.amp.autocast(args...)` is deprecated. Please use `torch.amp.autocast('cuda', args...)` instead.
  with torch.cuda.amp.autocast(enabled=amp_enabled):
  step 50/97  loss=1.2578  acc@1=88.06%
/home/kalyazin.nikolay/project_diff/Dist_VMamba/VMamba/classification/cifar100_dist_train.py:759: FutureWarning: `torch.cuda.amp.autocast(args...)` is deprecated. Please use `torch.amp.autocast('cuda', args...)` instead.
  with torch.cuda.amp.autocast(enabled=amp_enabled):
Epoch [22/50] train_loss=1.2700 train_acc=87.58% val_loss=2.0872 val_acc=61.72% best=61.72% time=30.3s | throughput=1638.96 samples/s | stat_eff=-0.000002 loss/sample | goodput=1490.46 samples/s | cum_wall=0.19h
/home/kalyazin.nikolay/project_diff/Dist_VMamba/VMamba/classification/cifar100_dist_train.py:698: FutureWarning: `torch.cuda.amp.autocast(args...)` is deprecated. Please use `torch.amp.autocast('cuda', args...)` instead.
  with torch.cuda.amp.autocast(enabled=amp_enabled):
  step 50/97  loss=1.2202  acc@1=89.51%
/home/kalyazin.nikolay/project_diff/Dist_VMamba/VMamba/classification/cifar100_dist_train.py:759: FutureWarning: `torch.cuda.amp.autocast(args...)` is deprecated. Please use `torch.amp.autocast('cuda', args...)` instead.
  with torch.cuda.amp.autocast(enabled=amp_enabled):
Epoch [23/50] train_loss=1.2297 train_acc=89.07% val_loss=2.0733 val_acc=62.23% best=62.23% time=30.3s | throughput=1639.68 samples/s | stat_eff=0.000000 loss/sample | goodput=1492.10 samples/s | cum_wall=0.20h
/home/kalyazin.nikolay/project_diff/Dist_VMamba/VMamba/classification/cifar100_dist_train.py:698: FutureWarning: `torch.cuda.amp.autocast(args...)` is deprecated. Please use `torch.amp.autocast('cuda', args...)` instead.
  with torch.cuda.amp.autocast(enabled=amp_enabled):
  step 50/97  loss=1.1831  acc@1=90.96%
/home/kalyazin.nikolay/project_diff/Dist_VMamba/VMamba/classification/cifar100_dist_train.py:759: FutureWarning: `torch.cuda.amp.autocast(args...)` is deprecated. Please use `torch.amp.autocast('cuda', args...)` instead.
  with torch.cuda.amp.autocast(enabled=amp_enabled):
Epoch [24/50] train_loss=1.1951 train_acc=90.44% val_loss=2.0631 val_acc=62.95% best=62.95% time=30.3s | throughput=1638.57 samples/s | stat_eff=-0.000002 loss/sample | goodput=1490.12 samples/s | cum_wall=0.20h
/home/kalyazin.nikolay/project_diff/Dist_VMamba/VMamba/classification/cifar100_dist_train.py:698: FutureWarning: `torch.cuda.amp.autocast(args...)` is deprecated. Please use `torch.amp.autocast('cuda', args...)` instead.
  with torch.cuda.amp.autocast(enabled=amp_enabled):
  step 50/97  loss=1.1536  acc@1=92.01%
/home/kalyazin.nikolay/project_diff/Dist_VMamba/VMamba/classification/cifar100_dist_train.py:759: FutureWarning: `torch.cuda.amp.autocast(args...)` is deprecated. Please use `torch.amp.autocast('cuda', args...)` instead.
  with torch.cuda.amp.autocast(enabled=amp_enabled):
Epoch [25/50] train_loss=1.1624 train_acc=91.63% val_loss=2.0850 val_acc=62.61% best=62.95% time=30.3s | throughput=1640.13 samples/s | stat_eff=0.000000 loss/sample | goodput=1492.80 samples/s | cum_wall=0.21h
/home/kalyazin.nikolay/project_diff/Dist_VMamba/VMamba/classification/cifar100_dist_train.py:698: FutureWarning: `torch.cuda.amp.autocast(args...)` is deprecated. Please use `torch.amp.autocast('cuda', args...)` instead.
  with torch.cuda.amp.autocast(enabled=amp_enabled):
  step 50/97  loss=1.1279  acc@1=92.87%
/home/kalyazin.nikolay/project_diff/Dist_VMamba/VMamba/classification/cifar100_dist_train.py:759: FutureWarning: `torch.cuda.amp.autocast(args...)` is deprecated. Please use `torch.amp.autocast('cuda', args...)` instead.
  with torch.cuda.amp.autocast(enabled=amp_enabled):
Epoch [26/50] train_loss=1.1343 train_acc=92.60% val_loss=2.0670 val_acc=63.10% best=63.10% time=30.3s | throughput=1639.02 samples/s | stat_eff=0.000001 loss/sample | goodput=1491.23 samples/s | cum_wall=0.22h
/home/kalyazin.nikolay/project_diff/Dist_VMamba/VMamba/classification/cifar100_dist_train.py:698: FutureWarning: `torch.cuda.amp.autocast(args...)` is deprecated. Please use `torch.amp.autocast('cuda', args...)` instead.
  with torch.cuda.amp.autocast(enabled=amp_enabled):
  step 50/97  loss=1.1023  acc@1=93.84%
/home/kalyazin.nikolay/project_diff/Dist_VMamba/VMamba/classification/cifar100_dist_train.py:759: FutureWarning: `torch.cuda.amp.autocast(args...)` is deprecated. Please use `torch.amp.autocast('cuda', args...)` instead.
  with torch.cuda.amp.autocast(enabled=amp_enabled):
Epoch [27/50] train_loss=1.1066 train_acc=93.54% val_loss=2.0564 val_acc=63.23% best=63.23% time=30.3s | throughput=1638.73 samples/s | stat_eff=-0.000000 loss/sample | goodput=1490.74 samples/s | cum_wall=0.23h
/home/kalyazin.nikolay/project_diff/Dist_VMamba/VMamba/classification/cifar100_dist_train.py:698: FutureWarning: `torch.cuda.amp.autocast(args...)` is deprecated. Please use `torch.amp.autocast('cuda', args...)` instead.
  with torch.cuda.amp.autocast(enabled=amp_enabled):
  step 50/97  loss=1.0818  acc@1=94.34%
/home/kalyazin.nikolay/project_diff/Dist_VMamba/VMamba/classification/cifar100_dist_train.py:759: FutureWarning: `torch.cuda.amp.autocast(args...)` is deprecated. Please use `torch.amp.autocast('cuda', args...)` instead.
  with torch.cuda.amp.autocast(enabled=amp_enabled):
Epoch [28/50] train_loss=1.0832 train_acc=94.38% val_loss=2.0510 val_acc=63.58% best=63.58% time=30.3s | throughput=1640.51 samples/s | stat_eff=0.000001 loss/sample | goodput=1493.08 samples/s | cum_wall=0.24h
/home/kalyazin.nikolay/project_diff/Dist_VMamba/VMamba/classification/cifar100_dist_train.py:698: FutureWarning: `torch.cuda.amp.autocast(args...)` is deprecated. Please use `torch.amp.autocast('cuda', args...)` instead.
  with torch.cuda.amp.autocast(enabled=amp_enabled):
  step 50/97  loss=1.0632  acc@1=95.01%
/home/kalyazin.nikolay/project_diff/Dist_VMamba/VMamba/classification/cifar100_dist_train.py:759: FutureWarning: `torch.cuda.amp.autocast(args...)` is deprecated. Please use `torch.amp.autocast('cuda', args...)` instead.
  with torch.cuda.amp.autocast(enabled=amp_enabled):
Epoch [29/50] train_loss=1.0669 train_acc=94.86% val_loss=2.0526 val_acc=63.82% best=63.82% time=30.3s | throughput=1639.87 samples/s | stat_eff=-0.000000 loss/sample | goodput=1491.92 samples/s | cum_wall=0.25h
/home/kalyazin.nikolay/project_diff/Dist_VMamba/VMamba/classification/cifar100_dist_train.py:698: FutureWarning: `torch.cuda.amp.autocast(args...)` is deprecated. Please use `torch.amp.autocast('cuda', args...)` instead.
  with torch.cuda.amp.autocast(enabled=amp_enabled):
  step 50/97  loss=1.0442  acc@1=95.55%
/home/kalyazin.nikolay/project_diff/Dist_VMamba/VMamba/classification/cifar100_dist_train.py:759: FutureWarning: `torch.cuda.amp.autocast(args...)` is deprecated. Please use `torch.amp.autocast('cuda', args...)` instead.
  with torch.cuda.amp.autocast(enabled=amp_enabled):
Epoch [30/50] train_loss=1.0475 train_acc=95.46% val_loss=2.0375 val_acc=63.84% best=63.84% time=30.3s | throughput=1640.11 samples/s | stat_eff=-0.000001 loss/sample | goodput=1492.09 samples/s | cum_wall=0.25h
Saved checkpoint: /home/kalyazin.nikolay/project_diff/Dist_VMamba/VMamba/output/cifar100_vmamba_grid/pipeline_gpu2_20260405_103134/pipeline_g2_bs512_e50/ckpt_epoch_030.pth
/home/kalyazin.nikolay/project_diff/Dist_VMamba/VMamba/classification/cifar100_dist_train.py:698: FutureWarning: `torch.cuda.amp.autocast(args...)` is deprecated. Please use `torch.amp.autocast('cuda', args...)` instead.
  with torch.cuda.amp.autocast(enabled=amp_enabled):
  step 50/97  loss=1.0341  acc@1=95.75%
/home/kalyazin.nikolay/project_diff/Dist_VMamba/VMamba/classification/cifar100_dist_train.py:759: FutureWarning: `torch.cuda.amp.autocast(args...)` is deprecated. Please use `torch.amp.autocast('cuda', args...)` instead.
  with torch.cuda.amp.autocast(enabled=amp_enabled):
Epoch [31/50] train_loss=1.0363 train_acc=95.70% val_loss=2.0354 val_acc=63.92% best=63.92% time=30.3s | throughput=1638.32 samples/s | stat_eff=0.000000 loss/sample | goodput=1488.52 samples/s | cum_wall=0.26h
/home/kalyazin.nikolay/project_diff/Dist_VMamba/VMamba/classification/cifar100_dist_train.py:698: FutureWarning: `torch.cuda.amp.autocast(args...)` is deprecated. Please use `torch.amp.autocast('cuda', args...)` instead.
  with torch.cuda.amp.autocast(enabled=amp_enabled):
  step 50/97  loss=1.0226  acc@1=96.09%
/home/kalyazin.nikolay/project_diff/Dist_VMamba/VMamba/classification/cifar100_dist_train.py:759: FutureWarning: `torch.cuda.amp.autocast(args...)` is deprecated. Please use `torch.amp.autocast('cuda', args...)` instead.
  with torch.cuda.amp.autocast(enabled=amp_enabled):
Epoch [32/50] train_loss=1.0242 train_acc=95.97% val_loss=2.0307 val_acc=64.36% best=64.36% time=30.3s | throughput=1640.98 samples/s | stat_eff=-0.000000 loss/sample | goodput=1494.74 samples/s | cum_wall=0.27h
/home/kalyazin.nikolay/project_diff/Dist_VMamba/VMamba/classification/cifar100_dist_train.py:698: FutureWarning: `torch.cuda.amp.autocast(args...)` is deprecated. Please use `torch.amp.autocast('cuda', args...)` instead.
  with torch.cuda.amp.autocast(enabled=amp_enabled):
  step 50/97  loss=1.0110  acc@1=96.39%
/home/kalyazin.nikolay/project_diff/Dist_VMamba/VMamba/classification/cifar100_dist_train.py:759: FutureWarning: `torch.cuda.amp.autocast(args...)` is deprecated. Please use `torch.amp.autocast('cuda', args...)` instead.
  with torch.cuda.amp.autocast(enabled=amp_enabled):
Epoch [33/50] train_loss=1.0139 train_acc=96.32% val_loss=2.0274 val_acc=64.39% best=64.39% time=30.3s | throughput=1640.40 samples/s | stat_eff=0.000000 loss/sample | goodput=1491.26 samples/s | cum_wall=0.28h
/home/kalyazin.nikolay/project_diff/Dist_VMamba/VMamba/classification/cifar100_dist_train.py:698: FutureWarning: `torch.cuda.amp.autocast(args...)` is deprecated. Please use `torch.amp.autocast('cuda', args...)` instead.
  with torch.cuda.amp.autocast(enabled=amp_enabled):
  step 50/97  loss=1.0030  acc@1=96.48%
/home/kalyazin.nikolay/project_diff/Dist_VMamba/VMamba/classification/cifar100_dist_train.py:759: FutureWarning: `torch.cuda.amp.autocast(args...)` is deprecated. Please use `torch.amp.autocast('cuda', args...)` instead.
  with torch.cuda.amp.autocast(enabled=amp_enabled):
Epoch [34/50] train_loss=1.0029 train_acc=96.55% val_loss=2.0336 val_acc=64.56% best=64.56% time=30.2s | throughput=1642.84 samples/s | stat_eff=0.000000 loss/sample | goodput=1496.41 samples/s | cum_wall=0.29h
/home/kalyazin.nikolay/project_diff/Dist_VMamba/VMamba/classification/cifar100_dist_train.py:698: FutureWarning: `torch.cuda.amp.autocast(args...)` is deprecated. Please use `torch.amp.autocast('cuda', args...)` instead.
  with torch.cuda.amp.autocast(enabled=amp_enabled):
  step 50/97  loss=0.9930  acc@1=96.80%
/home/kalyazin.nikolay/project_diff/Dist_VMamba/VMamba/classification/cifar100_dist_train.py:759: FutureWarning: `torch.cuda.amp.autocast(args...)` is deprecated. Please use `torch.amp.autocast('cuda', args...)` instead.
  with torch.cuda.amp.autocast(enabled=amp_enabled):
Epoch [35/50] train_loss=0.9948 train_acc=96.69% val_loss=2.0280 val_acc=64.31% best=64.56% time=30.2s | throughput=1643.30 samples/s | stat_eff=-0.000001 loss/sample | goodput=1496.18 samples/s | cum_wall=0.30h
/home/kalyazin.nikolay/project_diff/Dist_VMamba/VMamba/classification/cifar100_dist_train.py:698: FutureWarning: `torch.cuda.amp.autocast(args...)` is deprecated. Please use `torch.amp.autocast('cuda', args...)` instead.
  with torch.cuda.amp.autocast(enabled=amp_enabled):
  step 50/97  loss=0.9843  acc@1=97.06%
/home/kalyazin.nikolay/project_diff/Dist_VMamba/VMamba/classification/cifar100_dist_train.py:759: FutureWarning: `torch.cuda.amp.autocast(args...)` is deprecated. Please use `torch.amp.autocast('cuda', args...)` instead.
  with torch.cuda.amp.autocast(enabled=amp_enabled):
Epoch [36/50] train_loss=0.9846 train_acc=97.03% val_loss=2.0184 val_acc=64.75% best=64.75% time=30.3s | throughput=1641.35 samples/s | stat_eff=-0.000001 loss/sample | goodput=1494.69 samples/s | cum_wall=0.31h
/home/kalyazin.nikolay/project_diff/Dist_VMamba/VMamba/classification/cifar100_dist_train.py:698: FutureWarning: `torch.cuda.amp.autocast(args...)` is deprecated. Please use `torch.amp.autocast('cuda', args...)` instead.
  with torch.cuda.amp.autocast(enabled=amp_enabled):
  step 50/97  loss=0.9747  acc@1=97.35%
/home/kalyazin.nikolay/project_diff/Dist_VMamba/VMamba/classification/cifar100_dist_train.py:759: FutureWarning: `torch.cuda.amp.autocast(args...)` is deprecated. Please use `torch.amp.autocast('cuda', args...)` instead.
  with torch.cuda.amp.autocast(enabled=amp_enabled):
Epoch [37/50] train_loss=0.9773 train_acc=97.27% val_loss=2.0217 val_acc=64.76% best=64.76% time=30.3s | throughput=1638.28 samples/s | stat_eff=0.000000 loss/sample | goodput=1488.84 samples/s | cum_wall=0.31h
/home/kalyazin.nikolay/project_diff/Dist_VMamba/VMamba/classification/cifar100_dist_train.py:698: FutureWarning: `torch.cuda.amp.autocast(args...)` is deprecated. Please use `torch.amp.autocast('cuda', args...)` instead.
  with torch.cuda.amp.autocast(enabled=amp_enabled):
  step 50/97  loss=0.9717  acc@1=97.29%
/home/kalyazin.nikolay/project_diff/Dist_VMamba/VMamba/classification/cifar100_dist_train.py:759: FutureWarning: `torch.cuda.amp.autocast(args...)` is deprecated. Please use `torch.amp.autocast('cuda', args...)` instead.
  with torch.cuda.amp.autocast(enabled=amp_enabled):
Epoch [38/50] train_loss=0.9718 train_acc=97.29% val_loss=2.0165 val_acc=65.22% best=65.22% time=30.3s | throughput=1638.73 samples/s | stat_eff=0.000000 loss/sample | goodput=1490.66 samples/s | cum_wall=0.32h
/home/kalyazin.nikolay/project_diff/Dist_VMamba/VMamba/classification/cifar100_dist_train.py:698: FutureWarning: `torch.cuda.amp.autocast(args...)` is deprecated. Please use `torch.amp.autocast('cuda', args...)` instead.
  with torch.cuda.amp.autocast(enabled=amp_enabled):
  step 50/97  loss=0.9646  acc@1=97.48%
/home/kalyazin.nikolay/project_diff/Dist_VMamba/VMamba/classification/cifar100_dist_train.py:759: FutureWarning: `torch.cuda.amp.autocast(args...)` is deprecated. Please use `torch.amp.autocast('cuda', args...)` instead.
  with torch.cuda.amp.autocast(enabled=amp_enabled):
Epoch [39/50] train_loss=0.9671 train_acc=97.43% val_loss=2.0164 val_acc=64.76% best=65.22% time=30.3s | throughput=1640.28 samples/s | stat_eff=-0.000000 loss/sample | goodput=1493.18 samples/s | cum_wall=0.33h
/home/kalyazin.nikolay/project_diff/Dist_VMamba/VMamba/classification/cifar100_dist_train.py:698: FutureWarning: `torch.cuda.amp.autocast(args...)` is deprecated. Please use `torch.amp.autocast('cuda', args...)` instead.
  with torch.cuda.amp.autocast(enabled=amp_enabled):
  step 50/97  loss=0.9587  acc@1=97.59%
/home/kalyazin.nikolay/project_diff/Dist_VMamba/VMamba/classification/cifar100_dist_train.py:759: FutureWarning: `torch.cuda.amp.autocast(args...)` is deprecated. Please use `torch.amp.autocast('cuda', args...)` instead.
  with torch.cuda.amp.autocast(enabled=amp_enabled):
Epoch [40/50] train_loss=0.9587 train_acc=97.58% val_loss=2.0144 val_acc=64.95% best=65.22% time=30.3s | throughput=1639.05 samples/s | stat_eff=-0.000000 loss/sample | goodput=1490.64 samples/s | cum_wall=0.34h
Saved checkpoint: /home/kalyazin.nikolay/project_diff/Dist_VMamba/VMamba/output/cifar100_vmamba_grid/pipeline_gpu2_20260405_103134/pipeline_g2_bs512_e50/ckpt_epoch_040.pth
/home/kalyazin.nikolay/project_diff/Dist_VMamba/VMamba/classification/cifar100_dist_train.py:698: FutureWarning: `torch.cuda.amp.autocast(args...)` is deprecated. Please use `torch.amp.autocast('cuda', args...)` instead.
  with torch.cuda.amp.autocast(enabled=amp_enabled):
  step 50/97  loss=0.9572  acc@1=97.68%
/home/kalyazin.nikolay/project_diff/Dist_VMamba/VMamba/classification/cifar100_dist_train.py:759: FutureWarning: `torch.cuda.amp.autocast(args...)` is deprecated. Please use `torch.amp.autocast('cuda', args...)` instead.
  with torch.cuda.amp.autocast(enabled=amp_enabled):
Epoch [41/50] train_loss=0.9574 train_acc=97.65% val_loss=2.0091 val_acc=65.08% best=65.22% time=30.3s | throughput=1639.21 samples/s | stat_eff=0.000000 loss/sample | goodput=1491.44 samples/s | cum_wall=0.35h
/home/kalyazin.nikolay/project_diff/Dist_VMamba/VMamba/classification/cifar100_dist_train.py:698: FutureWarning: `torch.cuda.amp.autocast(args...)` is deprecated. Please use `torch.amp.autocast('cuda', args...)` instead.
  with torch.cuda.amp.autocast(enabled=amp_enabled):
  step 50/97  loss=0.9547  acc@1=97.74%
/home/kalyazin.nikolay/project_diff/Dist_VMamba/VMamba/classification/cifar100_dist_train.py:759: FutureWarning: `torch.cuda.amp.autocast(args...)` is deprecated. Please use `torch.amp.autocast('cuda', args...)` instead.
  with torch.cuda.amp.autocast(enabled=amp_enabled):
Epoch [42/50] train_loss=0.9545 train_acc=97.72% val_loss=2.0080 val_acc=65.06% best=65.22% time=30.3s | throughput=1639.91 samples/s | stat_eff=0.000000 loss/sample | goodput=1492.64 samples/s | cum_wall=0.36h
/home/kalyazin.nikolay/project_diff/Dist_VMamba/VMamba/classification/cifar100_dist_train.py:698: FutureWarning: `torch.cuda.amp.autocast(args...)` is deprecated. Please use `torch.amp.autocast('cuda', args...)` instead.
  with torch.cuda.amp.autocast(enabled=amp_enabled):
  step 50/97  loss=0.9507  acc@1=97.78%
/home/kalyazin.nikolay/project_diff/Dist_VMamba/VMamba/classification/cifar100_dist_train.py:759: FutureWarning: `torch.cuda.amp.autocast(args...)` is deprecated. Please use `torch.amp.autocast('cuda', args...)` instead.
  with torch.cuda.amp.autocast(enabled=amp_enabled):
Epoch [43/50] train_loss=0.9509 train_acc=97.79% val_loss=2.0067 val_acc=65.22% best=65.22% time=30.3s | throughput=1639.63 samples/s | stat_eff=0.000000 loss/sample | goodput=1491.94 samples/s | cum_wall=0.36h
/home/kalyazin.nikolay/project_diff/Dist_VMamba/VMamba/classification/cifar100_dist_train.py:698: FutureWarning: `torch.cuda.amp.autocast(args...)` is deprecated. Please use `torch.amp.autocast('cuda', args...)` instead.
  with torch.cuda.amp.autocast(enabled=amp_enabled):
  step 50/97  loss=0.9493  acc@1=97.78%
/home/kalyazin.nikolay/project_diff/Dist_VMamba/VMamba/classification/cifar100_dist_train.py:759: FutureWarning: `torch.cuda.amp.autocast(args...)` is deprecated. Please use `torch.amp.autocast('cuda', args...)` instead.
  with torch.cuda.amp.autocast(enabled=amp_enabled):
Epoch [44/50] train_loss=0.9485 train_acc=97.78% val_loss=2.0055 val_acc=65.06% best=65.22% time=30.3s | throughput=1639.48 samples/s | stat_eff=-0.000000 loss/sample | goodput=1491.77 samples/s | cum_wall=0.37h
/home/kalyazin.nikolay/project_diff/Dist_VMamba/VMamba/classification/cifar100_dist_train.py:698: FutureWarning: `torch.cuda.amp.autocast(args...)` is deprecated. Please use `torch.amp.autocast('cuda', args...)` instead.
  with torch.cuda.amp.autocast(enabled=amp_enabled):
  step 50/97  loss=0.9426  acc@1=97.97%
/home/kalyazin.nikolay/project_diff/Dist_VMamba/VMamba/classification/cifar100_dist_train.py:759: FutureWarning: `torch.cuda.amp.autocast(args...)` is deprecated. Please use `torch.amp.autocast('cuda', args...)` instead.
  with torch.cuda.amp.autocast(enabled=amp_enabled):
Epoch [45/50] train_loss=0.9438 train_acc=97.97% val_loss=2.0065 val_acc=65.30% best=65.30% time=30.3s | throughput=1640.37 samples/s | stat_eff=-0.000000 loss/sample | goodput=1493.03 samples/s | cum_wall=0.38h
/home/kalyazin.nikolay/project_diff/Dist_VMamba/VMamba/classification/cifar100_dist_train.py:698: FutureWarning: `torch.cuda.amp.autocast(args...)` is deprecated. Please use `torch.amp.autocast('cuda', args...)` instead.
  with torch.cuda.amp.autocast(enabled=amp_enabled):
  step 50/97  loss=0.9421  acc@1=97.99%
/home/kalyazin.nikolay/project_diff/Dist_VMamba/VMamba/classification/cifar100_dist_train.py:759: FutureWarning: `torch.cuda.amp.autocast(args...)` is deprecated. Please use `torch.amp.autocast('cuda', args...)` instead.
  with torch.cuda.amp.autocast(enabled=amp_enabled):
Epoch [46/50] train_loss=0.9441 train_acc=97.90% val_loss=2.0060 val_acc=65.38% best=65.38% time=30.3s | throughput=1640.64 samples/s | stat_eff=-0.000000 loss/sample | goodput=1493.09 samples/s | cum_wall=0.39h
/home/kalyazin.nikolay/project_diff/Dist_VMamba/VMamba/classification/cifar100_dist_train.py:698: FutureWarning: `torch.cuda.amp.autocast(args...)` is deprecated. Please use `torch.amp.autocast('cuda', args...)` instead.
  with torch.cuda.amp.autocast(enabled=amp_enabled):
  step 50/97  loss=0.9401  acc@1=98.12%
/home/kalyazin.nikolay/project_diff/Dist_VMamba/VMamba/classification/cifar100_dist_train.py:759: FutureWarning: `torch.cuda.amp.autocast(args...)` is deprecated. Please use `torch.amp.autocast('cuda', args...)` instead.
  with torch.cuda.amp.autocast(enabled=amp_enabled):
Epoch [47/50] train_loss=0.9408 train_acc=98.04% val_loss=2.0058 val_acc=65.20% best=65.38% time=30.3s | throughput=1638.98 samples/s | stat_eff=0.000000 loss/sample | goodput=1491.28 samples/s | cum_wall=0.40h
/home/kalyazin.nikolay/project_diff/Dist_VMamba/VMamba/classification/cifar100_dist_train.py:698: FutureWarning: `torch.cuda.amp.autocast(args...)` is deprecated. Please use `torch.amp.autocast('cuda', args...)` instead.
  with torch.cuda.amp.autocast(enabled=amp_enabled):
  step 50/97  loss=0.9402  acc@1=97.94%
/home/kalyazin.nikolay/project_diff/Dist_VMamba/VMamba/classification/cifar100_dist_train.py:759: FutureWarning: `torch.cuda.amp.autocast(args...)` is deprecated. Please use `torch.amp.autocast('cuda', args...)` instead.
  with torch.cuda.amp.autocast(enabled=amp_enabled):
Epoch [48/50] train_loss=0.9396 train_acc=98.01% val_loss=2.0051 val_acc=65.18% best=65.38% time=30.3s | throughput=1640.03 samples/s | stat_eff=0.000000 loss/sample | goodput=1492.90 samples/s | cum_wall=0.41h
/home/kalyazin.nikolay/project_diff/Dist_VMamba/VMamba/classification/cifar100_dist_train.py:698: FutureWarning: `torch.cuda.amp.autocast(args...)` is deprecated. Please use `torch.amp.autocast('cuda', args...)` instead.
  with torch.cuda.amp.autocast(enabled=amp_enabled):
  step 50/97  loss=0.9373  acc@1=98.11%
/home/kalyazin.nikolay/project_diff/Dist_VMamba/VMamba/classification/cifar100_dist_train.py:759: FutureWarning: `torch.cuda.amp.autocast(args...)` is deprecated. Please use `torch.amp.autocast('cuda', args...)` instead.
  with torch.cuda.amp.autocast(enabled=amp_enabled):
Epoch [49/50] train_loss=0.9390 train_acc=98.07% val_loss=2.0050 val_acc=65.30% best=65.38% time=30.3s | throughput=1640.90 samples/s | stat_eff=-0.000000 loss/sample | goodput=1494.52 samples/s | cum_wall=0.41h
/home/kalyazin.nikolay/project_diff/Dist_VMamba/VMamba/classification/cifar100_dist_train.py:698: FutureWarning: `torch.cuda.amp.autocast(args...)` is deprecated. Please use `torch.amp.autocast('cuda', args...)` instead.
  with torch.cuda.amp.autocast(enabled=amp_enabled):
  step 50/97  loss=0.9366  acc@1=98.05%
/home/kalyazin.nikolay/project_diff/Dist_VMamba/VMamba/classification/cifar100_dist_train.py:759: FutureWarning: `torch.cuda.amp.autocast(args...)` is deprecated. Please use `torch.amp.autocast('cuda', args...)` instead.
  with torch.cuda.amp.autocast(enabled=amp_enabled):
Epoch [50/50] train_loss=0.9371 train_acc=98.12% val_loss=2.0050 val_acc=65.27% best=65.38% time=30.3s | throughput=1639.83 samples/s | stat_eff=0.000000 loss/sample | goodput=1492.47 samples/s | cum_wall=0.42h
Saved checkpoint: /home/kalyazin.nikolay/project_diff/Dist_VMamba/VMamba/output/cifar100_vmamba_grid/pipeline_gpu2_20260405_103134/pipeline_g2_bs512_e50/ckpt_epoch_050.pth
