/home/kalyazin.nikolay/project_diff/Dist_VMamba/VMamba/classification/models/csms6s.py:74: FutureWarning: `torch.cuda.amp.custom_fwd(args...)` is deprecated. Please use `torch.amp.custom_fwd(args..., device_type='cuda')` instead.
  def forward(ctx, u, delta, A, B, C, D=None, delta_bias=None, delta_softplus=False, oflex=True, backend=None):
/home/kalyazin.nikolay/project_diff/Dist_VMamba/VMamba/classification/models/csms6s.py:91: FutureWarning: `torch.cuda.amp.custom_bwd(args...)` is deprecated. Please use `torch.amp.custom_bwd(args..., device_type='cuda')` instead.
  def backward(ctx, dout, *args):
/home/kalyazin.nikolay/project_diff/Dist_VMamba/VMamba/classification/models/mamba2/ssd_combined.py:764: FutureWarning: `torch.cuda.amp.custom_fwd(args...)` is deprecated. Please use `torch.amp.custom_fwd(args..., device_type='cuda')` instead.
  def forward(ctx, zxbcdt, conv1d_weight, conv1d_bias, dt_bias, A, D, chunk_size, initial_states=None, seq_idx=None, dt_limit=(0.0, float("inf")), return_final_states=False, activation="silu",
/home/kalyazin.nikolay/project_diff/Dist_VMamba/VMamba/classification/models/mamba2/ssd_combined.py:842: FutureWarning: `torch.cuda.amp.custom_bwd(args...)` is deprecated. Please use `torch.amp.custom_bwd(args..., device_type='cuda')` instead.
  def backward(ctx, dout, *args):
Parallel mode: pipeline
World size: 1 | Rank: 0 | Device: cuda:0
/home/kalyazin.nikolay/project_diff/Dist_VMamba/VMamba/classification/cifar100_dist_train.py:996: FutureWarning: `torch.cuda.amp.GradScaler(args...)` is deprecated. Please use `torch.amp.GradScaler('cuda', args...)` instead.
  scaler = torch.cuda.amp.GradScaler(enabled=amp_enabled)
TensorBoard logging enabled: /home/kalyazin.nikolay/project_diff/Dist_VMamba/VMamba/output/cifar100_vmamba_grid/pipeline_gpu4_20260405_130145/pipeline_g4_bs256_e50/tensorboard
/home/kalyazin.nikolay/project_diff/Dist_VMamba/VMamba/classification/cifar100_dist_train.py:698: FutureWarning: `torch.cuda.amp.autocast(args...)` is deprecated. Please use `torch.amp.autocast('cuda', args...)` instead.
  with torch.cuda.amp.autocast(enabled=amp_enabled):
/home/kalyazin.nikolay/project_diff/Dist_VMamba/VMamba/classification/cifar100_dist_train.py:698: FutureWarning: `torch.cuda.amp.autocast(args...)` is deprecated. Please use `torch.amp.autocast('cuda', args...)` instead.
  with torch.cuda.amp.autocast(enabled=amp_enabled):
  step 50/195  loss=4.4819  acc@1=3.22%
  step 100/195  loss=4.3466  acc@1=4.82%
  step 150/195  loss=4.2450  acc@1=6.31%
/home/kalyazin.nikolay/project_diff/Dist_VMamba/VMamba/classification/cifar100_dist_train.py:759: FutureWarning: `torch.cuda.amp.autocast(args...)` is deprecated. Please use `torch.amp.autocast('cuda', args...)` instead.
  with torch.cuda.amp.autocast(enabled=amp_enabled):
Epoch [1/50] train_loss=4.1768 train_acc=7.36% val_loss=3.9211 val_acc=11.11% best=11.11% time=44.9s | throughput=1112.89 samples/s | stat_eff=0.000016 loss/sample | goodput=945.87 samples/s | cum_wall=0.01h
/home/kalyazin.nikolay/project_diff/Dist_VMamba/VMamba/classification/cifar100_dist_train.py:698: FutureWarning: `torch.cuda.amp.autocast(args...)` is deprecated. Please use `torch.amp.autocast('cuda', args...)` instead.
  with torch.cuda.amp.autocast(enabled=amp_enabled):
  step 50/195  loss=3.8382  acc@1=12.74%
  step 100/195  loss=3.7911  acc@1=13.99%
  step 150/195  loss=3.7477  acc@1=14.93%
/home/kalyazin.nikolay/project_diff/Dist_VMamba/VMamba/classification/cifar100_dist_train.py:759: FutureWarning: `torch.cuda.amp.autocast(args...)` is deprecated. Please use `torch.amp.autocast('cuda', args...)` instead.
  with torch.cuda.amp.autocast(enabled=amp_enabled):
Epoch [2/50] train_loss=3.7055 train_acc=16.05% val_loss=3.4921 val_acc=21.23% best=21.23% time=34.0s | throughput=1466.20 samples/s | stat_eff=0.000007 loss/sample | goodput=1332.33 samples/s | cum_wall=0.02h
/home/kalyazin.nikolay/project_diff/Dist_VMamba/VMamba/classification/cifar100_dist_train.py:698: FutureWarning: `torch.cuda.amp.autocast(args...)` is deprecated. Please use `torch.amp.autocast('cuda', args...)` instead.
  with torch.cuda.amp.autocast(enabled=amp_enabled):
  step 50/195  loss=3.4624  acc@1=21.54%
  step 100/195  loss=3.4203  acc@1=22.87%
  step 150/195  loss=3.3802  acc@1=23.82%
/home/kalyazin.nikolay/project_diff/Dist_VMamba/VMamba/classification/cifar100_dist_train.py:759: FutureWarning: `torch.cuda.amp.autocast(args...)` is deprecated. Please use `torch.amp.autocast('cuda', args...)` instead.
  with torch.cuda.amp.autocast(enabled=amp_enabled):
Epoch [3/50] train_loss=3.3529 train_acc=24.34% val_loss=3.1510 val_acc=29.82% best=29.82% time=34.0s | throughput=1468.47 samples/s | stat_eff=0.000002 loss/sample | goodput=1334.75 samples/s | cum_wall=0.03h
/home/kalyazin.nikolay/project_diff/Dist_VMamba/VMamba/classification/cifar100_dist_train.py:698: FutureWarning: `torch.cuda.amp.autocast(args...)` is deprecated. Please use `torch.amp.autocast('cuda', args...)` instead.
  with torch.cuda.amp.autocast(enabled=amp_enabled):
  step 50/195  loss=3.1679  acc@1=28.84%
  step 100/195  loss=3.1348  acc@1=29.74%
  step 150/195  loss=3.0988  acc@1=30.65%
/home/kalyazin.nikolay/project_diff/Dist_VMamba/VMamba/classification/cifar100_dist_train.py:759: FutureWarning: `torch.cuda.amp.autocast(args...)` is deprecated. Please use `torch.amp.autocast('cuda', args...)` instead.
  with torch.cuda.amp.autocast(enabled=amp_enabled):
Epoch [4/50] train_loss=3.0746 train_acc=31.39% val_loss=2.9123 val_acc=35.83% best=35.83% time=34.1s | throughput=1463.74 samples/s | stat_eff=0.000003 loss/sample | goodput=1329.63 samples/s | cum_wall=0.04h
/home/kalyazin.nikolay/project_diff/Dist_VMamba/VMamba/classification/cifar100_dist_train.py:698: FutureWarning: `torch.cuda.amp.autocast(args...)` is deprecated. Please use `torch.amp.autocast('cuda', args...)` instead.
  with torch.cuda.amp.autocast(enabled=amp_enabled):
  step 50/195  loss=2.8862  acc@1=35.66%
  step 100/195  loss=2.8694  acc@1=36.32%
  step 150/195  loss=2.8471  acc@1=37.03%
/home/kalyazin.nikolay/project_diff/Dist_VMamba/VMamba/classification/cifar100_dist_train.py:759: FutureWarning: `torch.cuda.amp.autocast(args...)` is deprecated. Please use `torch.amp.autocast('cuda', args...)` instead.
  with torch.cuda.amp.autocast(enabled=amp_enabled):
Epoch [5/50] train_loss=2.8303 train_acc=37.56% val_loss=2.7089 val_acc=41.11% best=41.11% time=34.2s | throughput=1461.31 samples/s | stat_eff=0.000001 loss/sample | goodput=1321.60 samples/s | cum_wall=0.05h
/home/kalyazin.nikolay/project_diff/Dist_VMamba/VMamba/classification/cifar100_dist_train.py:698: FutureWarning: `torch.cuda.amp.autocast(args...)` is deprecated. Please use `torch.amp.autocast('cuda', args...)` instead.
  with torch.cuda.amp.autocast(enabled=amp_enabled):
  step 50/195  loss=2.6618  acc@1=41.79%
  step 100/195  loss=2.6473  acc@1=42.28%
  step 150/195  loss=2.6360  acc@1=42.52%
/home/kalyazin.nikolay/project_diff/Dist_VMamba/VMamba/classification/cifar100_dist_train.py:759: FutureWarning: `torch.cuda.amp.autocast(args...)` is deprecated. Please use `torch.amp.autocast('cuda', args...)` instead.
  with torch.cuda.amp.autocast(enabled=amp_enabled):
Epoch [6/50] train_loss=2.6229 train_acc=42.85% val_loss=2.5340 val_acc=45.80% best=45.80% time=34.0s | throughput=1468.21 samples/s | stat_eff=0.000003 loss/sample | goodput=1335.36 samples/s | cum_wall=0.06h
/home/kalyazin.nikolay/project_diff/Dist_VMamba/VMamba/classification/cifar100_dist_train.py:698: FutureWarning: `torch.cuda.amp.autocast(args...)` is deprecated. Please use `torch.amp.autocast('cuda', args...)` instead.
  with torch.cuda.amp.autocast(enabled=amp_enabled):
  step 50/195  loss=2.4683  acc@1=46.84%
  step 100/195  loss=2.4685  acc@1=46.95%
  step 150/195  loss=2.4659  acc@1=47.16%
/home/kalyazin.nikolay/project_diff/Dist_VMamba/VMamba/classification/cifar100_dist_train.py:759: FutureWarning: `torch.cuda.amp.autocast(args...)` is deprecated. Please use `torch.amp.autocast('cuda', args...)` instead.
  with torch.cuda.amp.autocast(enabled=amp_enabled):
Epoch [7/50] train_loss=2.4612 train_acc=47.43% val_loss=2.4368 val_acc=48.91% best=48.91% time=34.0s | throughput=1469.93 samples/s | stat_eff=0.000001 loss/sample | goodput=1336.86 samples/s | cum_wall=0.07h
/home/kalyazin.nikolay/project_diff/Dist_VMamba/VMamba/classification/cifar100_dist_train.py:698: FutureWarning: `torch.cuda.amp.autocast(args...)` is deprecated. Please use `torch.amp.autocast('cuda', args...)` instead.
  with torch.cuda.amp.autocast(enabled=amp_enabled):
  step 50/195  loss=2.2904  acc@1=52.84%
  step 100/195  loss=2.3069  acc@1=51.93%
  step 150/195  loss=2.3196  acc@1=51.48%
/home/kalyazin.nikolay/project_diff/Dist_VMamba/VMamba/classification/cifar100_dist_train.py:759: FutureWarning: `torch.cuda.amp.autocast(args...)` is deprecated. Please use `torch.amp.autocast('cuda', args...)` instead.
  with torch.cuda.amp.autocast(enabled=amp_enabled):
Epoch [8/50] train_loss=2.3207 train_acc=51.53% val_loss=2.3564 val_acc=51.27% best=51.27% time=34.0s | throughput=1468.09 samples/s | stat_eff=-0.000001 loss/sample | goodput=1333.96 samples/s | cum_wall=0.08h
/home/kalyazin.nikolay/project_diff/Dist_VMamba/VMamba/classification/cifar100_dist_train.py:698: FutureWarning: `torch.cuda.amp.autocast(args...)` is deprecated. Please use `torch.amp.autocast('cuda', args...)` instead.
  with torch.cuda.amp.autocast(enabled=amp_enabled):
  step 50/195  loss=2.2010  acc@1=54.95%
  step 100/195  loss=2.2009  acc@1=55.07%
  step 150/195  loss=2.2073  acc@1=54.98%
/home/kalyazin.nikolay/project_diff/Dist_VMamba/VMamba/classification/cifar100_dist_train.py:759: FutureWarning: `torch.cuda.amp.autocast(args...)` is deprecated. Please use `torch.amp.autocast('cuda', args...)` instead.
  with torch.cuda.amp.autocast(enabled=amp_enabled):
Epoch [9/50] train_loss=2.2071 train_acc=55.09% val_loss=2.2915 val_acc=53.53% best=53.53% time=34.0s | throughput=1468.54 samples/s | stat_eff=-0.000003 loss/sample | goodput=1334.94 samples/s | cum_wall=0.09h
/home/kalyazin.nikolay/project_diff/Dist_VMamba/VMamba/classification/cifar100_dist_train.py:698: FutureWarning: `torch.cuda.amp.autocast(args...)` is deprecated. Please use `torch.amp.autocast('cuda', args...)` instead.
  with torch.cuda.amp.autocast(enabled=amp_enabled):
  step 50/195  loss=2.0650  acc@1=59.28%
  step 100/195  loss=2.0852  acc@1=58.62%
  step 150/195  loss=2.0876  acc@1=58.51%
/home/kalyazin.nikolay/project_diff/Dist_VMamba/VMamba/classification/cifar100_dist_train.py:759: FutureWarning: `torch.cuda.amp.autocast(args...)` is deprecated. Please use `torch.amp.autocast('cuda', args...)` instead.
  with torch.cuda.amp.autocast(enabled=amp_enabled):
Epoch [10/50] train_loss=2.0959 train_acc=58.33% val_loss=2.2242 val_acc=55.43% best=55.43% time=34.0s | throughput=1469.57 samples/s | stat_eff=0.000000 loss/sample | goodput=1336.72 samples/s | cum_wall=0.10h
Saved checkpoint: /home/kalyazin.nikolay/project_diff/Dist_VMamba/VMamba/output/cifar100_vmamba_grid/pipeline_gpu4_20260405_130145/pipeline_g4_bs256_e50/ckpt_epoch_010.pth
/home/kalyazin.nikolay/project_diff/Dist_VMamba/VMamba/classification/cifar100_dist_train.py:698: FutureWarning: `torch.cuda.amp.autocast(args...)` is deprecated. Please use `torch.amp.autocast('cuda', args...)` instead.
  with torch.cuda.amp.autocast(enabled=amp_enabled):
  step 50/195  loss=1.9852  acc@1=61.76%
  step 100/195  loss=1.9843  acc@1=61.81%
  step 150/195  loss=1.9938  acc@1=61.47%
/home/kalyazin.nikolay/project_diff/Dist_VMamba/VMamba/classification/cifar100_dist_train.py:759: FutureWarning: `torch.cuda.amp.autocast(args...)` is deprecated. Please use `torch.amp.autocast('cuda', args...)` instead.
  with torch.cuda.amp.autocast(enabled=amp_enabled):
Epoch [11/50] train_loss=1.9988 train_acc=61.20% val_loss=2.1885 val_acc=56.85% best=56.85% time=34.2s | throughput=1459.48 samples/s | stat_eff=0.000001 loss/sample | goodput=1318.73 samples/s | cum_wall=0.11h
/home/kalyazin.nikolay/project_diff/Dist_VMamba/VMamba/classification/cifar100_dist_train.py:698: FutureWarning: `torch.cuda.amp.autocast(args...)` is deprecated. Please use `torch.amp.autocast('cuda', args...)` instead.
  with torch.cuda.amp.autocast(enabled=amp_enabled):
  step 50/195  loss=1.8753  acc@1=65.82%
  step 100/195  loss=1.8948  acc@1=64.71%
  step 150/195  loss=1.8945  acc@1=64.55%
/home/kalyazin.nikolay/project_diff/Dist_VMamba/VMamba/classification/cifar100_dist_train.py:759: FutureWarning: `torch.cuda.amp.autocast(args...)` is deprecated. Please use `torch.amp.autocast('cuda', args...)` instead.
  with torch.cuda.amp.autocast(enabled=amp_enabled):
Epoch [12/50] train_loss=1.8985 train_acc=64.45% val_loss=2.1867 val_acc=56.58% best=56.85% time=34.0s | throughput=1466.08 samples/s | stat_eff=0.000002 loss/sample | goodput=1332.78 samples/s | cum_wall=0.12h
/home/kalyazin.nikolay/project_diff/Dist_VMamba/VMamba/classification/cifar100_dist_train.py:698: FutureWarning: `torch.cuda.amp.autocast(args...)` is deprecated. Please use `torch.amp.autocast('cuda', args...)` instead.
  with torch.cuda.amp.autocast(enabled=amp_enabled):
  step 50/195  loss=1.7871  acc@1=67.92%
  step 100/195  loss=1.8116  acc@1=67.27%
  step 150/195  loss=1.8113  acc@1=67.37%
/home/kalyazin.nikolay/project_diff/Dist_VMamba/VMamba/classification/cifar100_dist_train.py:759: FutureWarning: `torch.cuda.amp.autocast(args...)` is deprecated. Please use `torch.amp.autocast('cuda', args...)` instead.
  with torch.cuda.amp.autocast(enabled=amp_enabled):
Epoch [13/50] train_loss=1.8184 train_acc=67.12% val_loss=2.1292 val_acc=58.96% best=58.96% time=34.2s | throughput=1461.46 samples/s | stat_eff=-0.000002 loss/sample | goodput=1326.14 samples/s | cum_wall=0.13h
/home/kalyazin.nikolay/project_diff/Dist_VMamba/VMamba/classification/cifar100_dist_train.py:698: FutureWarning: `torch.cuda.amp.autocast(args...)` is deprecated. Please use `torch.amp.autocast('cuda', args...)` instead.
  with torch.cuda.amp.autocast(enabled=amp_enabled):
  step 50/195  loss=1.7111  acc@1=70.74%
  step 100/195  loss=1.7302  acc@1=70.11%
  step 150/195  loss=1.7302  acc@1=70.02%
/home/kalyazin.nikolay/project_diff/Dist_VMamba/VMamba/classification/cifar100_dist_train.py:759: FutureWarning: `torch.cuda.amp.autocast(args...)` is deprecated. Please use `torch.amp.autocast('cuda', args...)` instead.
  with torch.cuda.amp.autocast(enabled=amp_enabled):
Epoch [14/50] train_loss=1.7359 train_acc=69.75% val_loss=2.1227 val_acc=59.02% best=59.02% time=34.1s | throughput=1461.86 samples/s | stat_eff=-0.000005 loss/sample | goodput=1327.87 samples/s | cum_wall=0.14h
/home/kalyazin.nikolay/project_diff/Dist_VMamba/VMamba/classification/cifar100_dist_train.py:698: FutureWarning: `torch.cuda.amp.autocast(args...)` is deprecated. Please use `torch.amp.autocast('cuda', args...)` instead.
  with torch.cuda.amp.autocast(enabled=amp_enabled):
  step 50/195  loss=1.6233  acc@1=74.27%
  step 100/195  loss=1.6439  acc@1=73.39%
  step 150/195  loss=1.6481  acc@1=73.14%
/home/kalyazin.nikolay/project_diff/Dist_VMamba/VMamba/classification/cifar100_dist_train.py:759: FutureWarning: `torch.cuda.amp.autocast(args...)` is deprecated. Please use `torch.amp.autocast('cuda', args...)` instead.
  with torch.cuda.amp.autocast(enabled=amp_enabled):
Epoch [15/50] train_loss=1.6547 train_acc=72.98% val_loss=2.0979 val_acc=59.70% best=59.70% time=34.2s | throughput=1457.82 samples/s | stat_eff=-0.000000 loss/sample | goodput=1320.59 samples/s | cum_wall=0.14h
/home/kalyazin.nikolay/project_diff/Dist_VMamba/VMamba/classification/cifar100_dist_train.py:698: FutureWarning: `torch.cuda.amp.autocast(args...)` is deprecated. Please use `torch.amp.autocast('cuda', args...)` instead.
  with torch.cuda.amp.autocast(enabled=amp_enabled):
  step 50/195  loss=1.5416  acc@1=76.40%
  step 100/195  loss=1.5634  acc@1=75.83%
  step 150/195  loss=1.5725  acc@1=75.46%
/home/kalyazin.nikolay/project_diff/Dist_VMamba/VMamba/classification/cifar100_dist_train.py:759: FutureWarning: `torch.cuda.amp.autocast(args...)` is deprecated. Please use `torch.amp.autocast('cuda', args...)` instead.
  with torch.cuda.amp.autocast(enabled=amp_enabled):
Epoch [16/50] train_loss=1.5783 train_acc=75.20% val_loss=2.0697 val_acc=60.97% best=60.97% time=34.2s | throughput=1460.67 samples/s | stat_eff=-0.000001 loss/sample | goodput=1326.02 samples/s | cum_wall=0.15h
/home/kalyazin.nikolay/project_diff/Dist_VMamba/VMamba/classification/cifar100_dist_train.py:698: FutureWarning: `torch.cuda.amp.autocast(args...)` is deprecated. Please use `torch.amp.autocast('cuda', args...)` instead.
  with torch.cuda.amp.autocast(enabled=amp_enabled):
  step 50/195  loss=1.4824  acc@1=79.09%
  step 100/195  loss=1.4935  acc@1=78.56%
  step 150/195  loss=1.5039  acc@1=78.08%
/home/kalyazin.nikolay/project_diff/Dist_VMamba/VMamba/classification/cifar100_dist_train.py:759: FutureWarning: `torch.cuda.amp.autocast(args...)` is deprecated. Please use `torch.amp.autocast('cuda', args...)` instead.
  with torch.cuda.amp.autocast(enabled=amp_enabled):
Epoch [17/50] train_loss=1.5127 train_acc=77.70% val_loss=2.0475 val_acc=61.93% best=61.93% time=34.2s | throughput=1459.68 samples/s | stat_eff=-0.000003 loss/sample | goodput=1323.73 samples/s | cum_wall=0.16h
/home/kalyazin.nikolay/project_diff/Dist_VMamba/VMamba/classification/cifar100_dist_train.py:698: FutureWarning: `torch.cuda.amp.autocast(args...)` is deprecated. Please use `torch.amp.autocast('cuda', args...)` instead.
  with torch.cuda.amp.autocast(enabled=amp_enabled):
  step 50/195  loss=1.4062  acc@1=81.77%
  step 100/195  loss=1.4221  acc@1=81.18%
  step 150/195  loss=1.4261  acc@1=81.02%
/home/kalyazin.nikolay/project_diff/Dist_VMamba/VMamba/classification/cifar100_dist_train.py:759: FutureWarning: `torch.cuda.amp.autocast(args...)` is deprecated. Please use `torch.amp.autocast('cuda', args...)` instead.
  with torch.cuda.amp.autocast(enabled=amp_enabled):
Epoch [18/50] train_loss=1.4397 train_acc=80.55% val_loss=2.0615 val_acc=61.88% best=61.93% time=34.2s | throughput=1459.92 samples/s | stat_eff=-0.000001 loss/sample | goodput=1322.40 samples/s | cum_wall=0.17h
/home/kalyazin.nikolay/project_diff/Dist_VMamba/VMamba/classification/cifar100_dist_train.py:698: FutureWarning: `torch.cuda.amp.autocast(args...)` is deprecated. Please use `torch.amp.autocast('cuda', args...)` instead.
  with torch.cuda.amp.autocast(enabled=amp_enabled):
  step 50/195  loss=1.3670  acc@1=83.49%
  step 100/195  loss=1.3688  acc@1=83.30%
  step 150/195  loss=1.3756  acc@1=83.05%
/home/kalyazin.nikolay/project_diff/Dist_VMamba/VMamba/classification/cifar100_dist_train.py:759: FutureWarning: `torch.cuda.amp.autocast(args...)` is deprecated. Please use `torch.amp.autocast('cuda', args...)` instead.
  with torch.cuda.amp.autocast(enabled=amp_enabled):
Epoch [19/50] train_loss=1.3784 train_acc=82.86% val_loss=2.0499 val_acc=62.50% best=62.50% time=34.2s | throughput=1460.02 samples/s | stat_eff=-0.000000 loss/sample | goodput=1324.06 samples/s | cum_wall=0.18h
/home/kalyazin.nikolay/project_diff/Dist_VMamba/VMamba/classification/cifar100_dist_train.py:698: FutureWarning: `torch.cuda.amp.autocast(args...)` is deprecated. Please use `torch.amp.autocast('cuda', args...)` instead.
  with torch.cuda.amp.autocast(enabled=amp_enabled):
  step 50/195  loss=1.2965  acc@1=86.37%
  step 100/195  loss=1.3042  acc@1=86.00%
  step 150/195  loss=1.3163  acc@1=85.45%
/home/kalyazin.nikolay/project_diff/Dist_VMamba/VMamba/classification/cifar100_dist_train.py:759: FutureWarning: `torch.cuda.amp.autocast(args...)` is deprecated. Please use `torch.amp.autocast('cuda', args...)` instead.
  with torch.cuda.amp.autocast(enabled=amp_enabled):
Epoch [20/50] train_loss=1.3254 train_acc=85.07% val_loss=2.0808 val_acc=62.00% best=62.50% time=34.2s | throughput=1461.09 samples/s | stat_eff=-0.000003 loss/sample | goodput=1324.74 samples/s | cum_wall=0.19h
Saved checkpoint: /home/kalyazin.nikolay/project_diff/Dist_VMamba/VMamba/output/cifar100_vmamba_grid/pipeline_gpu4_20260405_130145/pipeline_g4_bs256_e50/ckpt_epoch_020.pth
/home/kalyazin.nikolay/project_diff/Dist_VMamba/VMamba/classification/cifar100_dist_train.py:698: FutureWarning: `torch.cuda.amp.autocast(args...)` is deprecated. Please use `torch.amp.autocast('cuda', args...)` instead.
  with torch.cuda.amp.autocast(enabled=amp_enabled):
  step 50/195  loss=1.2678  acc@1=87.38%
  step 100/195  loss=1.2705  acc@1=87.35%
  step 150/195  loss=1.2758  acc@1=87.04%
/home/kalyazin.nikolay/project_diff/Dist_VMamba/VMamba/classification/cifar100_dist_train.py:759: FutureWarning: `torch.cuda.amp.autocast(args...)` is deprecated. Please use `torch.amp.autocast('cuda', args...)` instead.
  with torch.cuda.amp.autocast(enabled=amp_enabled):
Epoch [21/50] train_loss=1.2783 train_acc=86.85% val_loss=2.0499 val_acc=63.51% best=63.51% time=34.1s | throughput=1464.75 samples/s | stat_eff=-0.000002 loss/sample | goodput=1331.30 samples/s | cum_wall=0.20h
/home/kalyazin.nikolay/project_diff/Dist_VMamba/VMamba/classification/cifar100_dist_train.py:698: FutureWarning: `torch.cuda.amp.autocast(args...)` is deprecated. Please use `torch.amp.autocast('cuda', args...)` instead.
  with torch.cuda.amp.autocast(enabled=amp_enabled):
  step 50/195  loss=1.2090  acc@1=89.51%
  step 100/195  loss=1.2146  acc@1=89.21%
  step 150/195  loss=1.2236  acc@1=88.83%
/home/kalyazin.nikolay/project_diff/Dist_VMamba/VMamba/classification/cifar100_dist_train.py:759: FutureWarning: `torch.cuda.amp.autocast(args...)` is deprecated. Please use `torch.amp.autocast('cuda', args...)` instead.
  with torch.cuda.amp.autocast(enabled=amp_enabled):
Epoch [22/50] train_loss=1.2303 train_acc=88.62% val_loss=2.0593 val_acc=63.05% best=63.51% time=34.1s | throughput=1464.04 samples/s | stat_eff=-0.000001 loss/sample | goodput=1330.57 samples/s | cum_wall=0.21h
/home/kalyazin.nikolay/project_diff/Dist_VMamba/VMamba/classification/cifar100_dist_train.py:698: FutureWarning: `torch.cuda.amp.autocast(args...)` is deprecated. Please use `torch.amp.autocast('cuda', args...)` instead.
  with torch.cuda.amp.autocast(enabled=amp_enabled):
  step 50/195  loss=1.1742  acc@1=91.05%
  step 100/195  loss=1.1824  acc@1=90.75%
  step 150/195  loss=1.1854  acc@1=90.54%
/home/kalyazin.nikolay/project_diff/Dist_VMamba/VMamba/classification/cifar100_dist_train.py:759: FutureWarning: `torch.cuda.amp.autocast(args...)` is deprecated. Please use `torch.amp.autocast('cuda', args...)` instead.
  with torch.cuda.amp.autocast(enabled=amp_enabled):
Epoch [23/50] train_loss=1.1899 train_acc=90.28% val_loss=2.0338 val_acc=63.61% best=63.61% time=34.2s | throughput=1460.86 samples/s | stat_eff=-0.000000 loss/sample | goodput=1327.72 samples/s | cum_wall=0.22h
/home/kalyazin.nikolay/project_diff/Dist_VMamba/VMamba/classification/cifar100_dist_train.py:698: FutureWarning: `torch.cuda.amp.autocast(args...)` is deprecated. Please use `torch.amp.autocast('cuda', args...)` instead.
  with torch.cuda.amp.autocast(enabled=amp_enabled):
  step 50/195  loss=1.1361  acc@1=92.12%
  step 100/195  loss=1.1419  acc@1=91.98%
  step 150/195  loss=1.1494  acc@1=91.78%
/home/kalyazin.nikolay/project_diff/Dist_VMamba/VMamba/classification/cifar100_dist_train.py:759: FutureWarning: `torch.cuda.amp.autocast(args...)` is deprecated. Please use `torch.amp.autocast('cuda', args...)` instead.
  with torch.cuda.amp.autocast(enabled=amp_enabled):
Epoch [24/50] train_loss=1.1549 train_acc=91.57% val_loss=2.0429 val_acc=64.33% best=64.33% time=34.2s | throughput=1460.95 samples/s | stat_eff=-0.000001 loss/sample | goodput=1325.04 samples/s | cum_wall=0.23h
/home/kalyazin.nikolay/project_diff/Dist_VMamba/VMamba/classification/cifar100_dist_train.py:698: FutureWarning: `torch.cuda.amp.autocast(args...)` is deprecated. Please use `torch.amp.autocast('cuda', args...)` instead.
  with torch.cuda.amp.autocast(enabled=amp_enabled):
  step 50/195  loss=1.1232  acc@1=92.66%
  step 100/195  loss=1.1241  acc@1=92.66%
  step 150/195  loss=1.1295  acc@1=92.45%
/home/kalyazin.nikolay/project_diff/Dist_VMamba/VMamba/classification/cifar100_dist_train.py:759: FutureWarning: `torch.cuda.amp.autocast(args...)` is deprecated. Please use `torch.amp.autocast('cuda', args...)` instead.
  with torch.cuda.amp.autocast(enabled=amp_enabled):
Epoch [25/50] train_loss=1.1319 train_acc=92.40% val_loss=2.0285 val_acc=64.40% best=64.40% time=34.1s | throughput=1462.24 samples/s | stat_eff=0.000001 loss/sample | goodput=1323.70 samples/s | cum_wall=0.24h
/home/kalyazin.nikolay/project_diff/Dist_VMamba/VMamba/classification/cifar100_dist_train.py:698: FutureWarning: `torch.cuda.amp.autocast(args...)` is deprecated. Please use `torch.amp.autocast('cuda', args...)` instead.
  with torch.cuda.amp.autocast(enabled=amp_enabled):
  step 50/195  loss=1.0975  acc@1=93.65%
  step 100/195  loss=1.0995  acc@1=93.48%
  step 150/195  loss=1.1016  acc@1=93.45%
/home/kalyazin.nikolay/project_diff/Dist_VMamba/VMamba/classification/cifar100_dist_train.py:759: FutureWarning: `torch.cuda.amp.autocast(args...)` is deprecated. Please use `torch.amp.autocast('cuda', args...)` instead.
  with torch.cuda.amp.autocast(enabled=amp_enabled):
Epoch [26/50] train_loss=1.1075 train_acc=93.22% val_loss=2.0322 val_acc=64.14% best=64.40% time=34.2s | throughput=1461.42 samples/s | stat_eff=0.000000 loss/sample | goodput=1324.18 samples/s | cum_wall=0.25h
/home/kalyazin.nikolay/project_diff/Dist_VMamba/VMamba/classification/cifar100_dist_train.py:698: FutureWarning: `torch.cuda.amp.autocast(args...)` is deprecated. Please use `torch.amp.autocast('cuda', args...)` instead.
  with torch.cuda.amp.autocast(enabled=amp_enabled):
  step 50/195  loss=1.0722  acc@1=94.30%
  step 100/195  loss=1.0741  acc@1=94.28%
  step 150/195  loss=1.0798  acc@1=94.14%
/home/kalyazin.nikolay/project_diff/Dist_VMamba/VMamba/classification/cifar100_dist_train.py:759: FutureWarning: `torch.cuda.amp.autocast(args...)` is deprecated. Please use `torch.amp.autocast('cuda', args...)` instead.
  with torch.cuda.amp.autocast(enabled=amp_enabled):
Epoch [27/50] train_loss=1.0844 train_acc=94.02% val_loss=2.0195 val_acc=64.69% best=64.69% time=34.2s | throughput=1460.58 samples/s | stat_eff=-0.000001 loss/sample | goodput=1320.65 samples/s | cum_wall=0.26h
/home/kalyazin.nikolay/project_diff/Dist_VMamba/VMamba/classification/cifar100_dist_train.py:698: FutureWarning: `torch.cuda.amp.autocast(args...)` is deprecated. Please use `torch.amp.autocast('cuda', args...)` instead.
  with torch.cuda.amp.autocast(enabled=amp_enabled):
  step 50/195  loss=1.0507  acc@1=95.10%
  step 100/195  loss=1.0554  acc@1=94.82%
  step 150/195  loss=1.0554  acc@1=94.88%
/home/kalyazin.nikolay/project_diff/Dist_VMamba/VMamba/classification/cifar100_dist_train.py:759: FutureWarning: `torch.cuda.amp.autocast(args...)` is deprecated. Please use `torch.amp.autocast('cuda', args...)` instead.
  with torch.cuda.amp.autocast(enabled=amp_enabled):
Epoch [28/50] train_loss=1.0585 train_acc=94.76% val_loss=2.0224 val_acc=64.57% best=64.69% time=34.1s | throughput=1461.96 samples/s | stat_eff=-0.000000 loss/sample | goodput=1323.61 samples/s | cum_wall=0.27h
/home/kalyazin.nikolay/project_diff/Dist_VMamba/VMamba/classification/cifar100_dist_train.py:698: FutureWarning: `torch.cuda.amp.autocast(args...)` is deprecated. Please use `torch.amp.autocast('cuda', args...)` instead.
  with torch.cuda.amp.autocast(enabled=amp_enabled):
  step 50/195  loss=1.0450  acc@1=95.20%
  step 100/195  loss=1.0422  acc@1=95.37%
  step 150/195  loss=1.0460  acc@1=95.24%
/home/kalyazin.nikolay/project_diff/Dist_VMamba/VMamba/classification/cifar100_dist_train.py:759: FutureWarning: `torch.cuda.amp.autocast(args...)` is deprecated. Please use `torch.amp.autocast('cuda', args...)` instead.
  with torch.cuda.amp.autocast(enabled=amp_enabled):
Epoch [29/50] train_loss=1.0460 train_acc=95.23% val_loss=2.0100 val_acc=65.15% best=65.15% time=34.2s | throughput=1461.04 samples/s | stat_eff=0.000000 loss/sample | goodput=1322.09 samples/s | cum_wall=0.28h
/home/kalyazin.nikolay/project_diff/Dist_VMamba/VMamba/classification/cifar100_dist_train.py:698: FutureWarning: `torch.cuda.amp.autocast(args...)` is deprecated. Please use `torch.amp.autocast('cuda', args...)` instead.
  with torch.cuda.amp.autocast(enabled=amp_enabled):
  step 50/195  loss=1.0246  acc@1=96.00%
  step 100/195  loss=1.0265  acc@1=95.88%
  step 150/195  loss=1.0262  acc@1=95.86%
/home/kalyazin.nikolay/project_diff/Dist_VMamba/VMamba/classification/cifar100_dist_train.py:759: FutureWarning: `torch.cuda.amp.autocast(args...)` is deprecated. Please use `torch.amp.autocast('cuda', args...)` instead.
  with torch.cuda.amp.autocast(enabled=amp_enabled):
Epoch [30/50] train_loss=1.0287 train_acc=95.78% val_loss=1.9959 val_acc=65.49% best=65.49% time=34.0s | throughput=1468.40 samples/s | stat_eff=0.000000 loss/sample | goodput=1334.95 samples/s | cum_wall=0.29h
Saved checkpoint: /home/kalyazin.nikolay/project_diff/Dist_VMamba/VMamba/output/cifar100_vmamba_grid/pipeline_gpu4_20260405_130145/pipeline_g4_bs256_e50/ckpt_epoch_030.pth
/home/kalyazin.nikolay/project_diff/Dist_VMamba/VMamba/classification/cifar100_dist_train.py:698: FutureWarning: `torch.cuda.amp.autocast(args...)` is deprecated. Please use `torch.amp.autocast('cuda', args...)` instead.
  with torch.cuda.amp.autocast(enabled=amp_enabled):
  step 50/195  loss=1.0072  acc@1=96.33%
  step 100/195  loss=1.0141  acc@1=96.00%
  step 150/195  loss=1.0151  acc@1=95.99%
/home/kalyazin.nikolay/project_diff/Dist_VMamba/VMamba/classification/cifar100_dist_train.py:759: FutureWarning: `torch.cuda.amp.autocast(args...)` is deprecated. Please use `torch.amp.autocast('cuda', args...)` instead.
  with torch.cuda.amp.autocast(enabled=amp_enabled):
Epoch [31/50] train_loss=1.0170 train_acc=95.93% val_loss=2.0013 val_acc=65.34% best=65.49% time=34.2s | throughput=1460.46 samples/s | stat_eff=-0.000000 loss/sample | goodput=1319.97 samples/s | cum_wall=0.30h
/home/kalyazin.nikolay/project_diff/Dist_VMamba/VMamba/classification/cifar100_dist_train.py:698: FutureWarning: `torch.cuda.amp.autocast(args...)` is deprecated. Please use `torch.amp.autocast('cuda', args...)` instead.
  with torch.cuda.amp.autocast(enabled=amp_enabled):
  step 50/195  loss=1.0010  acc@1=96.38%
  step 100/195  loss=1.0032  acc@1=96.43%
  step 150/195  loss=1.0046  acc@1=96.36%
/home/kalyazin.nikolay/project_diff/Dist_VMamba/VMamba/classification/cifar100_dist_train.py:759: FutureWarning: `torch.cuda.amp.autocast(args...)` is deprecated. Please use `torch.amp.autocast('cuda', args...)` instead.
  with torch.cuda.amp.autocast(enabled=amp_enabled):
Epoch [32/50] train_loss=1.0033 train_acc=96.41% val_loss=1.9947 val_acc=65.41% best=65.49% time=34.0s | throughput=1467.77 samples/s | stat_eff=0.000001 loss/sample | goodput=1335.43 samples/s | cum_wall=0.31h
/home/kalyazin.nikolay/project_diff/Dist_VMamba/VMamba/classification/cifar100_dist_train.py:698: FutureWarning: `torch.cuda.amp.autocast(args...)` is deprecated. Please use `torch.amp.autocast('cuda', args...)` instead.
  with torch.cuda.amp.autocast(enabled=amp_enabled):
  step 50/195  loss=0.9909  acc@1=96.66%
  step 100/195  loss=0.9877  acc@1=96.83%
  step 150/195  loss=0.9882  acc@1=96.77%
/home/kalyazin.nikolay/project_diff/Dist_VMamba/VMamba/classification/cifar100_dist_train.py:759: FutureWarning: `torch.cuda.amp.autocast(args...)` is deprecated. Please use `torch.amp.autocast('cuda', args...)` instead.
  with torch.cuda.amp.autocast(enabled=amp_enabled):
Epoch [33/50] train_loss=0.9901 train_acc=96.65% val_loss=1.9874 val_acc=65.67% best=65.67% time=34.1s | throughput=1461.82 samples/s | stat_eff=-0.000000 loss/sample | goodput=1323.50 samples/s | cum_wall=0.32h
/home/kalyazin.nikolay/project_diff/Dist_VMamba/VMamba/classification/cifar100_dist_train.py:698: FutureWarning: `torch.cuda.amp.autocast(args...)` is deprecated. Please use `torch.amp.autocast('cuda', args...)` instead.
  with torch.cuda.amp.autocast(enabled=amp_enabled):
  step 50/195  loss=0.9809  acc@1=96.91%
  step 100/195  loss=0.9810  acc@1=96.90%
  step 150/195  loss=0.9820  acc@1=96.85%
/home/kalyazin.nikolay/project_diff/Dist_VMamba/VMamba/classification/cifar100_dist_train.py:759: FutureWarning: `torch.cuda.amp.autocast(args...)` is deprecated. Please use `torch.amp.autocast('cuda', args...)` instead.
  with torch.cuda.amp.autocast(enabled=amp_enabled):
Epoch [34/50] train_loss=0.9826 train_acc=96.88% val_loss=1.9749 val_acc=66.08% best=66.08% time=34.0s | throughput=1467.63 samples/s | stat_eff=-0.000001 loss/sample | goodput=1334.38 samples/s | cum_wall=0.33h
/home/kalyazin.nikolay/project_diff/Dist_VMamba/VMamba/classification/cifar100_dist_train.py:698: FutureWarning: `torch.cuda.amp.autocast(args...)` is deprecated. Please use `torch.amp.autocast('cuda', args...)` instead.
  with torch.cuda.amp.autocast(enabled=amp_enabled):
  step 50/195  loss=0.9677  acc@1=97.15%
  step 100/195  loss=0.9702  acc@1=97.18%
  step 150/195  loss=0.9710  acc@1=97.14%
/home/kalyazin.nikolay/project_diff/Dist_VMamba/VMamba/classification/cifar100_dist_train.py:759: FutureWarning: `torch.cuda.amp.autocast(args...)` is deprecated. Please use `torch.amp.autocast('cuda', args...)` instead.
  with torch.cuda.amp.autocast(enabled=amp_enabled):
Epoch [35/50] train_loss=0.9707 train_acc=97.15% val_loss=1.9730 val_acc=66.20% best=66.20% time=34.0s | throughput=1467.51 samples/s | stat_eff=-0.000000 loss/sample | goodput=1334.83 samples/s | cum_wall=0.33h
/home/kalyazin.nikolay/project_diff/Dist_VMamba/VMamba/classification/cifar100_dist_train.py:698: FutureWarning: `torch.cuda.amp.autocast(args...)` is deprecated. Please use `torch.amp.autocast('cuda', args...)` instead.
  with torch.cuda.amp.autocast(enabled=amp_enabled):
  step 50/195  loss=0.9560  acc@1=97.62%
  step 100/195  loss=0.9633  acc@1=97.36%
  step 150/195  loss=0.9623  acc@1=97.43%
/home/kalyazin.nikolay/project_diff/Dist_VMamba/VMamba/classification/cifar100_dist_train.py:759: FutureWarning: `torch.cuda.amp.autocast(args...)` is deprecated. Please use `torch.amp.autocast('cuda', args...)` instead.
  with torch.cuda.amp.autocast(enabled=amp_enabled):
Epoch [36/50] train_loss=0.9650 train_acc=97.31% val_loss=1.9725 val_acc=65.95% best=66.20% time=34.0s | throughput=1466.78 samples/s | stat_eff=-0.000001 loss/sample | goodput=1332.57 samples/s | cum_wall=0.34h
/home/kalyazin.nikolay/project_diff/Dist_VMamba/VMamba/classification/cifar100_dist_train.py:698: FutureWarning: `torch.cuda.amp.autocast(args...)` is deprecated. Please use `torch.amp.autocast('cuda', args...)` instead.
  with torch.cuda.amp.autocast(enabled=amp_enabled):
  step 50/195  loss=0.9547  acc@1=97.53%
  step 100/195  loss=0.9566  acc@1=97.48%
  step 150/195  loss=0.9582  acc@1=97.42%
/home/kalyazin.nikolay/project_diff/Dist_VMamba/VMamba/classification/cifar100_dist_train.py:759: FutureWarning: `torch.cuda.amp.autocast(args...)` is deprecated. Please use `torch.amp.autocast('cuda', args...)` instead.
  with torch.cuda.amp.autocast(enabled=amp_enabled):
Epoch [37/50] train_loss=0.9578 train_acc=97.44% val_loss=1.9708 val_acc=65.82% best=66.20% time=34.1s | throughput=1463.84 samples/s | stat_eff=0.000000 loss/sample | goodput=1330.49 samples/s | cum_wall=0.35h
/home/kalyazin.nikolay/project_diff/Dist_VMamba/VMamba/classification/cifar100_dist_train.py:698: FutureWarning: `torch.cuda.amp.autocast(args...)` is deprecated. Please use `torch.amp.autocast('cuda', args...)` instead.
  with torch.cuda.amp.autocast(enabled=amp_enabled):
  step 50/195  loss=0.9534  acc@1=97.52%
  step 100/195  loss=0.9527  acc@1=97.58%
  step 150/195  loss=0.9534  acc@1=97.55%
/home/kalyazin.nikolay/project_diff/Dist_VMamba/VMamba/classification/cifar100_dist_train.py:759: FutureWarning: `torch.cuda.amp.autocast(args...)` is deprecated. Please use `torch.amp.autocast('cuda', args...)` instead.
  with torch.cuda.amp.autocast(enabled=amp_enabled):
Epoch [38/50] train_loss=0.9544 train_acc=97.49% val_loss=1.9689 val_acc=66.29% best=66.29% time=34.1s | throughput=1463.44 samples/s | stat_eff=-0.000000 loss/sample | goodput=1329.54 samples/s | cum_wall=0.36h
/home/kalyazin.nikolay/project_diff/Dist_VMamba/VMamba/classification/cifar100_dist_train.py:698: FutureWarning: `torch.cuda.amp.autocast(args...)` is deprecated. Please use `torch.amp.autocast('cuda', args...)` instead.
  with torch.cuda.amp.autocast(enabled=amp_enabled):
  step 50/195  loss=0.9431  acc@1=97.94%
  step 100/195  loss=0.9459  acc@1=97.82%
  step 150/195  loss=0.9481  acc@1=97.70%
/home/kalyazin.nikolay/project_diff/Dist_VMamba/VMamba/classification/cifar100_dist_train.py:759: FutureWarning: `torch.cuda.amp.autocast(args...)` is deprecated. Please use `torch.amp.autocast('cuda', args...)` instead.
  with torch.cuda.amp.autocast(enabled=amp_enabled):
Epoch [39/50] train_loss=0.9486 train_acc=97.67% val_loss=1.9672 val_acc=66.43% best=66.43% time=34.1s | throughput=1461.81 samples/s | stat_eff=0.000000 loss/sample | goodput=1326.75 samples/s | cum_wall=0.37h
/home/kalyazin.nikolay/project_diff/Dist_VMamba/VMamba/classification/cifar100_dist_train.py:698: FutureWarning: `torch.cuda.amp.autocast(args...)` is deprecated. Please use `torch.amp.autocast('cuda', args...)` instead.
  with torch.cuda.amp.autocast(enabled=amp_enabled):
  step 50/195  loss=0.9398  acc@1=97.77%
  step 100/195  loss=0.9392  acc@1=97.84%
  step 150/195  loss=0.9374  acc@1=97.97%
/home/kalyazin.nikolay/project_diff/Dist_VMamba/VMamba/classification/cifar100_dist_train.py:759: FutureWarning: `torch.cuda.amp.autocast(args...)` is deprecated. Please use `torch.amp.autocast('cuda', args...)` instead.
  with torch.cuda.amp.autocast(enabled=amp_enabled):
Epoch [40/50] train_loss=0.9384 train_acc=97.93% val_loss=1.9604 val_acc=66.57% best=66.57% time=34.2s | throughput=1461.51 samples/s | stat_eff=-0.000001 loss/sample | goodput=1322.73 samples/s | cum_wall=0.38h
Saved checkpoint: /home/kalyazin.nikolay/project_diff/Dist_VMamba/VMamba/output/cifar100_vmamba_grid/pipeline_gpu4_20260405_130145/pipeline_g4_bs256_e50/ckpt_epoch_040.pth
/home/kalyazin.nikolay/project_diff/Dist_VMamba/VMamba/classification/cifar100_dist_train.py:698: FutureWarning: `torch.cuda.amp.autocast(args...)` is deprecated. Please use `torch.amp.autocast('cuda', args...)` instead.
  with torch.cuda.amp.autocast(enabled=amp_enabled):
  step 50/195  loss=0.9366  acc@1=97.86%
  step 100/195  loss=0.9339  acc@1=97.95%
  step 150/195  loss=0.9318  acc@1=98.04%
/home/kalyazin.nikolay/project_diff/Dist_VMamba/VMamba/classification/cifar100_dist_train.py:759: FutureWarning: `torch.cuda.amp.autocast(args...)` is deprecated. Please use `torch.amp.autocast('cuda', args...)` instead.
  with torch.cuda.amp.autocast(enabled=amp_enabled):
Epoch [41/50] train_loss=0.9325 train_acc=98.03% val_loss=1.9585 val_acc=66.48% best=66.57% time=34.0s | throughput=1466.93 samples/s | stat_eff=-0.000000 loss/sample | goodput=1333.20 samples/s | cum_wall=0.39h
/home/kalyazin.nikolay/project_diff/Dist_VMamba/VMamba/classification/cifar100_dist_train.py:698: FutureWarning: `torch.cuda.amp.autocast(args...)` is deprecated. Please use `torch.amp.autocast('cuda', args...)` instead.
  with torch.cuda.amp.autocast(enabled=amp_enabled):
  step 50/195  loss=0.9239  acc@1=98.08%
  step 100/195  loss=0.9264  acc@1=98.07%
  step 150/195  loss=0.9279  acc@1=98.07%
/home/kalyazin.nikolay/project_diff/Dist_VMamba/VMamba/classification/cifar100_dist_train.py:759: FutureWarning: `torch.cuda.amp.autocast(args...)` is deprecated. Please use `torch.amp.autocast('cuda', args...)` instead.
  with torch.cuda.amp.autocast(enabled=amp_enabled):
Epoch [42/50] train_loss=0.9291 train_acc=98.06% val_loss=1.9571 val_acc=66.51% best=66.57% time=34.0s | throughput=1467.81 samples/s | stat_eff=0.000000 loss/sample | goodput=1334.35 samples/s | cum_wall=0.40h
/home/kalyazin.nikolay/project_diff/Dist_VMamba/VMamba/classification/cifar100_dist_train.py:698: FutureWarning: `torch.cuda.amp.autocast(args...)` is deprecated. Please use `torch.amp.autocast('cuda', args...)` instead.
  with torch.cuda.amp.autocast(enabled=amp_enabled):
  step 50/195  loss=0.9274  acc@1=98.11%
  step 100/195  loss=0.9253  acc@1=98.23%
  step 150/195  loss=0.9277  acc@1=98.17%
/home/kalyazin.nikolay/project_diff/Dist_VMamba/VMamba/classification/cifar100_dist_train.py:759: FutureWarning: `torch.cuda.amp.autocast(args...)` is deprecated. Please use `torch.amp.autocast('cuda', args...)` instead.
  with torch.cuda.amp.autocast(enabled=amp_enabled):
Epoch [43/50] train_loss=0.9268 train_acc=98.22% val_loss=1.9565 val_acc=66.54% best=66.57% time=34.3s | throughput=1455.66 samples/s | stat_eff=-0.000000 loss/sample | goodput=1324.39 samples/s | cum_wall=0.41h
/home/kalyazin.nikolay/project_diff/Dist_VMamba/VMamba/classification/cifar100_dist_train.py:698: FutureWarning: `torch.cuda.amp.autocast(args...)` is deprecated. Please use `torch.amp.autocast('cuda', args...)` instead.
  with torch.cuda.amp.autocast(enabled=amp_enabled):
  step 50/195  loss=0.9264  acc@1=98.19%
  step 100/195  loss=0.9262  acc@1=98.17%
  step 150/195  loss=0.9262  acc@1=98.16%
/home/kalyazin.nikolay/project_diff/Dist_VMamba/VMamba/classification/cifar100_dist_train.py:759: FutureWarning: `torch.cuda.amp.autocast(args...)` is deprecated. Please use `torch.amp.autocast('cuda', args...)` instead.
  with torch.cuda.amp.autocast(enabled=amp_enabled):
Epoch [44/50] train_loss=0.9264 train_acc=98.15% val_loss=1.9548 val_acc=66.54% best=66.57% time=34.2s | throughput=1461.40 samples/s | stat_eff=0.000000 loss/sample | goodput=1324.12 samples/s | cum_wall=0.42h
/home/kalyazin.nikolay/project_diff/Dist_VMamba/VMamba/classification/cifar100_dist_train.py:698: FutureWarning: `torch.cuda.amp.autocast(args...)` is deprecated. Please use `torch.amp.autocast('cuda', args...)` instead.
  with torch.cuda.amp.autocast(enabled=amp_enabled):
  step 50/195  loss=0.9255  acc@1=98.30%
  step 100/195  loss=0.9210  acc@1=98.30%
  step 150/195  loss=0.9219  acc@1=98.25%
/home/kalyazin.nikolay/project_diff/Dist_VMamba/VMamba/classification/cifar100_dist_train.py:759: FutureWarning: `torch.cuda.amp.autocast(args...)` is deprecated. Please use `torch.amp.autocast('cuda', args...)` instead.
  with torch.cuda.amp.autocast(enabled=amp_enabled):
Epoch [45/50] train_loss=0.9225 train_acc=98.22% val_loss=1.9515 val_acc=66.83% best=66.83% time=34.2s | throughput=1461.59 samples/s | stat_eff=-0.000001 loss/sample | goodput=1322.67 samples/s | cum_wall=0.43h
/home/kalyazin.nikolay/project_diff/Dist_VMamba/VMamba/classification/cifar100_dist_train.py:698: FutureWarning: `torch.cuda.amp.autocast(args...)` is deprecated. Please use `torch.amp.autocast('cuda', args...)` instead.
  with torch.cuda.amp.autocast(enabled=amp_enabled):
  step 50/195  loss=0.9214  acc@1=98.25%
  step 100/195  loss=0.9217  acc@1=98.30%
  step 150/195  loss=0.9229  acc@1=98.23%
/home/kalyazin.nikolay/project_diff/Dist_VMamba/VMamba/classification/cifar100_dist_train.py:759: FutureWarning: `torch.cuda.amp.autocast(args...)` is deprecated. Please use `torch.amp.autocast('cuda', args...)` instead.
  with torch.cuda.amp.autocast(enabled=amp_enabled):
Epoch [46/50] train_loss=0.9222 train_acc=98.24% val_loss=1.9517 val_acc=66.91% best=66.91% time=34.2s | throughput=1460.95 samples/s | stat_eff=-0.000000 loss/sample | goodput=1322.67 samples/s | cum_wall=0.44h
/home/kalyazin.nikolay/project_diff/Dist_VMamba/VMamba/classification/cifar100_dist_train.py:698: FutureWarning: `torch.cuda.amp.autocast(args...)` is deprecated. Please use `torch.amp.autocast('cuda', args...)` instead.
  with torch.cuda.amp.autocast(enabled=amp_enabled):
  step 50/195  loss=0.9169  acc@1=98.42%
  step 100/195  loss=0.9190  acc@1=98.32%
  step 150/195  loss=0.9183  acc@1=98.35%
/home/kalyazin.nikolay/project_diff/Dist_VMamba/VMamba/classification/cifar100_dist_train.py:759: FutureWarning: `torch.cuda.amp.autocast(args...)` is deprecated. Please use `torch.amp.autocast('cuda', args...)` instead.
  with torch.cuda.amp.autocast(enabled=amp_enabled):
Epoch [47/50] train_loss=0.9183 train_acc=98.38% val_loss=1.9512 val_acc=66.87% best=66.91% time=34.2s | throughput=1461.09 samples/s | stat_eff=-0.000001 loss/sample | goodput=1322.09 samples/s | cum_wall=0.45h
/home/kalyazin.nikolay/project_diff/Dist_VMamba/VMamba/classification/cifar100_dist_train.py:698: FutureWarning: `torch.cuda.amp.autocast(args...)` is deprecated. Please use `torch.amp.autocast('cuda', args...)` instead.
  with torch.cuda.amp.autocast(enabled=amp_enabled):
  step 50/195  loss=0.9166  acc@1=98.37%
  step 100/195  loss=0.9173  acc@1=98.31%
  step 150/195  loss=0.9174  acc@1=98.33%
/home/kalyazin.nikolay/project_diff/Dist_VMamba/VMamba/classification/cifar100_dist_train.py:759: FutureWarning: `torch.cuda.amp.autocast(args...)` is deprecated. Please use `torch.amp.autocast('cuda', args...)` instead.
  with torch.cuda.amp.autocast(enabled=amp_enabled):
Epoch [48/50] train_loss=0.9168 train_acc=98.35% val_loss=1.9505 val_acc=67.03% best=67.03% time=34.0s | throughput=1470.22 samples/s | stat_eff=0.000000 loss/sample | goodput=1338.03 samples/s | cum_wall=0.46h
/home/kalyazin.nikolay/project_diff/Dist_VMamba/VMamba/classification/cifar100_dist_train.py:698: FutureWarning: `torch.cuda.amp.autocast(args...)` is deprecated. Please use `torch.amp.autocast('cuda', args...)` instead.
  with torch.cuda.amp.autocast(enabled=amp_enabled):
  step 50/195  loss=0.9141  acc@1=98.42%
  step 100/195  loss=0.9169  acc@1=98.38%
  step 150/195  loss=0.9166  acc@1=98.41%
/home/kalyazin.nikolay/project_diff/Dist_VMamba/VMamba/classification/cifar100_dist_train.py:759: FutureWarning: `torch.cuda.amp.autocast(args...)` is deprecated. Please use `torch.amp.autocast('cuda', args...)` instead.
  with torch.cuda.amp.autocast(enabled=amp_enabled):
Epoch [49/50] train_loss=0.9161 train_acc=98.41% val_loss=1.9506 val_acc=67.00% best=67.03% time=34.0s | throughput=1468.84 samples/s | stat_eff=0.000000 loss/sample | goodput=1335.52 samples/s | cum_wall=0.47h
/home/kalyazin.nikolay/project_diff/Dist_VMamba/VMamba/classification/cifar100_dist_train.py:698: FutureWarning: `torch.cuda.amp.autocast(args...)` is deprecated. Please use `torch.amp.autocast('cuda', args...)` instead.
  with torch.cuda.amp.autocast(enabled=amp_enabled):
  step 50/195  loss=0.9166  acc@1=98.47%
  step 100/195  loss=0.9192  acc@1=98.30%
  step 150/195  loss=0.9181  acc@1=98.31%
/home/kalyazin.nikolay/project_diff/Dist_VMamba/VMamba/classification/cifar100_dist_train.py:759: FutureWarning: `torch.cuda.amp.autocast(args...)` is deprecated. Please use `torch.amp.autocast('cuda', args...)` instead.
  with torch.cuda.amp.autocast(enabled=amp_enabled):
Epoch [50/50] train_loss=0.9176 train_acc=98.33% val_loss=1.9508 val_acc=67.01% best=67.03% time=34.1s | throughput=1463.72 samples/s | stat_eff=-0.000000 loss/sample | goodput=1327.48 samples/s | cum_wall=0.48h
Saved checkpoint: /home/kalyazin.nikolay/project_diff/Dist_VMamba/VMamba/output/cifar100_vmamba_grid/pipeline_gpu4_20260405_130145/pipeline_g4_bs256_e50/ckpt_epoch_050.pth
