/home/kalyazin.nikolay/project_diff/Dist_VMamba/VMamba/classification/models/csms6s.py:74: FutureWarning: `torch.cuda.amp.custom_fwd(args...)` is deprecated. Please use `torch.amp.custom_fwd(args..., device_type='cuda')` instead.
  def forward(ctx, u, delta, A, B, C, D=None, delta_bias=None, delta_softplus=False, oflex=True, backend=None):
/home/kalyazin.nikolay/project_diff/Dist_VMamba/VMamba/classification/models/csms6s.py:91: FutureWarning: `torch.cuda.amp.custom_bwd(args...)` is deprecated. Please use `torch.amp.custom_bwd(args..., device_type='cuda')` instead.
  def backward(ctx, dout, *args):
/home/kalyazin.nikolay/project_diff/Dist_VMamba/VMamba/classification/models/mamba2/ssd_combined.py:764: FutureWarning: `torch.cuda.amp.custom_fwd(args...)` is deprecated. Please use `torch.amp.custom_fwd(args..., device_type='cuda')` instead.
  def forward(ctx, zxbcdt, conv1d_weight, conv1d_bias, dt_bias, A, D, chunk_size, initial_states=None, seq_idx=None, dt_limit=(0.0, float("inf")), return_final_states=False, activation="silu",
/home/kalyazin.nikolay/project_diff/Dist_VMamba/VMamba/classification/models/mamba2/ssd_combined.py:842: FutureWarning: `torch.cuda.amp.custom_bwd(args...)` is deprecated. Please use `torch.amp.custom_bwd(args..., device_type='cuda')` instead.
  def backward(ctx, dout, *args):
Parallel mode: pipeline
World size: 1 | Rank: 0 | Device: cuda:0
/home/kalyazin.nikolay/project_diff/Dist_VMamba/VMamba/classification/cifar100_dist_train.py:996: FutureWarning: `torch.cuda.amp.GradScaler(args...)` is deprecated. Please use `torch.amp.GradScaler('cuda', args...)` instead.
  scaler = torch.cuda.amp.GradScaler(enabled=amp_enabled)
TensorBoard logging enabled: /home/kalyazin.nikolay/project_diff/Dist_VMamba/VMamba/output/cifar100_vmamba_grid/pipeline_gpu4_20260405_130145/pipeline_g4_bs64_e50/tensorboard
/home/kalyazin.nikolay/project_diff/Dist_VMamba/VMamba/classification/cifar100_dist_train.py:698: FutureWarning: `torch.cuda.amp.autocast(args...)` is deprecated. Please use `torch.amp.autocast('cuda', args...)` instead.
  with torch.cuda.amp.autocast(enabled=amp_enabled):
/home/kalyazin.nikolay/project_diff/Dist_VMamba/VMamba/classification/cifar100_dist_train.py:698: FutureWarning: `torch.cuda.amp.autocast(args...)` is deprecated. Please use `torch.amp.autocast('cuda', args...)` instead.
  with torch.cuda.amp.autocast(enabled=amp_enabled):
  step 50/781  loss=4.6233  acc@1=2.31%
  step 100/781  loss=4.5507  acc@1=2.66%
  step 150/781  loss=4.5047  acc@1=2.95%
  step 200/781  loss=4.4645  acc@1=3.45%
  step 250/781  loss=4.4244  acc@1=3.89%
  step 300/781  loss=4.3993  acc@1=4.27%
  step 350/781  loss=4.3730  acc@1=4.58%
  step 400/781  loss=4.3447  acc@1=4.94%
  step 450/781  loss=4.3194  acc@1=5.29%
  step 500/781  loss=4.2940  acc@1=5.61%
  step 550/781  loss=4.2674  acc@1=6.12%
  step 600/781  loss=4.2466  acc@1=6.47%
  step 650/781  loss=4.2229  acc@1=6.86%
  step 700/781  loss=4.2009  acc@1=7.21%
  step 750/781  loss=4.1814  acc@1=7.50%
/home/kalyazin.nikolay/project_diff/Dist_VMamba/VMamba/classification/cifar100_dist_train.py:759: FutureWarning: `torch.cuda.amp.autocast(args...)` is deprecated. Please use `torch.amp.autocast('cuda', args...)` instead.
  with torch.cuda.amp.autocast(enabled=amp_enabled):
Epoch [1/50] train_loss=4.1686 train_acc=7.71% val_loss=3.8526 val_acc=13.23% best=13.23% time=61.5s | throughput=812.67 samples/s | stat_eff=0.000022 loss/sample | goodput=718.62 samples/s | cum_wall=0.02h
/home/kalyazin.nikolay/project_diff/Dist_VMamba/VMamba/classification/cifar100_dist_train.py:698: FutureWarning: `torch.cuda.amp.autocast(args...)` is deprecated. Please use `torch.amp.autocast('cuda', args...)` instead.
  with torch.cuda.amp.autocast(enabled=amp_enabled):
  step 50/781  loss=3.8194  acc@1=13.56%
  step 100/781  loss=3.8115  acc@1=13.55%
  step 150/781  loss=3.7944  acc@1=14.14%
  step 200/781  loss=3.7803  acc@1=14.30%
  step 250/781  loss=3.7713  acc@1=14.42%
  step 300/781  loss=3.7621  acc@1=14.65%
  step 350/781  loss=3.7523  acc@1=14.80%
  step 400/781  loss=3.7390  acc@1=15.11%
  step 450/781  loss=3.7254  acc@1=15.47%
  step 500/781  loss=3.7146  acc@1=15.73%
  step 550/781  loss=3.7058  acc@1=15.97%
  step 600/781  loss=3.6949  acc@1=16.22%
  step 650/781  loss=3.6811  acc@1=16.60%
  step 700/781  loss=3.6679  acc@1=16.85%
  step 750/781  loss=3.6560  acc@1=17.18%
/home/kalyazin.nikolay/project_diff/Dist_VMamba/VMamba/classification/cifar100_dist_train.py:759: FutureWarning: `torch.cuda.amp.autocast(args...)` is deprecated. Please use `torch.amp.autocast('cuda', args...)` instead.
  with torch.cuda.amp.autocast(enabled=amp_enabled):
Epoch [2/50] train_loss=3.6505 train_acc=17.31% val_loss=3.3987 val_acc=24.03% best=24.03% time=50.2s | throughput=996.69 samples/s | stat_eff=0.000004 loss/sample | goodput=919.91 samples/s | cum_wall=0.03h
/home/kalyazin.nikolay/project_diff/Dist_VMamba/VMamba/classification/cifar100_dist_train.py:698: FutureWarning: `torch.cuda.amp.autocast(args...)` is deprecated. Please use `torch.amp.autocast('cuda', args...)` instead.
  with torch.cuda.amp.autocast(enabled=amp_enabled):
  step 50/781  loss=3.4202  acc@1=21.69%
  step 100/781  loss=3.3988  acc@1=22.69%
  step 150/781  loss=3.3940  acc@1=23.02%
  step 200/781  loss=3.3839  acc@1=23.27%
  step 250/781  loss=3.3699  acc@1=23.57%
  step 300/781  loss=3.3632  acc@1=23.78%
  step 350/781  loss=3.3556  acc@1=24.02%
  step 400/781  loss=3.3485  acc@1=24.15%
  step 450/781  loss=3.3396  acc@1=24.39%
  step 500/781  loss=3.3297  acc@1=24.68%
  step 550/781  loss=3.3203  acc@1=24.90%
  step 600/781  loss=3.3084  acc@1=25.28%
  step 650/781  loss=3.2967  acc@1=25.50%
  step 700/781  loss=3.2887  acc@1=25.71%
  step 750/781  loss=3.2790  acc@1=25.95%
/home/kalyazin.nikolay/project_diff/Dist_VMamba/VMamba/classification/cifar100_dist_train.py:759: FutureWarning: `torch.cuda.amp.autocast(args...)` is deprecated. Please use `torch.amp.autocast('cuda', args...)` instead.
  with torch.cuda.amp.autocast(enabled=amp_enabled):
Epoch [3/50] train_loss=3.2734 train_acc=26.14% val_loss=3.1184 val_acc=30.24% best=30.24% time=48.9s | throughput=1022.37 samples/s | stat_eff=0.000008 loss/sample | goodput=939.45 samples/s | cum_wall=0.04h
/home/kalyazin.nikolay/project_diff/Dist_VMamba/VMamba/classification/cifar100_dist_train.py:698: FutureWarning: `torch.cuda.amp.autocast(args...)` is deprecated. Please use `torch.amp.autocast('cuda', args...)` instead.
  with torch.cuda.amp.autocast(enabled=amp_enabled):
  step 50/781  loss=3.1026  acc@1=30.84%
  step 100/781  loss=3.0800  acc@1=31.17%
  step 150/781  loss=3.0677  acc@1=31.18%
  step 200/781  loss=3.0696  acc@1=31.31%
  step 250/781  loss=3.0649  acc@1=31.36%
  step 300/781  loss=3.0563  acc@1=31.61%
  step 350/781  loss=3.0480  acc@1=31.73%
  step 400/781  loss=3.0413  acc@1=31.91%
  step 450/781  loss=3.0384  acc@1=31.99%
  step 500/781  loss=3.0268  acc@1=32.27%
  step 550/781  loss=3.0185  acc@1=32.53%
  step 600/781  loss=3.0126  acc@1=32.65%
  step 650/781  loss=3.0068  acc@1=32.83%
  step 700/781  loss=3.0017  acc@1=32.98%
  step 750/781  loss=2.9947  acc@1=33.21%
/home/kalyazin.nikolay/project_diff/Dist_VMamba/VMamba/classification/cifar100_dist_train.py:759: FutureWarning: `torch.cuda.amp.autocast(args...)` is deprecated. Please use `torch.amp.autocast('cuda', args...)` instead.
  with torch.cuda.amp.autocast(enabled=amp_enabled):
Epoch [4/50] train_loss=2.9881 train_acc=33.41% val_loss=2.8405 val_acc=37.66% best=37.66% time=49.3s | throughput=1014.43 samples/s | stat_eff=-0.000001 loss/sample | goodput=931.63 samples/s | cum_wall=0.06h
/home/kalyazin.nikolay/project_diff/Dist_VMamba/VMamba/classification/cifar100_dist_train.py:698: FutureWarning: `torch.cuda.amp.autocast(args...)` is deprecated. Please use `torch.amp.autocast('cuda', args...)` instead.
  with torch.cuda.amp.autocast(enabled=amp_enabled):
  step 50/781  loss=2.8034  acc@1=38.78%
  step 100/781  loss=2.8174  acc@1=37.98%
  step 150/781  loss=2.8120  acc@1=38.24%
  step 200/781  loss=2.8191  acc@1=38.20%
  step 250/781  loss=2.8099  acc@1=38.17%
  step 300/781  loss=2.8006  acc@1=38.33%
  step 350/781  loss=2.7947  acc@1=38.53%
  step 400/781  loss=2.7903  acc@1=38.49%
  step 450/781  loss=2.7912  acc@1=38.45%
  step 500/781  loss=2.7846  acc@1=38.71%
  step 550/781  loss=2.7789  acc@1=38.85%
  step 600/781  loss=2.7751  acc@1=38.97%
  step 650/781  loss=2.7705  acc@1=39.15%
  step 700/781  loss=2.7693  acc@1=39.21%
  step 750/781  loss=2.7668  acc@1=39.25%
/home/kalyazin.nikolay/project_diff/Dist_VMamba/VMamba/classification/cifar100_dist_train.py:759: FutureWarning: `torch.cuda.amp.autocast(args...)` is deprecated. Please use `torch.amp.autocast('cuda', args...)` instead.
  with torch.cuda.amp.autocast(enabled=amp_enabled):
Epoch [5/50] train_loss=2.7659 train_acc=39.25% val_loss=2.6665 val_acc=42.96% best=42.96% time=49.0s | throughput=1020.68 samples/s | stat_eff=0.000003 loss/sample | goodput=944.34 samples/s | cum_wall=0.07h
/home/kalyazin.nikolay/project_diff/Dist_VMamba/VMamba/classification/cifar100_dist_train.py:698: FutureWarning: `torch.cuda.amp.autocast(args...)` is deprecated. Please use `torch.amp.autocast('cuda', args...)` instead.
  with torch.cuda.amp.autocast(enabled=amp_enabled):
  step 50/781  loss=2.6315  acc@1=42.38%
  step 100/781  loss=2.6231  acc@1=42.59%
  step 150/781  loss=2.6291  acc@1=42.71%
  step 200/781  loss=2.6352  acc@1=42.56%
  step 250/781  loss=2.6229  acc@1=43.05%
  step 300/781  loss=2.6151  acc@1=43.35%
  step 350/781  loss=2.6202  acc@1=43.18%
  step 400/781  loss=2.6153  acc@1=43.25%
  step 450/781  loss=2.6146  acc@1=43.25%
  step 500/781  loss=2.6120  acc@1=43.38%
  step 550/781  loss=2.6093  acc@1=43.37%
  step 600/781  loss=2.6079  acc@1=43.43%
  step 650/781  loss=2.6051  acc@1=43.50%
  step 700/781  loss=2.6029  acc@1=43.58%
  step 750/781  loss=2.5993  acc@1=43.65%
/home/kalyazin.nikolay/project_diff/Dist_VMamba/VMamba/classification/cifar100_dist_train.py:759: FutureWarning: `torch.cuda.amp.autocast(args...)` is deprecated. Please use `torch.amp.autocast('cuda', args...)` instead.
  with torch.cuda.amp.autocast(enabled=amp_enabled):
Epoch [6/50] train_loss=2.5971 train_acc=43.70% val_loss=2.5790 val_acc=44.57% best=44.57% time=49.1s | throughput=1017.02 samples/s | stat_eff=0.000004 loss/sample | goodput=937.29 samples/s | cum_wall=0.09h
/home/kalyazin.nikolay/project_diff/Dist_VMamba/VMamba/classification/cifar100_dist_train.py:698: FutureWarning: `torch.cuda.amp.autocast(args...)` is deprecated. Please use `torch.amp.autocast('cuda', args...)` instead.
  with torch.cuda.amp.autocast(enabled=amp_enabled):
  step 50/781  loss=2.4692  acc@1=47.06%
  step 100/781  loss=2.4560  acc@1=47.77%
  step 150/781  loss=2.4633  acc@1=47.66%
  step 200/781  loss=2.4675  acc@1=47.40%
  step 250/781  loss=2.4760  acc@1=47.09%
  step 300/781  loss=2.4687  acc@1=47.36%
  step 350/781  loss=2.4656  acc@1=47.36%
  step 400/781  loss=2.4678  acc@1=47.35%
  step 450/781  loss=2.4642  acc@1=47.48%
  step 500/781  loss=2.4624  acc@1=47.52%
  step 550/781  loss=2.4618  acc@1=47.52%
  step 600/781  loss=2.4623  acc@1=47.54%
  step 650/781  loss=2.4612  acc@1=47.62%
  step 700/781  loss=2.4620  acc@1=47.56%
  step 750/781  loss=2.4609  acc@1=47.60%
/home/kalyazin.nikolay/project_diff/Dist_VMamba/VMamba/classification/cifar100_dist_train.py:759: FutureWarning: `torch.cuda.amp.autocast(args...)` is deprecated. Please use `torch.amp.autocast('cuda', args...)` instead.
  with torch.cuda.amp.autocast(enabled=amp_enabled):
Epoch [7/50] train_loss=2.4586 train_acc=47.63% val_loss=2.4800 val_acc=48.16% best=48.16% time=49.3s | throughput=1014.47 samples/s | stat_eff=0.000004 loss/sample | goodput=940.12 samples/s | cum_wall=0.10h
/home/kalyazin.nikolay/project_diff/Dist_VMamba/VMamba/classification/cifar100_dist_train.py:698: FutureWarning: `torch.cuda.amp.autocast(args...)` is deprecated. Please use `torch.amp.autocast('cuda', args...)` instead.
  with torch.cuda.amp.autocast(enabled=amp_enabled):
  step 50/781  loss=2.3321  acc@1=50.75%
  step 100/781  loss=2.3216  acc@1=51.34%
  step 150/781  loss=2.3243  acc@1=51.47%
  step 200/781  loss=2.3330  acc@1=51.09%
  step 250/781  loss=2.3249  acc@1=51.44%
  step 300/781  loss=2.3283  acc@1=51.58%
  step 350/781  loss=2.3313  acc@1=51.35%
  step 400/781  loss=2.3325  acc@1=51.27%
  step 450/781  loss=2.3330  acc@1=51.27%
  step 500/781  loss=2.3359  acc@1=51.17%
  step 550/781  loss=2.3381  acc@1=51.18%
  step 600/781  loss=2.3388  acc@1=51.18%
  step 650/781  loss=2.3392  acc@1=51.14%
  step 700/781  loss=2.3406  acc@1=51.10%
  step 750/781  loss=2.3382  acc@1=51.17%
/home/kalyazin.nikolay/project_diff/Dist_VMamba/VMamba/classification/cifar100_dist_train.py:759: FutureWarning: `torch.cuda.amp.autocast(args...)` is deprecated. Please use `torch.amp.autocast('cuda', args...)` instead.
  with torch.cuda.amp.autocast(enabled=amp_enabled):
Epoch [8/50] train_loss=2.3366 train_acc=51.22% val_loss=2.3861 val_acc=50.49% best=50.49% time=49.3s | throughput=1014.09 samples/s | stat_eff=0.000001 loss/sample | goodput=935.45 samples/s | cum_wall=0.11h
/home/kalyazin.nikolay/project_diff/Dist_VMamba/VMamba/classification/cifar100_dist_train.py:698: FutureWarning: `torch.cuda.amp.autocast(args...)` is deprecated. Please use `torch.amp.autocast('cuda', args...)` instead.
  with torch.cuda.amp.autocast(enabled=amp_enabled):
  step 50/781  loss=2.1894  acc@1=55.41%
  step 100/781  loss=2.2139  acc@1=54.08%
  step 150/781  loss=2.2130  acc@1=54.67%
  step 200/781  loss=2.2253  acc@1=54.38%
  step 250/781  loss=2.2318  acc@1=54.11%
  step 300/781  loss=2.2383  acc@1=54.05%
  step 350/781  loss=2.2347  acc@1=54.18%
  step 400/781  loss=2.2318  acc@1=54.31%
  step 450/781  loss=2.2328  acc@1=54.28%
  step 500/781  loss=2.2362  acc@1=54.18%
  step 550/781  loss=2.2399  acc@1=54.01%
  step 600/781  loss=2.2361  acc@1=54.11%
  step 650/781  loss=2.2336  acc@1=54.22%
  step 700/781  loss=2.2348  acc@1=54.22%
  step 750/781  loss=2.2373  acc@1=54.11%
/home/kalyazin.nikolay/project_diff/Dist_VMamba/VMamba/classification/cifar100_dist_train.py:759: FutureWarning: `torch.cuda.amp.autocast(args...)` is deprecated. Please use `torch.amp.autocast('cuda', args...)` instead.
  with torch.cuda.amp.autocast(enabled=amp_enabled):
Epoch [9/50] train_loss=2.2383 train_acc=54.10% val_loss=2.3198 val_acc=52.50% best=52.50% time=50.3s | throughput=993.33 samples/s | stat_eff=0.000002 loss/sample | goodput=921.58 samples/s | cum_wall=0.13h
/home/kalyazin.nikolay/project_diff/Dist_VMamba/VMamba/classification/cifar100_dist_train.py:698: FutureWarning: `torch.cuda.amp.autocast(args...)` is deprecated. Please use `torch.amp.autocast('cuda', args...)` instead.
  with torch.cuda.amp.autocast(enabled=amp_enabled):
  step 50/781  loss=2.0699  acc@1=58.88%
  step 100/781  loss=2.0929  acc@1=58.12%
  step 150/781  loss=2.1007  acc@1=58.18%
  step 200/781  loss=2.0941  acc@1=58.20%
  step 250/781  loss=2.1059  acc@1=57.79%
  step 300/781  loss=2.1106  acc@1=57.79%
  step 350/781  loss=2.1146  acc@1=57.70%
  step 400/781  loss=2.1222  acc@1=57.47%
  step 450/781  loss=2.1255  acc@1=57.32%
  step 500/781  loss=2.1253  acc@1=57.26%
  step 550/781  loss=2.1301  acc@1=57.14%
  step 600/781  loss=2.1324  acc@1=57.02%
  step 650/781  loss=2.1325  acc@1=57.03%
  step 700/781  loss=2.1333  acc@1=57.01%
  step 750/781  loss=2.1313  acc@1=57.06%
/home/kalyazin.nikolay/project_diff/Dist_VMamba/VMamba/classification/cifar100_dist_train.py:759: FutureWarning: `torch.cuda.amp.autocast(args...)` is deprecated. Please use `torch.amp.autocast('cuda', args...)` instead.
  with torch.cuda.amp.autocast(enabled=amp_enabled):
Epoch [10/50] train_loss=2.1321 train_acc=57.03% val_loss=2.2566 val_acc=54.30% best=54.30% time=48.9s | throughput=1021.50 samples/s | stat_eff=-0.000002 loss/sample | goodput=944.46 samples/s | cum_wall=0.14h
Saved checkpoint: /home/kalyazin.nikolay/project_diff/Dist_VMamba/VMamba/output/cifar100_vmamba_grid/pipeline_gpu4_20260405_130145/pipeline_g4_bs64_e50/ckpt_epoch_010.pth
/home/kalyazin.nikolay/project_diff/Dist_VMamba/VMamba/classification/cifar100_dist_train.py:698: FutureWarning: `torch.cuda.amp.autocast(args...)` is deprecated. Please use `torch.amp.autocast('cuda', args...)` instead.
  with torch.cuda.amp.autocast(enabled=amp_enabled):
  step 50/781  loss=2.0426  acc@1=59.38%
  step 100/781  loss=2.0291  acc@1=60.16%
  step 150/781  loss=2.0444  acc@1=59.97%
  step 200/781  loss=2.0447  acc@1=59.93%
  step 250/781  loss=2.0440  acc@1=59.84%
  step 300/781  loss=2.0440  acc@1=59.87%
  step 350/781  loss=2.0454  acc@1=59.74%
  step 400/781  loss=2.0478  acc@1=59.63%
  step 450/781  loss=2.0511  acc@1=59.53%
  step 500/781  loss=2.0540  acc@1=59.40%
  step 550/781  loss=2.0520  acc@1=59.46%
  step 600/781  loss=2.0533  acc@1=59.37%
  step 650/781  loss=2.0560  acc@1=59.33%
  step 700/781  loss=2.0573  acc@1=59.25%
  step 750/781  loss=2.0577  acc@1=59.29%
/home/kalyazin.nikolay/project_diff/Dist_VMamba/VMamba/classification/cifar100_dist_train.py:759: FutureWarning: `torch.cuda.amp.autocast(args...)` is deprecated. Please use `torch.amp.autocast('cuda', args...)` instead.
  with torch.cuda.amp.autocast(enabled=amp_enabled):
Epoch [11/50] train_loss=2.0583 train_acc=59.31% val_loss=2.2721 val_acc=53.90% best=54.30% time=48.4s | throughput=1033.79 samples/s | stat_eff=-0.000001 loss/sample | goodput=954.54 samples/s | cum_wall=0.15h
/home/kalyazin.nikolay/project_diff/Dist_VMamba/VMamba/classification/cifar100_dist_train.py:698: FutureWarning: `torch.cuda.amp.autocast(args...)` is deprecated. Please use `torch.amp.autocast('cuda', args...)` instead.
  with torch.cuda.amp.autocast(enabled=amp_enabled):
  step 50/781  loss=1.9506  acc@1=63.44%
  step 100/781  loss=1.9545  acc@1=62.70%
  step 150/781  loss=1.9552  acc@1=62.62%
  step 200/781  loss=1.9430  acc@1=62.90%
  step 250/781  loss=1.9496  acc@1=62.64%
  step 300/781  loss=1.9531  acc@1=62.61%
  step 350/781  loss=1.9545  acc@1=62.41%
  step 400/781  loss=1.9568  acc@1=62.27%
  step 450/781  loss=1.9577  acc@1=62.23%
  step 500/781  loss=1.9589  acc@1=62.24%
  step 550/781  loss=1.9576  acc@1=62.32%
  step 600/781  loss=1.9587  acc@1=62.29%
  step 650/781  loss=1.9628  acc@1=62.20%
  step 700/781  loss=1.9649  acc@1=62.11%
  step 750/781  loss=1.9646  acc@1=62.12%
/home/kalyazin.nikolay/project_diff/Dist_VMamba/VMamba/classification/cifar100_dist_train.py:759: FutureWarning: `torch.cuda.amp.autocast(args...)` is deprecated. Please use `torch.amp.autocast('cuda', args...)` instead.
  with torch.cuda.amp.autocast(enabled=amp_enabled):
Epoch [12/50] train_loss=1.9660 train_acc=62.15% val_loss=2.1692 val_acc=57.22% best=57.22% time=48.3s | throughput=1034.57 samples/s | stat_eff=-0.000008 loss/sample | goodput=957.95 samples/s | cum_wall=0.17h
/home/kalyazin.nikolay/project_diff/Dist_VMamba/VMamba/classification/cifar100_dist_train.py:698: FutureWarning: `torch.cuda.amp.autocast(args...)` is deprecated. Please use `torch.amp.autocast('cuda', args...)` instead.
  with torch.cuda.amp.autocast(enabled=amp_enabled):
  step 50/781  loss=1.8368  acc@1=66.34%
  step 100/781  loss=1.8431  acc@1=66.08%
  step 150/781  loss=1.8539  acc@1=65.48%
  step 200/781  loss=1.8533  acc@1=65.66%
  step 250/781  loss=1.8594  acc@1=65.53%
  step 300/781  loss=1.8715  acc@1=65.26%
  step 350/781  loss=1.8766  acc@1=65.09%
  step 400/781  loss=1.8784  acc@1=64.89%
  step 450/781  loss=1.8788  acc@1=64.92%
  step 500/781  loss=1.8798  acc@1=64.93%
  step 550/781  loss=1.8785  acc@1=64.97%
  step 600/781  loss=1.8840  acc@1=64.74%
  step 650/781  loss=1.8840  acc@1=64.72%
  step 700/781  loss=1.8873  acc@1=64.56%
  step 750/781  loss=1.8891  acc@1=64.53%
/home/kalyazin.nikolay/project_diff/Dist_VMamba/VMamba/classification/cifar100_dist_train.py:759: FutureWarning: `torch.cuda.amp.autocast(args...)` is deprecated. Please use `torch.amp.autocast('cuda', args...)` instead.
  with torch.cuda.amp.autocast(enabled=amp_enabled):
Epoch [13/50] train_loss=1.8903 train_acc=64.53% val_loss=2.1393 val_acc=58.24% best=58.24% time=48.8s | throughput=1023.80 samples/s | stat_eff=0.000001 loss/sample | goodput=945.23 samples/s | cum_wall=0.18h
/home/kalyazin.nikolay/project_diff/Dist_VMamba/VMamba/classification/cifar100_dist_train.py:698: FutureWarning: `torch.cuda.amp.autocast(args...)` is deprecated. Please use `torch.amp.autocast('cuda', args...)` instead.
  with torch.cuda.amp.autocast(enabled=amp_enabled):
  step 50/781  loss=1.7871  acc@1=68.03%
  step 100/781  loss=1.7985  acc@1=67.67%
  step 150/781  loss=1.7976  acc@1=67.72%
  step 200/781  loss=1.7960  acc@1=67.68%
  step 250/781  loss=1.8050  acc@1=67.34%
  step 300/781  loss=1.8126  acc@1=66.96%
  step 350/781  loss=1.8145  acc@1=66.97%
  step 400/781  loss=1.8145  acc@1=66.98%
  step 450/781  loss=1.8153  acc@1=66.93%
  step 500/781  loss=1.8148  acc@1=66.93%
  step 550/781  loss=1.8162  acc@1=66.89%
  step 600/781  loss=1.8172  acc@1=66.85%
  step 650/781  loss=1.8165  acc@1=66.84%
  step 700/781  loss=1.8171  acc@1=66.81%
  step 750/781  loss=1.8188  acc@1=66.78%
/home/kalyazin.nikolay/project_diff/Dist_VMamba/VMamba/classification/cifar100_dist_train.py:759: FutureWarning: `torch.cuda.amp.autocast(args...)` is deprecated. Please use `torch.amp.autocast('cuda', args...)` instead.
  with torch.cuda.amp.autocast(enabled=amp_enabled):
Epoch [14/50] train_loss=1.8209 train_acc=66.70% val_loss=2.1145 val_acc=59.53% best=59.53% time=48.2s | throughput=1037.85 samples/s | stat_eff=-0.000004 loss/sample | goodput=960.69 samples/s | cum_wall=0.19h
/home/kalyazin.nikolay/project_diff/Dist_VMamba/VMamba/classification/cifar100_dist_train.py:698: FutureWarning: `torch.cuda.amp.autocast(args...)` is deprecated. Please use `torch.amp.autocast('cuda', args...)` instead.
  with torch.cuda.amp.autocast(enabled=amp_enabled):
  step 50/781  loss=1.7071  acc@1=70.97%
  step 100/781  loss=1.6991  acc@1=71.05%
  step 150/781  loss=1.7071  acc@1=70.86%
  step 200/781  loss=1.7094  acc@1=70.59%
  step 250/781  loss=1.7162  acc@1=70.31%
  step 300/781  loss=1.7281  acc@1=69.98%
  step 350/781  loss=1.7341  acc@1=69.83%
  step 400/781  loss=1.7364  acc@1=69.80%
  step 450/781  loss=1.7370  acc@1=69.82%
  step 500/781  loss=1.7388  acc@1=69.70%
  step 550/781  loss=1.7427  acc@1=69.55%
  step 600/781  loss=1.7449  acc@1=69.47%
  step 650/781  loss=1.7484  acc@1=69.36%
  step 700/781  loss=1.7491  acc@1=69.31%
  step 750/781  loss=1.7490  acc@1=69.39%
/home/kalyazin.nikolay/project_diff/Dist_VMamba/VMamba/classification/cifar100_dist_train.py:759: FutureWarning: `torch.cuda.amp.autocast(args...)` is deprecated. Please use `torch.amp.autocast('cuda', args...)` instead.
  with torch.cuda.amp.autocast(enabled=amp_enabled):
Epoch [15/50] train_loss=1.7507 train_acc=69.35% val_loss=2.0977 val_acc=60.32% best=60.32% time=49.0s | throughput=1021.02 samples/s | stat_eff=-0.000002 loss/sample | goodput=944.00 samples/s | cum_wall=0.21h
/home/kalyazin.nikolay/project_diff/Dist_VMamba/VMamba/classification/cifar100_dist_train.py:698: FutureWarning: `torch.cuda.amp.autocast(args...)` is deprecated. Please use `torch.amp.autocast('cuda', args...)` instead.
  with torch.cuda.amp.autocast(enabled=amp_enabled):
  step 50/781  loss=1.6657  acc@1=71.75%
  step 100/781  loss=1.6517  acc@1=72.47%
  step 150/781  loss=1.6499  acc@1=72.54%
  step 200/781  loss=1.6589  acc@1=72.07%
  step 250/781  loss=1.6642  acc@1=71.79%
  step 300/781  loss=1.6705  acc@1=71.66%
  step 350/781  loss=1.6722  acc@1=71.58%
  step 400/781  loss=1.6723  acc@1=71.58%
  step 450/781  loss=1.6809  acc@1=71.29%
  step 500/781  loss=1.6786  acc@1=71.47%
  step 550/781  loss=1.6787  acc@1=71.48%
  step 600/781  loss=1.6806  acc@1=71.41%
  step 650/781  loss=1.6805  acc@1=71.38%
  step 700/781  loss=1.6831  acc@1=71.27%
  step 750/781  loss=1.6820  acc@1=71.37%
/home/kalyazin.nikolay/project_diff/Dist_VMamba/VMamba/classification/cifar100_dist_train.py:759: FutureWarning: `torch.cuda.amp.autocast(args...)` is deprecated. Please use `torch.amp.autocast('cuda', args...)` instead.
  with torch.cuda.amp.autocast(enabled=amp_enabled):
Epoch [16/50] train_loss=1.6846 train_acc=71.27% val_loss=2.0697 val_acc=60.70% best=60.70% time=49.2s | throughput=1015.82 samples/s | stat_eff=0.000006 loss/sample | goodput=940.52 samples/s | cum_wall=0.22h
/home/kalyazin.nikolay/project_diff/Dist_VMamba/VMamba/classification/cifar100_dist_train.py:698: FutureWarning: `torch.cuda.amp.autocast(args...)` is deprecated. Please use `torch.amp.autocast('cuda', args...)` instead.
  with torch.cuda.amp.autocast(enabled=amp_enabled):
  step 50/781  loss=1.5929  acc@1=74.72%
  step 100/781  loss=1.5794  acc@1=75.42%
  step 150/781  loss=1.5853  acc@1=75.01%
  step 200/781  loss=1.5858  acc@1=74.88%
  step 250/781  loss=1.5871  acc@1=74.83%
  step 300/781  loss=1.5892  acc@1=74.81%
  step 350/781  loss=1.5962  acc@1=74.50%
  step 400/781  loss=1.6006  acc@1=74.36%
  step 450/781  loss=1.6022  acc@1=74.29%
  step 500/781  loss=1.6057  acc@1=74.17%
  step 550/781  loss=1.6086  acc@1=74.09%
  step 600/781  loss=1.6124  acc@1=73.88%
  step 650/781  loss=1.6133  acc@1=73.88%
  step 700/781  loss=1.6152  acc@1=73.80%
  step 750/781  loss=1.6182  acc@1=73.70%
/home/kalyazin.nikolay/project_diff/Dist_VMamba/VMamba/classification/cifar100_dist_train.py:759: FutureWarning: `torch.cuda.amp.autocast(args...)` is deprecated. Please use `torch.amp.autocast('cuda', args...)` instead.
  with torch.cuda.amp.autocast(enabled=amp_enabled):
Epoch [17/50] train_loss=1.6204 train_acc=73.63% val_loss=2.0738 val_acc=61.04% best=61.04% time=48.2s | throughput=1036.26 samples/s | stat_eff=-0.000009 loss/sample | goodput=959.38 samples/s | cum_wall=0.23h
/home/kalyazin.nikolay/project_diff/Dist_VMamba/VMamba/classification/cifar100_dist_train.py:698: FutureWarning: `torch.cuda.amp.autocast(args...)` is deprecated. Please use `torch.amp.autocast('cuda', args...)` instead.
  with torch.cuda.amp.autocast(enabled=amp_enabled):
  step 50/781  loss=1.5008  acc@1=77.59%
  step 100/781  loss=1.4924  acc@1=77.86%
  step 150/781  loss=1.5031  acc@1=77.56%
  step 200/781  loss=1.5053  acc@1=77.59%
  step 250/781  loss=1.5094  acc@1=77.26%
  step 300/781  loss=1.5193  acc@1=76.83%
  step 350/781  loss=1.5232  acc@1=76.75%
  step 400/781  loss=1.5254  acc@1=76.74%
  step 450/781  loss=1.5316  acc@1=76.63%
  step 500/781  loss=1.5335  acc@1=76.54%
  step 550/781  loss=1.5402  acc@1=76.33%
  step 600/781  loss=1.5432  acc@1=76.21%
  step 650/781  loss=1.5490  acc@1=76.01%
  step 700/781  loss=1.5517  acc@1=75.87%
  step 750/781  loss=1.5550  acc@1=75.76%
/home/kalyazin.nikolay/project_diff/Dist_VMamba/VMamba/classification/cifar100_dist_train.py:759: FutureWarning: `torch.cuda.amp.autocast(args...)` is deprecated. Please use `torch.amp.autocast('cuda', args...)` instead.
  with torch.cuda.amp.autocast(enabled=amp_enabled):
Epoch [18/50] train_loss=1.5570 train_acc=75.72% val_loss=2.0434 val_acc=62.52% best=62.52% time=49.2s | throughput=1015.61 samples/s | stat_eff=-0.000006 loss/sample | goodput=936.10 samples/s | cum_wall=0.25h
/home/kalyazin.nikolay/project_diff/Dist_VMamba/VMamba/classification/cifar100_dist_train.py:698: FutureWarning: `torch.cuda.amp.autocast(args...)` is deprecated. Please use `torch.amp.autocast('cuda', args...)` instead.
  with torch.cuda.amp.autocast(enabled=amp_enabled):
  step 50/781  loss=1.4669  acc@1=79.31%
  step 100/781  loss=1.4654  acc@1=79.22%
  step 150/781  loss=1.4718  acc@1=79.15%
  step 200/781  loss=1.4755  acc@1=78.91%
  step 250/781  loss=1.4773  acc@1=78.84%
  step 300/781  loss=1.4786  acc@1=78.85%
  step 350/781  loss=1.4850  acc@1=78.66%
  step 400/781  loss=1.4854  acc@1=78.59%
  step 450/781  loss=1.4892  acc@1=78.47%
  step 500/781  loss=1.4906  acc@1=78.39%
  step 550/781  loss=1.4940  acc@1=78.22%
  step 600/781  loss=1.4966  acc@1=78.12%
  step 650/781  loss=1.4974  acc@1=78.08%
  step 700/781  loss=1.5009  acc@1=77.90%
  step 750/781  loss=1.5043  acc@1=77.78%
/home/kalyazin.nikolay/project_diff/Dist_VMamba/VMamba/classification/cifar100_dist_train.py:759: FutureWarning: `torch.cuda.amp.autocast(args...)` is deprecated. Please use `torch.amp.autocast('cuda', args...)` instead.
  with torch.cuda.amp.autocast(enabled=amp_enabled):
Epoch [19/50] train_loss=1.5047 train_acc=77.79% val_loss=2.0439 val_acc=62.38% best=62.52% time=48.9s | throughput=1021.73 samples/s | stat_eff=0.000001 loss/sample | goodput=941.86 samples/s | cum_wall=0.26h
/home/kalyazin.nikolay/project_diff/Dist_VMamba/VMamba/classification/cifar100_dist_train.py:698: FutureWarning: `torch.cuda.amp.autocast(args...)` is deprecated. Please use `torch.amp.autocast('cuda', args...)` instead.
  with torch.cuda.amp.autocast(enabled=amp_enabled):
  step 50/781  loss=1.4052  acc@1=81.03%
  step 100/781  loss=1.4039  acc@1=81.23%
  step 150/781  loss=1.4088  acc@1=81.28%
  step 200/781  loss=1.4120  acc@1=81.09%
  step 250/781  loss=1.4087  acc@1=81.24%
  step 300/781  loss=1.4145  acc@1=81.04%
  step 350/781  loss=1.4176  acc@1=80.94%
  step 400/781  loss=1.4243  acc@1=80.66%
  step 450/781  loss=1.4265  acc@1=80.59%
  step 500/781  loss=1.4295  acc@1=80.48%
  step 550/781  loss=1.4339  acc@1=80.33%
  step 600/781  loss=1.4370  acc@1=80.20%
  step 650/781  loss=1.4390  acc@1=80.13%
  step 700/781  loss=1.4422  acc@1=80.06%
  step 750/781  loss=1.4441  acc@1=79.99%
/home/kalyazin.nikolay/project_diff/Dist_VMamba/VMamba/classification/cifar100_dist_train.py:759: FutureWarning: `torch.cuda.amp.autocast(args...)` is deprecated. Please use `torch.amp.autocast('cuda', args...)` instead.
  with torch.cuda.amp.autocast(enabled=amp_enabled):
Epoch [20/50] train_loss=1.4458 train_acc=79.93% val_loss=2.0232 val_acc=62.88% best=62.88% time=48.8s | throughput=1023.79 samples/s | stat_eff=0.000000 loss/sample | goodput=946.43 samples/s | cum_wall=0.28h
Saved checkpoint: /home/kalyazin.nikolay/project_diff/Dist_VMamba/VMamba/output/cifar100_vmamba_grid/pipeline_gpu4_20260405_130145/pipeline_g4_bs64_e50/ckpt_epoch_020.pth
/home/kalyazin.nikolay/project_diff/Dist_VMamba/VMamba/classification/cifar100_dist_train.py:698: FutureWarning: `torch.cuda.amp.autocast(args...)` is deprecated. Please use `torch.amp.autocast('cuda', args...)` instead.
  with torch.cuda.amp.autocast(enabled=amp_enabled):
  step 50/781  loss=1.3448  acc@1=84.53%
  step 100/781  loss=1.3584  acc@1=83.66%
  step 150/781  loss=1.3629  acc@1=83.26%
  step 200/781  loss=1.3669  acc@1=83.05%
  step 250/781  loss=1.3703  acc@1=82.89%
  step 300/781  loss=1.3719  acc@1=82.83%
  step 350/781  loss=1.3749  acc@1=82.71%
  step 400/781  loss=1.3790  acc@1=82.54%
  step 450/781  loss=1.3820  acc@1=82.37%
  step 500/781  loss=1.3823  acc@1=82.34%
  step 550/781  loss=1.3834  acc@1=82.27%
  step 600/781  loss=1.3857  acc@1=82.24%
  step 650/781  loss=1.3884  acc@1=82.11%
  step 700/781  loss=1.3913  acc@1=82.02%
  step 750/781  loss=1.3932  acc@1=81.94%
/home/kalyazin.nikolay/project_diff/Dist_VMamba/VMamba/classification/cifar100_dist_train.py:759: FutureWarning: `torch.cuda.amp.autocast(args...)` is deprecated. Please use `torch.amp.autocast('cuda', args...)` instead.
  with torch.cuda.amp.autocast(enabled=amp_enabled):
Epoch [21/50] train_loss=1.3966 train_acc=81.80% val_loss=2.0255 val_acc=63.29% best=63.29% time=49.0s | throughput=1021.10 samples/s | stat_eff=-0.000003 loss/sample | goodput=940.98 samples/s | cum_wall=0.29h
/home/kalyazin.nikolay/project_diff/Dist_VMamba/VMamba/classification/cifar100_dist_train.py:698: FutureWarning: `torch.cuda.amp.autocast(args...)` is deprecated. Please use `torch.amp.autocast('cuda', args...)` instead.
  with torch.cuda.amp.autocast(enabled=amp_enabled):
  step 50/781  loss=1.3112  acc@1=85.56%
  step 100/781  loss=1.3157  acc@1=85.41%
  step 150/781  loss=1.3198  acc@1=84.99%
  step 200/781  loss=1.3276  acc@1=84.69%
  step 250/781  loss=1.3270  acc@1=84.70%
  step 300/781  loss=1.3284  acc@1=84.55%
  step 350/781  loss=1.3313  acc@1=84.43%
  step 400/781  loss=1.3325  acc@1=84.37%
  step 450/781  loss=1.3346  acc@1=84.22%
  step 500/781  loss=1.3376  acc@1=84.14%
  step 550/781  loss=1.3402  acc@1=83.98%
  step 600/781  loss=1.3440  acc@1=83.84%
  step 650/781  loss=1.3463  acc@1=83.76%
  step 700/781  loss=1.3487  acc@1=83.68%
  step 750/781  loss=1.3491  acc@1=83.64%
/home/kalyazin.nikolay/project_diff/Dist_VMamba/VMamba/classification/cifar100_dist_train.py:759: FutureWarning: `torch.cuda.amp.autocast(args...)` is deprecated. Please use `torch.amp.autocast('cuda', args...)` instead.
  with torch.cuda.amp.autocast(enabled=amp_enabled):
Epoch [22/50] train_loss=1.3500 train_acc=83.57% val_loss=2.0361 val_acc=63.77% best=63.77% time=48.8s | throughput=1023.91 samples/s | stat_eff=-0.000001 loss/sample | goodput=947.68 samples/s | cum_wall=0.30h
/home/kalyazin.nikolay/project_diff/Dist_VMamba/VMamba/classification/cifar100_dist_train.py:698: FutureWarning: `torch.cuda.amp.autocast(args...)` is deprecated. Please use `torch.amp.autocast('cuda', args...)` instead.
  with torch.cuda.amp.autocast(enabled=amp_enabled):
  step 50/781  loss=1.3010  acc@1=85.66%
  step 100/781  loss=1.2845  acc@1=86.50%
  step 150/781  loss=1.2726  acc@1=87.06%
  step 200/781  loss=1.2751  acc@1=86.81%
  step 250/781  loss=1.2748  acc@1=86.74%
  step 300/781  loss=1.2734  acc@1=86.70%
  step 350/781  loss=1.2784  acc@1=86.38%
  step 400/781  loss=1.2794  acc@1=86.34%
  step 450/781  loss=1.2807  acc@1=86.31%
  step 500/781  loss=1.2829  acc@1=86.16%
  step 550/781  loss=1.2861  acc@1=86.03%
  step 600/781  loss=1.2913  acc@1=85.79%
  step 650/781  loss=1.2938  acc@1=85.71%
  step 700/781  loss=1.2971  acc@1=85.54%
  step 750/781  loss=1.2999  acc@1=85.39%
/home/kalyazin.nikolay/project_diff/Dist_VMamba/VMamba/classification/cifar100_dist_train.py:759: FutureWarning: `torch.cuda.amp.autocast(args...)` is deprecated. Please use `torch.amp.autocast('cuda', args...)` instead.
  with torch.cuda.amp.autocast(enabled=amp_enabled):
Epoch [23/50] train_loss=1.3007 train_acc=85.36% val_loss=2.0356 val_acc=63.45% best=63.77% time=49.1s | throughput=1018.02 samples/s | stat_eff=0.000001 loss/sample | goodput=933.25 samples/s | cum_wall=0.32h
/home/kalyazin.nikolay/project_diff/Dist_VMamba/VMamba/classification/cifar100_dist_train.py:698: FutureWarning: `torch.cuda.amp.autocast(args...)` is deprecated. Please use `torch.amp.autocast('cuda', args...)` instead.
  with torch.cuda.amp.autocast(enabled=amp_enabled):
  step 50/781  loss=1.2400  acc@1=88.00%
  step 100/781  loss=1.2384  acc@1=87.86%
  step 150/781  loss=1.2327  acc@1=88.02%
  step 200/781  loss=1.2353  acc@1=87.98%
  step 250/781  loss=1.2358  acc@1=88.06%
  step 300/781  loss=1.2389  acc@1=87.91%
  step 350/781  loss=1.2412  acc@1=87.81%
  step 400/781  loss=1.2450  acc@1=87.59%
  step 450/781  loss=1.2460  acc@1=87.51%
  step 500/781  loss=1.2478  acc@1=87.42%
  step 550/781  loss=1.2494  acc@1=87.36%
  step 600/781  loss=1.2528  acc@1=87.25%
  step 650/781  loss=1.2551  acc@1=87.13%
  step 700/781  loss=1.2580  acc@1=86.97%
  step 750/781  loss=1.2597  acc@1=86.93%
/home/kalyazin.nikolay/project_diff/Dist_VMamba/VMamba/classification/cifar100_dist_train.py:759: FutureWarning: `torch.cuda.amp.autocast(args...)` is deprecated. Please use `torch.amp.autocast('cuda', args...)` instead.
  with torch.cuda.amp.autocast(enabled=amp_enabled):
Epoch [24/50] train_loss=1.2605 train_acc=86.91% val_loss=2.0347 val_acc=64.13% best=64.13% time=49.5s | throughput=1008.93 samples/s | stat_eff=-0.000000 loss/sample | goodput=934.29 samples/s | cum_wall=0.33h
/home/kalyazin.nikolay/project_diff/Dist_VMamba/VMamba/classification/cifar100_dist_train.py:698: FutureWarning: `torch.cuda.amp.autocast(args...)` is deprecated. Please use `torch.amp.autocast('cuda', args...)` instead.
  with torch.cuda.amp.autocast(enabled=amp_enabled):
  step 50/781  loss=1.2056  acc@1=89.56%
  step 100/781  loss=1.2069  acc@1=89.25%
  step 150/781  loss=1.1995  acc@1=89.43%
  step 200/781  loss=1.2030  acc@1=89.38%
  step 250/781  loss=1.2021  acc@1=89.46%
  step 300/781  loss=1.2026  acc@1=89.36%
  step 350/781  loss=1.2052  acc@1=89.23%
  step 400/781  loss=1.2076  acc@1=89.11%
  step 450/781  loss=1.2097  acc@1=88.98%
  step 500/781  loss=1.2108  acc@1=88.89%
  step 550/781  loss=1.2138  acc@1=88.76%
  step 600/781  loss=1.2155  acc@1=88.67%
  step 650/781  loss=1.2166  acc@1=88.64%
  step 700/781  loss=1.2181  acc@1=88.55%
  step 750/781  loss=1.2215  acc@1=88.40%
/home/kalyazin.nikolay/project_diff/Dist_VMamba/VMamba/classification/cifar100_dist_train.py:759: FutureWarning: `torch.cuda.amp.autocast(args...)` is deprecated. Please use `torch.amp.autocast('cuda', args...)` instead.
  with torch.cuda.amp.autocast(enabled=amp_enabled):
Epoch [25/50] train_loss=1.2226 train_acc=88.38% val_loss=2.0170 val_acc=64.79% best=64.79% time=50.8s | throughput=983.29 samples/s | stat_eff=0.000003 loss/sample | goodput=912.23 samples/s | cum_wall=0.34h
/home/kalyazin.nikolay/project_diff/Dist_VMamba/VMamba/classification/cifar100_dist_train.py:698: FutureWarning: `torch.cuda.amp.autocast(args...)` is deprecated. Please use `torch.amp.autocast('cuda', args...)` instead.
  with torch.cuda.amp.autocast(enabled=amp_enabled):
  step 50/781  loss=1.1592  acc@1=90.94%
  step 100/781  loss=1.1596  acc@1=90.94%
  step 150/781  loss=1.1635  acc@1=90.84%
  step 200/781  loss=1.1656  acc@1=90.99%
  step 250/781  loss=1.1716  acc@1=90.69%
  step 300/781  loss=1.1720  acc@1=90.55%
  step 350/781  loss=1.1718  acc@1=90.58%
  step 400/781  loss=1.1749  acc@1=90.52%
  step 450/781  loss=1.1780  acc@1=90.36%
  step 500/781  loss=1.1798  acc@1=90.27%
  step 550/781  loss=1.1801  acc@1=90.18%
  step 600/781  loss=1.1813  acc@1=90.11%
  step 650/781  loss=1.1837  acc@1=89.98%
  step 700/781  loss=1.1870  acc@1=89.80%
  step 750/781  loss=1.1892  acc@1=89.70%
/home/kalyazin.nikolay/project_diff/Dist_VMamba/VMamba/classification/cifar100_dist_train.py:759: FutureWarning: `torch.cuda.amp.autocast(args...)` is deprecated. Please use `torch.amp.autocast('cuda', args...)` instead.
  with torch.cuda.amp.autocast(enabled=amp_enabled):
Epoch [26/50] train_loss=1.1906 train_acc=89.65% val_loss=2.0202 val_acc=64.50% best=64.79% time=50.6s | throughput=987.11 samples/s | stat_eff=0.000000 loss/sample | goodput=914.70 samples/s | cum_wall=0.36h
/home/kalyazin.nikolay/project_diff/Dist_VMamba/VMamba/classification/cifar100_dist_train.py:698: FutureWarning: `torch.cuda.amp.autocast(args...)` is deprecated. Please use `torch.amp.autocast('cuda', args...)` instead.
  with torch.cuda.amp.autocast(enabled=amp_enabled):
  step 50/781  loss=1.1433  acc@1=91.75%
  step 100/781  loss=1.1376  acc@1=91.89%
  step 150/781  loss=1.1391  acc@1=91.77%
  step 200/781  loss=1.1425  acc@1=91.53%
  step 250/781  loss=1.1425  acc@1=91.61%
  step 300/781  loss=1.1434  acc@1=91.55%
  step 350/781  loss=1.1427  acc@1=91.50%
  step 400/781  loss=1.1444  acc@1=91.51%
  step 450/781  loss=1.1470  acc@1=91.43%
  step 500/781  loss=1.1491  acc@1=91.35%
  step 550/781  loss=1.1506  acc@1=91.26%
  step 600/781  loss=1.1529  acc@1=91.12%
  step 650/781  loss=1.1532  acc@1=91.12%
  step 700/781  loss=1.1543  acc@1=91.11%
  step 750/781  loss=1.1569  acc@1=90.99%
/home/kalyazin.nikolay/project_diff/Dist_VMamba/VMamba/classification/cifar100_dist_train.py:759: FutureWarning: `torch.cuda.amp.autocast(args...)` is deprecated. Please use `torch.amp.autocast('cuda', args...)` instead.
  with torch.cuda.amp.autocast(enabled=amp_enabled):
Epoch [27/50] train_loss=1.1581 train_acc=90.94% val_loss=2.0154 val_acc=64.79% best=64.79% time=50.8s | throughput=983.08 samples/s | stat_eff=-0.000001 loss/sample | goodput=909.40 samples/s | cum_wall=0.37h
/home/kalyazin.nikolay/project_diff/Dist_VMamba/VMamba/classification/cifar100_dist_train.py:698: FutureWarning: `torch.cuda.amp.autocast(args...)` is deprecated. Please use `torch.amp.autocast('cuda', args...)` instead.
  with torch.cuda.amp.autocast(enabled=amp_enabled):
  step 50/781  loss=1.1179  acc@1=92.19%
  step 100/781  loss=1.1125  acc@1=92.69%
  step 150/781  loss=1.1107  acc@1=92.80%
  step 200/781  loss=1.1184  acc@1=92.52%
  step 250/781  loss=1.1221  acc@1=92.36%
  step 300/781  loss=1.1233  acc@1=92.30%
  step 350/781  loss=1.1249  acc@1=92.23%
  step 400/781  loss=1.1238  acc@1=92.28%
  step 450/781  loss=1.1245  acc@1=92.28%
  step 500/781  loss=1.1254  acc@1=92.23%
  step 550/781  loss=1.1263  acc@1=92.22%
  step 600/781  loss=1.1265  acc@1=92.23%
  step 650/781  loss=1.1288  acc@1=92.13%
  step 700/781  loss=1.1291  acc@1=92.08%
  step 750/781  loss=1.1295  acc@1=92.03%
/home/kalyazin.nikolay/project_diff/Dist_VMamba/VMamba/classification/cifar100_dist_train.py:759: FutureWarning: `torch.cuda.amp.autocast(args...)` is deprecated. Please use `torch.amp.autocast('cuda', args...)` instead.
  with torch.cuda.amp.autocast(enabled=amp_enabled):
Epoch [28/50] train_loss=1.1297 train_acc=92.02% val_loss=1.9953 val_acc=65.60% best=65.60% time=50.5s | throughput=990.43 samples/s | stat_eff=-0.000005 loss/sample | goodput=915.33 samples/s | cum_wall=0.39h
/home/kalyazin.nikolay/project_diff/Dist_VMamba/VMamba/classification/cifar100_dist_train.py:698: FutureWarning: `torch.cuda.amp.autocast(args...)` is deprecated. Please use `torch.amp.autocast('cuda', args...)` instead.
  with torch.cuda.amp.autocast(enabled=amp_enabled):
  step 50/781  loss=1.0998  acc@1=93.62%
  step 100/781  loss=1.0874  acc@1=94.11%
  step 150/781  loss=1.0957  acc@1=93.61%
  step 200/781  loss=1.0957  acc@1=93.55%
  step 250/781  loss=1.0968  acc@1=93.33%
  step 300/781  loss=1.0937  acc@1=93.37%
  step 350/781  loss=1.0938  acc@1=93.33%
  step 400/781  loss=1.0951  acc@1=93.20%
  step 450/781  loss=1.0969  acc@1=93.15%
  step 500/781  loss=1.0992  acc@1=93.04%
  step 550/781  loss=1.0996  acc@1=93.03%
  step 600/781  loss=1.1000  acc@1=93.02%
  step 650/781  loss=1.1008  acc@1=92.98%
  step 700/781  loss=1.1021  acc@1=92.90%
  step 750/781  loss=1.1041  acc@1=92.83%
/home/kalyazin.nikolay/project_diff/Dist_VMamba/VMamba/classification/cifar100_dist_train.py:759: FutureWarning: `torch.cuda.amp.autocast(args...)` is deprecated. Please use `torch.amp.autocast('cuda', args...)` instead.
  with torch.cuda.amp.autocast(enabled=amp_enabled):
Epoch [29/50] train_loss=1.1047 train_acc=92.80% val_loss=1.9792 val_acc=65.98% best=65.98% time=50.8s | throughput=983.37 samples/s | stat_eff=0.000003 loss/sample | goodput=907.70 samples/s | cum_wall=0.40h
/home/kalyazin.nikolay/project_diff/Dist_VMamba/VMamba/classification/cifar100_dist_train.py:698: FutureWarning: `torch.cuda.amp.autocast(args...)` is deprecated. Please use `torch.amp.autocast('cuda', args...)` instead.
  with torch.cuda.amp.autocast(enabled=amp_enabled):
  step 50/781  loss=1.0634  acc@1=94.31%
  step 100/781  loss=1.0677  acc@1=94.19%
  step 150/781  loss=1.0706  acc@1=94.25%
  step 200/781  loss=1.0697  acc@1=94.20%
  step 250/781  loss=1.0740  acc@1=94.06%
  step 300/781  loss=1.0766  acc@1=93.94%
  step 350/781  loss=1.0763  acc@1=93.95%
  step 400/781  loss=1.0780  acc@1=93.92%
  step 450/781  loss=1.0792  acc@1=93.82%
  step 500/781  loss=1.0791  acc@1=93.83%
  step 550/781  loss=1.0798  acc@1=93.80%
  step 600/781  loss=1.0815  acc@1=93.72%
  step 650/781  loss=1.0821  acc@1=93.67%
  step 700/781  loss=1.0831  acc@1=93.64%
  step 750/781  loss=1.0837  acc@1=93.63%
/home/kalyazin.nikolay/project_diff/Dist_VMamba/VMamba/classification/cifar100_dist_train.py:759: FutureWarning: `torch.cuda.amp.autocast(args...)` is deprecated. Please use `torch.amp.autocast('cuda', args...)` instead.
  with torch.cuda.amp.autocast(enabled=amp_enabled):
Epoch [30/50] train_loss=1.0851 train_acc=93.60% val_loss=1.9785 val_acc=66.22% best=66.22% time=50.6s | throughput=988.35 samples/s | stat_eff=0.000000 loss/sample | goodput=913.59 samples/s | cum_wall=0.41h
Saved checkpoint: /home/kalyazin.nikolay/project_diff/Dist_VMamba/VMamba/output/cifar100_vmamba_grid/pipeline_gpu4_20260405_130145/pipeline_g4_bs64_e50/ckpt_epoch_030.pth
/home/kalyazin.nikolay/project_diff/Dist_VMamba/VMamba/classification/cifar100_dist_train.py:698: FutureWarning: `torch.cuda.amp.autocast(args...)` is deprecated. Please use `torch.amp.autocast('cuda', args...)` instead.
  with torch.cuda.amp.autocast(enabled=amp_enabled):
  step 50/781  loss=1.0436  acc@1=95.12%
  step 100/781  loss=1.0418  acc@1=95.34%
  step 150/781  loss=1.0417  acc@1=95.30%
  step 200/781  loss=1.0416  acc@1=95.22%
  step 250/781  loss=1.0430  acc@1=95.18%
  step 300/781  loss=1.0463  acc@1=95.03%
  step 350/781  loss=1.0492  acc@1=94.79%
  step 400/781  loss=1.0499  acc@1=94.73%
  step 450/781  loss=1.0513  acc@1=94.72%
  step 500/781  loss=1.0543  acc@1=94.62%
  step 550/781  loss=1.0546  acc@1=94.58%
  step 600/781  loss=1.0559  acc@1=94.52%
  step 650/781  loss=1.0563  acc@1=94.51%
  step 700/781  loss=1.0575  acc@1=94.44%
  step 750/781  loss=1.0601  acc@1=94.36%
/home/kalyazin.nikolay/project_diff/Dist_VMamba/VMamba/classification/cifar100_dist_train.py:759: FutureWarning: `torch.cuda.amp.autocast(args...)` is deprecated. Please use `torch.amp.autocast('cuda', args...)` instead.
  with torch.cuda.amp.autocast(enabled=amp_enabled):
Epoch [31/50] train_loss=1.0604 train_acc=94.35% val_loss=1.9858 val_acc=65.84% best=66.22% time=50.5s | throughput=989.29 samples/s | stat_eff=0.000001 loss/sample | goodput=912.37 samples/s | cum_wall=0.43h
/home/kalyazin.nikolay/project_diff/Dist_VMamba/VMamba/classification/cifar100_dist_train.py:698: FutureWarning: `torch.cuda.amp.autocast(args...)` is deprecated. Please use `torch.amp.autocast('cuda', args...)` instead.
  with torch.cuda.amp.autocast(enabled=amp_enabled):
  step 50/781  loss=1.0295  acc@1=95.31%
  step 100/781  loss=1.0323  acc@1=95.41%
  step 150/781  loss=1.0343  acc@1=95.44%
  step 200/781  loss=1.0348  acc@1=95.47%
  step 250/781  loss=1.0366  acc@1=95.34%
  step 300/781  loss=1.0366  acc@1=95.30%
  step 350/781  loss=1.0381  acc@1=95.24%
  step 400/781  loss=1.0394  acc@1=95.21%
  step 450/781  loss=1.0394  acc@1=95.21%
  step 500/781  loss=1.0398  acc@1=95.18%
  step 550/781  loss=1.0413  acc@1=95.14%
  step 600/781  loss=1.0408  acc@1=95.14%
  step 650/781  loss=1.0404  acc@1=95.19%
  step 700/781  loss=1.0401  acc@1=95.17%
  step 750/781  loss=1.0410  acc@1=95.11%
/home/kalyazin.nikolay/project_diff/Dist_VMamba/VMamba/classification/cifar100_dist_train.py:759: FutureWarning: `torch.cuda.amp.autocast(args...)` is deprecated. Please use `torch.amp.autocast('cuda', args...)` instead.
  with torch.cuda.amp.autocast(enabled=amp_enabled):
Epoch [32/50] train_loss=1.0414 train_acc=95.10% val_loss=1.9765 val_acc=66.03% best=66.22% time=50.7s | throughput=985.16 samples/s | stat_eff=-0.000003 loss/sample | goodput=912.06 samples/s | cum_wall=0.44h
/home/kalyazin.nikolay/project_diff/Dist_VMamba/VMamba/classification/cifar100_dist_train.py:698: FutureWarning: `torch.cuda.amp.autocast(args...)` is deprecated. Please use `torch.amp.autocast('cuda', args...)` instead.
  with torch.cuda.amp.autocast(enabled=amp_enabled):
  step 50/781  loss=1.0161  acc@1=96.00%
  step 100/781  loss=1.0162  acc@1=96.02%
  step 150/781  loss=1.0181  acc@1=95.92%
  step 200/781  loss=1.0187  acc@1=95.76%
  step 250/781  loss=1.0190  acc@1=95.71%
  step 300/781  loss=1.0202  acc@1=95.60%
  step 350/781  loss=1.0206  acc@1=95.54%
  step 400/781  loss=1.0212  acc@1=95.53%
  step 450/781  loss=1.0231  acc@1=95.50%
  step 500/781  loss=1.0230  acc@1=95.50%
  step 550/781  loss=1.0241  acc@1=95.50%
  step 600/781  loss=1.0239  acc@1=95.53%
  step 650/781  loss=1.0235  acc@1=95.56%
  step 700/781  loss=1.0243  acc@1=95.55%
  step 750/781  loss=1.0248  acc@1=95.53%
/home/kalyazin.nikolay/project_diff/Dist_VMamba/VMamba/classification/cifar100_dist_train.py:759: FutureWarning: `torch.cuda.amp.autocast(args...)` is deprecated. Please use `torch.amp.autocast('cuda', args...)` instead.
  with torch.cuda.amp.autocast(enabled=amp_enabled):
Epoch [33/50] train_loss=1.0258 train_acc=95.50% val_loss=1.9577 val_acc=66.89% best=66.89% time=49.5s | throughput=1009.50 samples/s | stat_eff=-0.000001 loss/sample | goodput=933.73 samples/s | cum_wall=0.46h
/home/kalyazin.nikolay/project_diff/Dist_VMamba/VMamba/classification/cifar100_dist_train.py:698: FutureWarning: `torch.cuda.amp.autocast(args...)` is deprecated. Please use `torch.amp.autocast('cuda', args...)` instead.
  with torch.cuda.amp.autocast(enabled=amp_enabled):
  step 50/781  loss=1.0092  acc@1=96.12%
  step 100/781  loss=1.0088  acc@1=96.23%
  step 150/781  loss=1.0106  acc@1=96.19%
  step 200/781  loss=1.0082  acc@1=96.22%
  step 250/781  loss=1.0093  acc@1=96.16%
  step 300/781  loss=1.0088  acc@1=96.11%
  step 350/781  loss=1.0080  acc@1=96.10%
  step 400/781  loss=1.0086  acc@1=96.07%
  step 450/781  loss=1.0076  acc@1=96.12%
  step 500/781  loss=1.0069  acc@1=96.17%
  step 550/781  loss=1.0057  acc@1=96.23%
  step 600/781  loss=1.0066  acc@1=96.19%
  step 650/781  loss=1.0072  acc@1=96.17%
  step 700/781  loss=1.0077  acc@1=96.17%
  step 750/781  loss=1.0077  acc@1=96.17%
/home/kalyazin.nikolay/project_diff/Dist_VMamba/VMamba/classification/cifar100_dist_train.py:759: FutureWarning: `torch.cuda.amp.autocast(args...)` is deprecated. Please use `torch.amp.autocast('cuda', args...)` instead.
  with torch.cuda.amp.autocast(enabled=amp_enabled):
Epoch [34/50] train_loss=1.0083 train_acc=96.17% val_loss=1.9553 val_acc=66.94% best=66.94% time=49.5s | throughput=1009.36 samples/s | stat_eff=-0.000001 loss/sample | goodput=936.41 samples/s | cum_wall=0.47h
/home/kalyazin.nikolay/project_diff/Dist_VMamba/VMamba/classification/cifar100_dist_train.py:698: FutureWarning: `torch.cuda.amp.autocast(args...)` is deprecated. Please use `torch.amp.autocast('cuda', args...)` instead.
  with torch.cuda.amp.autocast(enabled=amp_enabled):
  step 50/781  loss=1.0012  acc@1=96.34%
  step 100/781  loss=0.9919  acc@1=96.59%
  step 150/781  loss=0.9899  acc@1=96.66%
  step 200/781  loss=0.9910  acc@1=96.61%
  step 250/781  loss=0.9911  acc@1=96.60%
  step 300/781  loss=0.9904  acc@1=96.62%
  step 350/781  loss=0.9909  acc@1=96.61%
  step 400/781  loss=0.9914  acc@1=96.61%
  step 450/781  loss=0.9918  acc@1=96.60%
  step 500/781  loss=0.9934  acc@1=96.55%
  step 550/781  loss=0.9943  acc@1=96.47%
  step 600/781  loss=0.9948  acc@1=96.46%
  step 650/781  loss=0.9953  acc@1=96.43%
  step 700/781  loss=0.9953  acc@1=96.44%
  step 750/781  loss=0.9951  acc@1=96.44%
/home/kalyazin.nikolay/project_diff/Dist_VMamba/VMamba/classification/cifar100_dist_train.py:759: FutureWarning: `torch.cuda.amp.autocast(args...)` is deprecated. Please use `torch.amp.autocast('cuda', args...)` instead.
  with torch.cuda.amp.autocast(enabled=amp_enabled):
Epoch [35/50] train_loss=0.9953 train_acc=96.44% val_loss=1.9416 val_acc=67.14% best=67.14% time=48.3s | throughput=1035.43 samples/s | stat_eff=-0.000000 loss/sample | goodput=955.51 samples/s | cum_wall=0.48h
/home/kalyazin.nikolay/project_diff/Dist_VMamba/VMamba/classification/cifar100_dist_train.py:698: FutureWarning: `torch.cuda.amp.autocast(args...)` is deprecated. Please use `torch.amp.autocast('cuda', args...)` instead.
  with torch.cuda.amp.autocast(enabled=amp_enabled):
  step 50/781  loss=0.9785  acc@1=97.06%
  step 100/781  loss=0.9841  acc@1=97.00%
  step 150/781  loss=0.9865  acc@1=96.83%
  step 200/781  loss=0.9838  acc@1=96.79%
  step 250/781  loss=0.9843  acc@1=96.77%
  step 300/781  loss=0.9856  acc@1=96.67%
  step 350/781  loss=0.9856  acc@1=96.68%
  step 400/781  loss=0.9859  acc@1=96.67%
  step 450/781  loss=0.9856  acc@1=96.67%
  step 500/781  loss=0.9868  acc@1=96.61%
  step 550/781  loss=0.9874  acc@1=96.57%
  step 600/781  loss=0.9870  acc@1=96.56%
  step 650/781  loss=0.9869  acc@1=96.56%
  step 700/781  loss=0.9862  acc@1=96.59%
  step 750/781  loss=0.9866  acc@1=96.61%
/home/kalyazin.nikolay/project_diff/Dist_VMamba/VMamba/classification/cifar100_dist_train.py:759: FutureWarning: `torch.cuda.amp.autocast(args...)` is deprecated. Please use `torch.amp.autocast('cuda', args...)` instead.
  with torch.cuda.amp.autocast(enabled=amp_enabled):
Epoch [36/50] train_loss=0.9867 train_acc=96.61% val_loss=1.9389 val_acc=67.28% best=67.28% time=48.9s | throughput=1022.57 samples/s | stat_eff=0.000000 loss/sample | goodput=938.87 samples/s | cum_wall=0.50h
/home/kalyazin.nikolay/project_diff/Dist_VMamba/VMamba/classification/cifar100_dist_train.py:698: FutureWarning: `torch.cuda.amp.autocast(args...)` is deprecated. Please use `torch.amp.autocast('cuda', args...)` instead.
  with torch.cuda.amp.autocast(enabled=amp_enabled):
  step 50/781  loss=0.9626  acc@1=97.25%
  step 100/781  loss=0.9661  acc@1=97.27%
  step 150/781  loss=0.9662  acc@1=97.28%
  step 200/781  loss=0.9657  acc@1=97.19%
  step 250/781  loss=0.9658  acc@1=97.21%
  step 300/781  loss=0.9681  acc@1=97.17%
  step 350/781  loss=0.9674  acc@1=97.23%
  step 400/781  loss=0.9682  acc@1=97.18%
  step 450/781  loss=0.9688  acc@1=97.15%
  step 500/781  loss=0.9706  acc@1=97.05%
  step 550/781  loss=0.9715  acc@1=97.04%
  step 600/781  loss=0.9720  acc@1=97.03%
  step 650/781  loss=0.9728  acc@1=96.99%
  step 700/781  loss=0.9733  acc@1=96.97%
  step 750/781  loss=0.9731  acc@1=96.98%
/home/kalyazin.nikolay/project_diff/Dist_VMamba/VMamba/classification/cifar100_dist_train.py:759: FutureWarning: `torch.cuda.amp.autocast(args...)` is deprecated. Please use `torch.amp.autocast('cuda', args...)` instead.
  with torch.cuda.amp.autocast(enabled=amp_enabled):
Epoch [37/50] train_loss=0.9733 train_acc=96.98% val_loss=1.9376 val_acc=67.11% best=67.28% time=49.3s | throughput=1014.59 samples/s | stat_eff=0.000000 loss/sample | goodput=938.69 samples/s | cum_wall=0.51h
/home/kalyazin.nikolay/project_diff/Dist_VMamba/VMamba/classification/cifar100_dist_train.py:698: FutureWarning: `torch.cuda.amp.autocast(args...)` is deprecated. Please use `torch.amp.autocast('cuda', args...)` instead.
  with torch.cuda.amp.autocast(enabled=amp_enabled):
  step 50/781  loss=0.9614  acc@1=97.28%
  step 100/781  loss=0.9648  acc@1=97.17%
  step 150/781  loss=0.9634  acc@1=97.24%
  step 200/781  loss=0.9618  acc@1=97.33%
  step 250/781  loss=0.9606  acc@1=97.39%
  step 300/781  loss=0.9604  acc@1=97.40%
  step 350/781  loss=0.9593  acc@1=97.42%
  step 400/781  loss=0.9593  acc@1=97.38%
  step 450/781  loss=0.9594  acc@1=97.36%
  step 500/781  loss=0.9592  acc@1=97.39%
  step 550/781  loss=0.9597  acc@1=97.35%
  step 600/781  loss=0.9605  acc@1=97.32%
  step 650/781  loss=0.9605  acc@1=97.34%
  step 700/781  loss=0.9613  acc@1=97.32%
  step 750/781  loss=0.9617  acc@1=97.30%
/home/kalyazin.nikolay/project_diff/Dist_VMamba/VMamba/classification/cifar100_dist_train.py:759: FutureWarning: `torch.cuda.amp.autocast(args...)` is deprecated. Please use `torch.amp.autocast('cuda', args...)` instead.
  with torch.cuda.amp.autocast(enabled=amp_enabled):
Epoch [38/50] train_loss=0.9615 train_acc=97.33% val_loss=1.9281 val_acc=67.77% best=67.77% time=49.1s | throughput=1017.52 samples/s | stat_eff=0.000001 loss/sample | goodput=942.86 samples/s | cum_wall=0.52h
/home/kalyazin.nikolay/project_diff/Dist_VMamba/VMamba/classification/cifar100_dist_train.py:698: FutureWarning: `torch.cuda.amp.autocast(args...)` is deprecated. Please use `torch.amp.autocast('cuda', args...)` instead.
  with torch.cuda.amp.autocast(enabled=amp_enabled):
  step 50/781  loss=0.9512  acc@1=97.94%
  step 100/781  loss=0.9522  acc@1=97.52%
  step 150/781  loss=0.9538  acc@1=97.40%
  step 200/781  loss=0.9536  acc@1=97.37%
  step 250/781  loss=0.9545  acc@1=97.36%
  step 300/781  loss=0.9534  acc@1=97.38%
  step 350/781  loss=0.9514  acc@1=97.47%
  step 400/781  loss=0.9515  acc@1=97.48%
  step 450/781  loss=0.9518  acc@1=97.44%
  step 500/781  loss=0.9526  acc@1=97.46%
  step 550/781  loss=0.9532  acc@1=97.43%
  step 600/781  loss=0.9541  acc@1=97.39%
  step 650/781  loss=0.9541  acc@1=97.38%
  step 700/781  loss=0.9543  acc@1=97.39%
  step 750/781  loss=0.9541  acc@1=97.39%
/home/kalyazin.nikolay/project_diff/Dist_VMamba/VMamba/classification/cifar100_dist_train.py:759: FutureWarning: `torch.cuda.amp.autocast(args...)` is deprecated. Please use `torch.amp.autocast('cuda', args...)` instead.
  with torch.cuda.amp.autocast(enabled=amp_enabled):
Epoch [39/50] train_loss=0.9545 train_acc=97.40% val_loss=1.9283 val_acc=67.54% best=67.77% time=49.5s | throughput=1010.08 samples/s | stat_eff=-0.000001 loss/sample | goodput=932.26 samples/s | cum_wall=0.54h
/home/kalyazin.nikolay/project_diff/Dist_VMamba/VMamba/classification/cifar100_dist_train.py:698: FutureWarning: `torch.cuda.amp.autocast(args...)` is deprecated. Please use `torch.amp.autocast('cuda', args...)` instead.
  with torch.cuda.amp.autocast(enabled=amp_enabled):
  step 50/781  loss=0.9404  acc@1=97.56%
  step 100/781  loss=0.9408  acc@1=97.53%
  step 150/781  loss=0.9387  acc@1=97.71%
  step 200/781  loss=0.9408  acc@1=97.62%
  step 250/781  loss=0.9419  acc@1=97.56%
  step 300/781  loss=0.9408  acc@1=97.59%
  step 350/781  loss=0.9417  acc@1=97.62%
  step 400/781  loss=0.9425  acc@1=97.59%
  step 450/781  loss=0.9437  acc@1=97.55%
  step 500/781  loss=0.9442  acc@1=97.54%
  step 550/781  loss=0.9450  acc@1=97.54%
  step 600/781  loss=0.9446  acc@1=97.57%
  step 650/781  loss=0.9455  acc@1=97.54%
  step 700/781  loss=0.9451  acc@1=97.55%
  step 750/781  loss=0.9459  acc@1=97.52%
/home/kalyazin.nikolay/project_diff/Dist_VMamba/VMamba/classification/cifar100_dist_train.py:759: FutureWarning: `torch.cuda.amp.autocast(args...)` is deprecated. Please use `torch.amp.autocast('cuda', args...)` instead.
  with torch.cuda.amp.autocast(enabled=amp_enabled):
Epoch [40/50] train_loss=0.9458 train_acc=97.53% val_loss=1.9216 val_acc=67.74% best=67.77% time=49.0s | throughput=1020.46 samples/s | stat_eff=0.000001 loss/sample | goodput=944.03 samples/s | cum_wall=0.55h
Saved checkpoint: /home/kalyazin.nikolay/project_diff/Dist_VMamba/VMamba/output/cifar100_vmamba_grid/pipeline_gpu4_20260405_130145/pipeline_g4_bs64_e50/ckpt_epoch_040.pth
/home/kalyazin.nikolay/project_diff/Dist_VMamba/VMamba/classification/cifar100_dist_train.py:698: FutureWarning: `torch.cuda.amp.autocast(args...)` is deprecated. Please use `torch.amp.autocast('cuda', args...)` instead.
  with torch.cuda.amp.autocast(enabled=amp_enabled):
  step 50/781  loss=0.9327  acc@1=98.22%
  step 100/781  loss=0.9365  acc@1=98.09%
  step 150/781  loss=0.9361  acc@1=98.09%
  step 200/781  loss=0.9356  acc@1=98.03%
  step 250/781  loss=0.9365  acc@1=97.96%
  step 300/781  loss=0.9374  acc@1=97.88%
  step 350/781  loss=0.9368  acc@1=97.87%
  step 400/781  loss=0.9358  acc@1=97.90%
  step 450/781  loss=0.9351  acc@1=97.91%
  step 500/781  loss=0.9355  acc@1=97.89%
  step 550/781  loss=0.9352  acc@1=97.93%
  step 600/781  loss=0.9354  acc@1=97.90%
  step 650/781  loss=0.9353  acc@1=97.88%
  step 700/781  loss=0.9360  acc@1=97.86%
  step 750/781  loss=0.9363  acc@1=97.84%
/home/kalyazin.nikolay/project_diff/Dist_VMamba/VMamba/classification/cifar100_dist_train.py:759: FutureWarning: `torch.cuda.amp.autocast(args...)` is deprecated. Please use `torch.amp.autocast('cuda', args...)` instead.
  with torch.cuda.amp.autocast(enabled=amp_enabled):
Epoch [41/50] train_loss=0.9372 train_acc=97.80% val_loss=1.9091 val_acc=67.91% best=67.91% time=49.1s | throughput=1017.39 samples/s | stat_eff=-0.000001 loss/sample | goodput=939.14 samples/s | cum_wall=0.57h
/home/kalyazin.nikolay/project_diff/Dist_VMamba/VMamba/classification/cifar100_dist_train.py:698: FutureWarning: `torch.cuda.amp.autocast(args...)` is deprecated. Please use `torch.amp.autocast('cuda', args...)` instead.
  with torch.cuda.amp.autocast(enabled=amp_enabled):
  step 50/781  loss=0.9370  acc@1=98.00%
  step 100/781  loss=0.9343  acc@1=98.00%
  step 150/781  loss=0.9331  acc@1=98.05%
  step 200/781  loss=0.9310  acc@1=98.12%
  step 250/781  loss=0.9312  acc@1=98.14%
  step 300/781  loss=0.9308  acc@1=98.16%
  step 350/781  loss=0.9317  acc@1=98.12%
  step 400/781  loss=0.9327  acc@1=98.07%
  step 450/781  loss=0.9338  acc@1=98.00%
  step 500/781  loss=0.9333  acc@1=98.00%
  step 550/781  loss=0.9331  acc@1=97.99%
  step 600/781  loss=0.9335  acc@1=97.97%
  step 650/781  loss=0.9337  acc@1=97.93%
  step 700/781  loss=0.9344  acc@1=97.90%
  step 750/781  loss=0.9346  acc@1=97.89%
/home/kalyazin.nikolay/project_diff/Dist_VMamba/VMamba/classification/cifar100_dist_train.py:759: FutureWarning: `torch.cuda.amp.autocast(args...)` is deprecated. Please use `torch.amp.autocast('cuda', args...)` instead.
  with torch.cuda.amp.autocast(enabled=amp_enabled):
Epoch [42/50] train_loss=0.9341 train_acc=97.90% val_loss=1.9132 val_acc=68.09% best=68.09% time=48.9s | throughput=1022.53 samples/s | stat_eff=0.000001 loss/sample | goodput=942.32 samples/s | cum_wall=0.58h
/home/kalyazin.nikolay/project_diff/Dist_VMamba/VMamba/classification/cifar100_dist_train.py:698: FutureWarning: `torch.cuda.amp.autocast(args...)` is deprecated. Please use `torch.amp.autocast('cuda', args...)` instead.
  with torch.cuda.amp.autocast(enabled=amp_enabled):
  step 50/781  loss=0.9301  acc@1=98.19%
  step 100/781  loss=0.9316  acc@1=98.05%
  step 150/781  loss=0.9287  acc@1=98.15%
  step 200/781  loss=0.9276  acc@1=98.14%
  step 250/781  loss=0.9269  acc@1=98.17%
  step 300/781  loss=0.9277  acc@1=98.11%
  step 350/781  loss=0.9263  acc@1=98.17%
  step 400/781  loss=0.9259  acc@1=98.16%
  step 450/781  loss=0.9269  acc@1=98.15%
  step 500/781  loss=0.9272  acc@1=98.13%
  step 550/781  loss=0.9266  acc@1=98.14%
  step 600/781  loss=0.9263  acc@1=98.15%
  step 650/781  loss=0.9260  acc@1=98.17%
  step 700/781  loss=0.9263  acc@1=98.14%
  step 750/781  loss=0.9264  acc@1=98.13%
/home/kalyazin.nikolay/project_diff/Dist_VMamba/VMamba/classification/cifar100_dist_train.py:759: FutureWarning: `torch.cuda.amp.autocast(args...)` is deprecated. Please use `torch.amp.autocast('cuda', args...)` instead.
  with torch.cuda.amp.autocast(enabled=amp_enabled):
Epoch [43/50] train_loss=0.9264 train_acc=98.13% val_loss=1.9077 val_acc=68.03% best=68.09% time=48.8s | throughput=1024.29 samples/s | stat_eff=0.000001 loss/sample | goodput=948.87 samples/s | cum_wall=0.59h
/home/kalyazin.nikolay/project_diff/Dist_VMamba/VMamba/classification/cifar100_dist_train.py:698: FutureWarning: `torch.cuda.amp.autocast(args...)` is deprecated. Please use `torch.amp.autocast('cuda', args...)` instead.
  with torch.cuda.amp.autocast(enabled=amp_enabled):
  step 50/781  loss=0.9225  acc@1=98.03%
  step 100/781  loss=0.9253  acc@1=97.98%
  step 150/781  loss=0.9231  acc@1=98.05%
  step 200/781  loss=0.9251  acc@1=98.09%
  step 250/781  loss=0.9249  acc@1=98.05%
  step 300/781  loss=0.9247  acc@1=98.05%
  step 350/781  loss=0.9246  acc@1=98.08%
  step 400/781  loss=0.9254  acc@1=98.04%
  step 450/781  loss=0.9258  acc@1=98.02%
  step 500/781  loss=0.9255  acc@1=98.08%
  step 550/781  loss=0.9249  acc@1=98.10%
  step 600/781  loss=0.9239  acc@1=98.14%
  step 650/781  loss=0.9239  acc@1=98.14%
  step 700/781  loss=0.9237  acc@1=98.14%
  step 750/781  loss=0.9238  acc@1=98.15%
/home/kalyazin.nikolay/project_diff/Dist_VMamba/VMamba/classification/cifar100_dist_train.py:759: FutureWarning: `torch.cuda.amp.autocast(args...)` is deprecated. Please use `torch.amp.autocast('cuda', args...)` instead.
  with torch.cuda.amp.autocast(enabled=amp_enabled):
Epoch [44/50] train_loss=0.9238 train_acc=98.16% val_loss=1.9088 val_acc=68.15% best=68.15% time=48.5s | throughput=1031.14 samples/s | stat_eff=0.000000 loss/sample | goodput=951.20 samples/s | cum_wall=0.61h
/home/kalyazin.nikolay/project_diff/Dist_VMamba/VMamba/classification/cifar100_dist_train.py:698: FutureWarning: `torch.cuda.amp.autocast(args...)` is deprecated. Please use `torch.amp.autocast('cuda', args...)` instead.
  with torch.cuda.amp.autocast(enabled=amp_enabled):
  step 50/781  loss=0.9226  acc@1=98.25%
  step 100/781  loss=0.9232  acc@1=98.17%
  step 150/781  loss=0.9218  acc@1=98.26%
  step 200/781  loss=0.9218  acc@1=98.27%
  step 250/781  loss=0.9207  acc@1=98.23%
  step 300/781  loss=0.9203  acc@1=98.21%
  step 350/781  loss=0.9197  acc@1=98.24%
  step 400/781  loss=0.9195  acc@1=98.25%
  step 450/781  loss=0.9204  acc@1=98.19%
  step 500/781  loss=0.9195  acc@1=98.22%
  step 550/781  loss=0.9194  acc@1=98.24%
  step 600/781  loss=0.9196  acc@1=98.23%
  step 650/781  loss=0.9196  acc@1=98.24%
  step 700/781  loss=0.9196  acc@1=98.25%
  step 750/781  loss=0.9188  acc@1=98.29%
/home/kalyazin.nikolay/project_diff/Dist_VMamba/VMamba/classification/cifar100_dist_train.py:759: FutureWarning: `torch.cuda.amp.autocast(args...)` is deprecated. Please use `torch.amp.autocast('cuda', args...)` instead.
  with torch.cuda.amp.autocast(enabled=amp_enabled):
Epoch [45/50] train_loss=0.9187 train_acc=98.30% val_loss=1.9052 val_acc=68.15% best=68.15% time=49.0s | throughput=1020.21 samples/s | stat_eff=0.000000 loss/sample | goodput=942.57 samples/s | cum_wall=0.62h
/home/kalyazin.nikolay/project_diff/Dist_VMamba/VMamba/classification/cifar100_dist_train.py:698: FutureWarning: `torch.cuda.amp.autocast(args...)` is deprecated. Please use `torch.amp.autocast('cuda', args...)` instead.
  with torch.cuda.amp.autocast(enabled=amp_enabled):
  step 50/781  loss=0.9143  acc@1=98.50%
  step 100/781  loss=0.9128  acc@1=98.62%
  step 150/781  loss=0.9122  acc@1=98.61%
  step 200/781  loss=0.9127  acc@1=98.55%
  step 250/781  loss=0.9121  acc@1=98.54%
  step 300/781  loss=0.9129  acc@1=98.48%
  step 350/781  loss=0.9139  acc@1=98.43%
  step 400/781  loss=0.9143  acc@1=98.42%
  step 450/781  loss=0.9142  acc@1=98.41%
  step 500/781  loss=0.9143  acc@1=98.40%
  step 550/781  loss=0.9144  acc@1=98.41%
  step 600/781  loss=0.9143  acc@1=98.42%
  step 650/781  loss=0.9151  acc@1=98.41%
  step 700/781  loss=0.9150  acc@1=98.41%
  step 750/781  loss=0.9152  acc@1=98.41%
/home/kalyazin.nikolay/project_diff/Dist_VMamba/VMamba/classification/cifar100_dist_train.py:759: FutureWarning: `torch.cuda.amp.autocast(args...)` is deprecated. Please use `torch.amp.autocast('cuda', args...)` instead.
  with torch.cuda.amp.autocast(enabled=amp_enabled):
Epoch [46/50] train_loss=0.9155 train_acc=98.40% val_loss=1.9020 val_acc=68.14% best=68.15% time=48.6s | throughput=1027.60 samples/s | stat_eff=0.000002 loss/sample | goodput=949.61 samples/s | cum_wall=0.63h
/home/kalyazin.nikolay/project_diff/Dist_VMamba/VMamba/classification/cifar100_dist_train.py:698: FutureWarning: `torch.cuda.amp.autocast(args...)` is deprecated. Please use `torch.amp.autocast('cuda', args...)` instead.
  with torch.cuda.amp.autocast(enabled=amp_enabled):
  step 50/781  loss=0.9143  acc@1=98.41%
  step 100/781  loss=0.9137  acc@1=98.42%
  step 150/781  loss=0.9161  acc@1=98.28%
  step 200/781  loss=0.9141  acc@1=98.34%
  step 250/781  loss=0.9135  acc@1=98.37%
  step 300/781  loss=0.9152  acc@1=98.32%
  step 350/781  loss=0.9149  acc@1=98.39%
  step 400/781  loss=0.9143  acc@1=98.40%
  step 450/781  loss=0.9131  acc@1=98.47%
  step 500/781  loss=0.9134  acc@1=98.44%
  step 550/781  loss=0.9133  acc@1=98.42%
  step 600/781  loss=0.9133  acc@1=98.42%
  step 650/781  loss=0.9132  acc@1=98.43%
  step 700/781  loss=0.9134  acc@1=98.43%
  step 750/781  loss=0.9134  acc@1=98.43%
/home/kalyazin.nikolay/project_diff/Dist_VMamba/VMamba/classification/cifar100_dist_train.py:759: FutureWarning: `torch.cuda.amp.autocast(args...)` is deprecated. Please use `torch.amp.autocast('cuda', args...)` instead.
  with torch.cuda.amp.autocast(enabled=amp_enabled):
Epoch [47/50] train_loss=0.9136 train_acc=98.42% val_loss=1.9018 val_acc=68.15% best=68.15% time=48.7s | throughput=1026.92 samples/s | stat_eff=0.000001 loss/sample | goodput=946.69 samples/s | cum_wall=0.65h
/home/kalyazin.nikolay/project_diff/Dist_VMamba/VMamba/classification/cifar100_dist_train.py:698: FutureWarning: `torch.cuda.amp.autocast(args...)` is deprecated. Please use `torch.amp.autocast('cuda', args...)` instead.
  with torch.cuda.amp.autocast(enabled=amp_enabled):
  step 50/781  loss=0.9127  acc@1=98.50%
  step 100/781  loss=0.9122  acc@1=98.55%
  step 150/781  loss=0.9115  acc@1=98.57%
  step 200/781  loss=0.9094  acc@1=98.63%
  step 250/781  loss=0.9093  acc@1=98.62%
  step 300/781  loss=0.9114  acc@1=98.56%
  step 350/781  loss=0.9118  acc@1=98.50%
  step 400/781  loss=0.9119  acc@1=98.48%
  step 450/781  loss=0.9122  acc@1=98.47%
  step 500/781  loss=0.9117  acc@1=98.47%
  step 550/781  loss=0.9124  acc@1=98.45%
  step 600/781  loss=0.9125  acc@1=98.45%
  step 650/781  loss=0.9127  acc@1=98.42%
  step 700/781  loss=0.9129  acc@1=98.41%
  step 750/781  loss=0.9128  acc@1=98.42%
/home/kalyazin.nikolay/project_diff/Dist_VMamba/VMamba/classification/cifar100_dist_train.py:759: FutureWarning: `torch.cuda.amp.autocast(args...)` is deprecated. Please use `torch.amp.autocast('cuda', args...)` instead.
  with torch.cuda.amp.autocast(enabled=amp_enabled):
Epoch [48/50] train_loss=0.9128 train_acc=98.41% val_loss=1.9006 val_acc=68.16% best=68.16% time=49.1s | throughput=1017.02 samples/s | stat_eff=-0.000000 loss/sample | goodput=936.22 samples/s | cum_wall=0.66h
/home/kalyazin.nikolay/project_diff/Dist_VMamba/VMamba/classification/cifar100_dist_train.py:698: FutureWarning: `torch.cuda.amp.autocast(args...)` is deprecated. Please use `torch.amp.autocast('cuda', args...)` instead.
  with torch.cuda.amp.autocast(enabled=amp_enabled):
  step 50/781  loss=0.9117  acc@1=98.62%
  step 100/781  loss=0.9098  acc@1=98.72%
  step 150/781  loss=0.9111  acc@1=98.62%
  step 200/781  loss=0.9123  acc@1=98.55%
  step 250/781  loss=0.9106  acc@1=98.55%
  step 300/781  loss=0.9090  acc@1=98.61%
  step 350/781  loss=0.9082  acc@1=98.62%
  step 400/781  loss=0.9088  acc@1=98.60%
  step 450/781  loss=0.9091  acc@1=98.57%
  step 500/781  loss=0.9106  acc@1=98.50%
  step 550/781  loss=0.9109  acc@1=98.48%
  step 600/781  loss=0.9120  acc@1=98.43%
  step 650/781  loss=0.9127  acc@1=98.42%
  step 700/781  loss=0.9125  acc@1=98.41%
  step 750/781  loss=0.9127  acc@1=98.41%
/home/kalyazin.nikolay/project_diff/Dist_VMamba/VMamba/classification/cifar100_dist_train.py:759: FutureWarning: `torch.cuda.amp.autocast(args...)` is deprecated. Please use `torch.amp.autocast('cuda', args...)` instead.
  with torch.cuda.amp.autocast(enabled=amp_enabled):
Epoch [49/50] train_loss=0.9128 train_acc=98.41% val_loss=1.9011 val_acc=68.13% best=68.16% time=49.0s | throughput=1020.83 samples/s | stat_eff=-0.000001 loss/sample | goodput=944.54 samples/s | cum_wall=0.67h
/home/kalyazin.nikolay/project_diff/Dist_VMamba/VMamba/classification/cifar100_dist_train.py:698: FutureWarning: `torch.cuda.amp.autocast(args...)` is deprecated. Please use `torch.amp.autocast('cuda', args...)` instead.
  with torch.cuda.amp.autocast(enabled=amp_enabled):
  step 50/781  loss=0.9115  acc@1=98.44%
  step 100/781  loss=0.9079  acc@1=98.67%
  step 150/781  loss=0.9101  acc@1=98.65%
  step 200/781  loss=0.9123  acc@1=98.50%
  step 250/781  loss=0.9107  acc@1=98.56%
  step 300/781  loss=0.9102  acc@1=98.57%
  step 350/781  loss=0.9096  acc@1=98.60%
  step 400/781  loss=0.9094  acc@1=98.61%
  step 450/781  loss=0.9106  acc@1=98.53%
  step 500/781  loss=0.9107  acc@1=98.55%
  step 550/781  loss=0.9114  acc@1=98.51%
  step 600/781  loss=0.9107  acc@1=98.52%
  step 650/781  loss=0.9107  acc@1=98.49%
  step 700/781  loss=0.9112  acc@1=98.49%
  step 750/781  loss=0.9113  acc@1=98.49%
/home/kalyazin.nikolay/project_diff/Dist_VMamba/VMamba/classification/cifar100_dist_train.py:759: FutureWarning: `torch.cuda.amp.autocast(args...)` is deprecated. Please use `torch.amp.autocast('cuda', args...)` instead.
  with torch.cuda.amp.autocast(enabled=amp_enabled):
Epoch [50/50] train_loss=0.9115 train_acc=98.48% val_loss=1.9007 val_acc=68.25% best=68.25% time=49.1s | throughput=1018.43 samples/s | stat_eff=0.000000 loss/sample | goodput=936.08 samples/s | cum_wall=0.69h
Saved checkpoint: /home/kalyazin.nikolay/project_diff/Dist_VMamba/VMamba/output/cifar100_vmamba_grid/pipeline_gpu4_20260405_130145/pipeline_g4_bs64_e50/ckpt_epoch_050.pth
